[0.037s] Invoking command in '/home/ros2_ws/build/vision_cone_detector': CMAKE_PREFIX_PATH=${CMAKE_PREFIX_PATH}:/opt/ros/jazzy /usr/bin/cmake --build /home/ros2_ws/build/vision_cone_detector -- -j8 -l8
[0.092s] Invoked command in '/home/ros2_ws/build/vision_cone_detector' returned '0': CMAKE_PREFIX_PATH=${CMAKE_PREFIX_PATH}:/opt/ros/jazzy /usr/bin/cmake --build /home/ros2_ws/build/vision_cone_detector -- -j8 -l8
[0.124s] Invoking command in '/home/ros2_ws/build/vision_cone_detector': CMAKE_PREFIX_PATH=${CMAKE_PREFIX_PATH}:/opt/ros/jazzy /usr/bin/cmake --install /home/ros2_ws/build/vision_cone_detector
[0.135s] -- Install configuration: ""
[0.136s] -- Execute custom install script
[0.136s] -- Up-to-date symlink: /home/ros2_ws/install/vision_cone_detector/share/ament_index/resource_index/package_run_dependencies/vision_cone_detector
[0.137s] -- Up-to-date symlink: /home/ros2_ws/install/vision_cone_detector/share/ament_index/resource_index/parent_prefix_path/vision_cone_detector
[0.137s] -- Up-to-date symlink: /home/ros2_ws/install/vision_cone_detector/share/vision_cone_detector/environment/ament_prefix_path.sh
[0.137s] -- Up-to-date symlink: /home/ros2_ws/install/vision_cone_detector/share/vision_cone_detector/environment/ament_prefix_path.dsv
[0.138s] -- Up-to-date symlink: /home/ros2_ws/install/vision_cone_detector/share/vision_cone_detector/environment/path.sh
[0.138s] -- Up-to-date symlink: /home/ros2_ws/install/vision_cone_detector/share/vision_cone_detector/environment/path.dsv
[0.139s] -- Up-to-date symlink: /home/ros2_ws/install/vision_cone_detector/share/vision_cone_detector/local_setup.bash
[0.140s] -- Up-to-date symlink: /home/ros2_ws/install/vision_cone_detector/share/vision_cone_detector/local_setup.sh
[0.141s] -- Up-to-date symlink: /home/ros2_ws/install/vision_cone_detector/share/vision_cone_detector/local_setup.zsh
[0.142s] -- Up-to-date symlink: /home/ros2_ws/install/vision_cone_detector/share/vision_cone_detector/local_setup.dsv
[0.142s] -- Up-to-date symlink: /home/ros2_ws/install/vision_cone_detector/share/vision_cone_detector/package.dsv
[0.143s] -- Up-to-date symlink: /home/ros2_ws/install/vision_cone_detector/share/ament_index/resource_index/packages/vision_cone_detector
[0.143s] -- Up-to-date symlink: /home/ros2_ws/install/vision_cone_detector/share/vision_cone_detector/cmake/vision_cone_detectorConfig.cmake
[0.144s] -- Up-to-date symlink: /home/ros2_ws/install/vision_cone_detector/share/vision_cone_detector/cmake/vision_cone_detectorConfig-version.cmake
[0.145s] -- Up-to-date symlink: /home/ros2_ws/install/vision_cone_detector/share/vision_cone_detector/package.xml
[0.156s] Invoked command in '/home/ros2_ws/build/vision_cone_detector' returned '0': CMAKE_PREFIX_PATH=${CMAKE_PREFIX_PATH}:/opt/ros/jazzy /usr/bin/cmake --install /home/ros2_ws/build/vision_cone_detector
