[0.096s] Invoking command in '/home/ros2_ws/build/mfe_mapping': CMAKE_PREFIX_PATH=${CMAKE_PREFIX_PATH}:/opt/ros/jazzy /usr/bin/cmake --build /home/ros2_ws/build/mfe_mapping -- -j8 -l8
[0.336s] Invoked command in '/home/ros2_ws/build/mfe_mapping' returned '0': CMAKE_PREFIX_PATH=${CMAKE_PREFIX_PATH}:/opt/ros/jazzy /usr/bin/cmake --build /home/ros2_ws/build/mfe_mapping -- -j8 -l8
[0.568s] Invoking command in '/home/ros2_ws/build/mfe_mapping': CMAKE_PREFIX_PATH=${CMAKE_PREFIX_PATH}:/opt/ros/jazzy /usr/bin/cmake --install /home/ros2_ws/build/mfe_mapping
[0.745s] -- Install configuration: ""
[0.752s] -- Execute custom install script
[0.753s] -- Up-to-date symlink: /home/ros2_ws/install/mfe_mapping/share/ament_index/resource_index/package_run_dependencies/mfe_mapping
[0.783s] -- Up-to-date symlink: /home/ros2_ws/install/mfe_mapping/share/ament_index/resource_index/parent_prefix_path/mfe_mapping
[0.786s] -- Up-to-date symlink: /home/ros2_ws/install/mfe_mapping/share/mfe_mapping/environment/ament_prefix_path.sh
[0.787s] -- Up-to-date symlink: /home/ros2_ws/install/mfe_mapping/share/mfe_mapping/environment/ament_prefix_path.dsv
[0.789s] -- Up-to-date symlink: /home/ros2_ws/install/mfe_mapping/share/mfe_mapping/environment/path.sh
[0.793s] -- Up-to-date symlink: /home/ros2_ws/install/mfe_mapping/share/mfe_mapping/environment/path.dsv
[0.799s] -- Up-to-date symlink: /home/ros2_ws/install/mfe_mapping/share/mfe_mapping/local_setup.bash
[0.800s] -- Up-to-date symlink: /home/ros2_ws/install/mfe_mapping/share/mfe_mapping/local_setup.sh
[0.800s] -- Up-to-date symlink: /home/ros2_ws/install/mfe_mapping/share/mfe_mapping/local_setup.zsh
[0.802s] -- Up-to-date symlink: /home/ros2_ws/install/mfe_mapping/share/mfe_mapping/local_setup.dsv
[0.804s] -- Symlinking: /home/ros2_ws/install/mfe_mapping/share/mfe_mapping/package.dsv
[0.826s] -- Up-to-date symlink: /home/ros2_ws/install/mfe_mapping/share/ament_index/resource_index/packages/mfe_mapping
[0.826s] -- Up-to-date symlink: /home/ros2_ws/install/mfe_mapping/share/mfe_mapping/cmake/mfe_mappingConfig.cmake
[0.826s] -- Up-to-date symlink: /home/ros2_ws/install/mfe_mapping/share/mfe_mapping/cmake/mfe_mappingConfig-version.cmake
[0.827s] -- Up-to-date symlink: /home/ros2_ws/install/mfe_mapping/share/mfe_mapping/package.xml
[0.864s] Invoked command in '/home/ros2_ws/build/mfe_mapping' returned '0': CMAKE_PREFIX_PATH=${CMAKE_PREFIX_PATH}:/opt/ros/jazzy /usr/bin/cmake --install /home/ros2_ws/build/mfe_mapping
