[0.062s] Invoking command in '/home/ros2_ws/build/mfe_navigation': CMAKE_PREFIX_PATH=${CMAKE_PREFIX_PATH}:/opt/ros/jazzy /usr/bin/cmake /home/ros2_ws/ros2/src/mfe_navigation -DAMENT_CMAKE_SYMLINK_INSTALL=1 -DCMAKE_INSTALL_PREFIX=/home/ros2_ws/install/mfe_navigation
[2.898s] -- The C compiler identification is GNU 13.3.0
[3.686s] -- The CXX compiler identification is GNU 13.3.0
[3.940s] -- Detecting C compiler ABI info
[4.769s] -- Detecting C compiler ABI info - done
[4.824s] -- Check for working C compiler: /usr/bin/cc - skipped
[4.827s] -- Detecting C compile features
[4.834s] -- Detecting C compile features - done
[4.892s] -- Detecting CXX compiler ABI info
[5.771s] -- Detecting CXX compiler ABI info - done
[5.899s] -- Check for working CXX compiler: /usr/bin/c++ - skipped
[5.900s] -- Detecting CXX compile features
[5.913s] -- Detecting CXX compile features - done
[6.030s] -- Found ament_cmake: 2.5.2 (/opt/ros/jazzy/share/ament_cmake/cmake)
[7.192s] -- Found Python3: /usr/bin/python3 (found version "3.12.3") found components: Interpreter 
[8.023s] -- Override CMake install command with custom implementation using symlinks instead of copying resources
[8.418s] -- Found ament_lint_auto: 0.17.1 (/opt/ros/jazzy/share/ament_lint_auto/cmake)
[9.319s] -- Added test 'copyright' to check source files copyright and LICENSE
[9.335s] -- Added test 'lint_cmake' to check CMake code style
[9.344s] -- Added test 'xmllint' to check XML markup files
[9.356s] -- Configuring done (8.9s)
[9.448s] -- Generating done (0.0s)
[9.501s] -- Build files have been written to: /home/ros2_ws/build/mfe_navigation
[9.539s] Invoked command in '/home/ros2_ws/build/mfe_navigation' returned '0': CMAKE_PREFIX_PATH=${CMAKE_PREFIX_PATH}:/opt/ros/jazzy /usr/bin/cmake /home/ros2_ws/ros2/src/mfe_navigation -DAMENT_CMAKE_SYMLINK_INSTALL=1 -DCMAKE_INSTALL_PREFIX=/home/ros2_ws/install/mfe_navigation
[9.545s] Invoking command in '/home/ros2_ws/build/mfe_navigation': CMAKE_PREFIX_PATH=${CMAKE_PREFIX_PATH}:/opt/ros/jazzy /usr/bin/cmake --build /home/ros2_ws/build/mfe_navigation -- -j8 -l8
[9.885s] Invoked command in '/home/ros2_ws/build/mfe_navigation' returned '0': CMAKE_PREFIX_PATH=${CMAKE_PREFIX_PATH}:/opt/ros/jazzy /usr/bin/cmake --build /home/ros2_ws/build/mfe_navigation -- -j8 -l8
[10.049s] Invoking command in '/home/ros2_ws/build/mfe_navigation': CMAKE_PREFIX_PATH=${CMAKE_PREFIX_PATH}:/opt/ros/jazzy /usr/bin/cmake --install /home/ros2_ws/build/mfe_navigation
[11.181s] -- Install configuration: ""
[11.181s] -- Execute custom install script
[11.190s] -- Symlinking: /home/ros2_ws/install/mfe_navigation/share/ament_index/resource_index/package_run_dependencies/mfe_navigation
[11.191s] -- Symlinking: /home/ros2_ws/install/mfe_navigation/share/ament_index/resource_index/parent_prefix_path/mfe_navigation
[11.192s] -- Symlinking: /home/ros2_ws/install/mfe_navigation/share/mfe_navigation/environment/ament_prefix_path.sh
[11.192s] -- Symlinking: /home/ros2_ws/install/mfe_navigation/share/mfe_navigation/environment/ament_prefix_path.dsv
[11.194s] -- Symlinking: /home/ros2_ws/install/mfe_navigation/share/mfe_navigation/environment/path.sh
[11.195s] -- Symlinking: /home/ros2_ws/install/mfe_navigation/share/mfe_navigation/environment/path.dsv
[11.195s] -- Symlinking: /home/ros2_ws/install/mfe_navigation/share/mfe_navigation/local_setup.bash
[11.197s] -- Symlinking: /home/ros2_ws/install/mfe_navigation/share/mfe_navigation/local_setup.sh
[11.198s] -- Symlinking: /home/ros2_ws/install/mfe_navigation/share/mfe_navigation/local_setup.zsh
[11.198s] -- Symlinking: /home/ros2_ws/install/mfe_navigation/share/mfe_navigation/local_setup.dsv
[11.200s] -- Symlinking: /home/ros2_ws/install/mfe_navigation/share/mfe_navigation/package.dsv
[11.201s] -- Symlinking: /home/ros2_ws/install/mfe_navigation/share/ament_index/resource_index/packages/mfe_navigation
[11.201s] -- Symlinking: /home/ros2_ws/install/mfe_navigation/share/mfe_navigation/cmake/mfe_navigationConfig.cmake
[11.201s] -- Symlinking: /home/ros2_ws/install/mfe_navigation/share/mfe_navigation/cmake/mfe_navigationConfig-version.cmake
[11.202s] -- Symlinking: /home/ros2_ws/install/mfe_navigation/share/mfe_navigation/package.xml
[11.239s] Invoked command in '/home/ros2_ws/build/mfe_navigation' returned '0': CMAKE_PREFIX_PATH=${CMAKE_PREFIX_PATH}:/opt/ros/jazzy /usr/bin/cmake --install /home/ros2_ws/build/mfe_navigation
