[0.184s] Invoking command in '/home/ros2_ws/build/mfe_simulation': CMAKE_PREFIX_PATH=${CMAKE_PREFIX_PATH}:/opt/ros/jazzy /usr/bin/cmake --build /home/ros2_ws/build/mfe_simulation -- -j8 -l8
[0.320s] Invoked command in '/home/ros2_ws/build/mfe_simulation' returned '0': CMAKE_PREFIX_PATH=${CMAKE_PREFIX_PATH}:/opt/ros/jazzy /usr/bin/cmake --build /home/ros2_ws/build/mfe_simulation -- -j8 -l8
[0.340s] Invoking command in '/home/ros2_ws/build/mfe_simulation': CMAKE_PREFIX_PATH=${CMAKE_PREFIX_PATH}:/opt/ros/jazzy /usr/bin/cmake --install /home/ros2_ws/build/mfe_simulation
[0.348s] -- Install configuration: ""
[0.384s] -- Execute custom install script
[0.385s] -- Up-to-date symlink: /home/ros2_ws/install/mfe_simulation/share/ament_index/resource_index/package_run_dependencies/mfe_simulation
[0.385s] -- Up-to-date symlink: /home/ros2_ws/install/mfe_simulation/share/ament_index/resource_index/parent_prefix_path/mfe_simulation
[0.385s] -- Up-to-date symlink: /home/ros2_ws/install/mfe_simulation/share/mfe_simulation/environment/ament_prefix_path.sh
[0.385s] -- Up-to-date symlink: /home/ros2_ws/install/mfe_simulation/share/mfe_simulation/environment/ament_prefix_path.dsv
[0.386s] -- Up-to-date symlink: /home/ros2_ws/install/mfe_simulation/share/mfe_simulation/environment/path.sh
[0.386s] -- Up-to-date symlink: /home/ros2_ws/install/mfe_simulation/share/mfe_simulation/environment/path.dsv
[0.386s] -- Up-to-date symlink: /home/ros2_ws/install/mfe_simulation/share/mfe_simulation/local_setup.bash
[0.386s] -- Up-to-date symlink: /home/ros2_ws/install/mfe_simulation/share/mfe_simulation/local_setup.sh
[0.386s] -- Up-to-date symlink: /home/ros2_ws/install/mfe_simulation/share/mfe_simulation/local_setup.zsh
[0.386s] -- Up-to-date symlink: /home/ros2_ws/install/mfe_simulation/share/mfe_simulation/local_setup.dsv
[0.386s] -- Symlinking: /home/ros2_ws/install/mfe_simulation/share/mfe_simulation/package.dsv
[0.396s] -- Up-to-date symlink: /home/ros2_ws/install/mfe_simulation/share/ament_index/resource_index/packages/mfe_simulation
[0.396s] -- Up-to-date symlink: /home/ros2_ws/install/mfe_simulation/share/mfe_simulation/cmake/mfe_simulationConfig.cmake
[0.396s] -- Up-to-date symlink: /home/ros2_ws/install/mfe_simulation/share/mfe_simulation/cmake/mfe_simulationConfig-version.cmake
[0.396s] -- Up-to-date symlink: /home/ros2_ws/install/mfe_simulation/share/mfe_simulation/package.xml
[0.399s] Invoked command in '/home/ros2_ws/build/mfe_simulation' returned '0': CMAKE_PREFIX_PATH=${CMAKE_PREFIX_PATH}:/opt/ros/jazzy /usr/bin/cmake --install /home/ros2_ws/build/mfe_simulation
