[0.045s] Invoking command in '/home/ros2_ws/build/mfe': CMAKE_PREFIX_PATH=${CMAKE_PREFIX_PATH}:/opt/ros/jazzy /usr/bin/cmake --build /home/ros2_ws/build/mfe -- -j8 -l8
[0.322s] Invoked command in '/home/ros2_ws/build/mfe' returned '0': CMAKE_PREFIX_PATH=${CMAKE_PREFIX_PATH}:/opt/ros/jazzy /usr/bin/cmake --build /home/ros2_ws/build/mfe -- -j8 -l8
[0.530s] Invoking command in '/home/ros2_ws/build/mfe': CMAKE_PREFIX_PATH=${CMAKE_PREFIX_PATH}:/opt/ros/jazzy /usr/bin/cmake --install /home/ros2_ws/build/mfe
[0.591s] -- Install configuration: ""
[0.605s] -- Execute custom install script
[0.606s] -- Up-to-date symlink: /home/ros2_ws/install/mfe/share/ament_index/resource_index/package_run_dependencies/mfe
[0.615s] -- Up-to-date symlink: /home/ros2_ws/install/mfe/share/ament_index/resource_index/parent_prefix_path/mfe
[0.622s] -- Up-to-date symlink: /home/ros2_ws/install/mfe/share/mfe/environment/ament_prefix_path.sh
[0.623s] -- Up-to-date symlink: /home/ros2_ws/install/mfe/share/mfe/environment/ament_prefix_path.dsv
[0.623s] -- Up-to-date symlink: /home/ros2_ws/install/mfe/share/mfe/environment/path.sh
[0.642s] -- Up-to-date symlink: /home/ros2_ws/install/mfe/share/mfe/environment/path.dsv
[0.644s] -- Up-to-date symlink: /home/ros2_ws/install/mfe/share/mfe/local_setup.bash
[0.647s] -- Up-to-date symlink: /home/ros2_ws/install/mfe/share/mfe/local_setup.sh
[0.657s] -- Up-to-date symlink: /home/ros2_ws/install/mfe/share/mfe/local_setup.zsh
[0.659s] -- Up-to-date symlink: /home/ros2_ws/install/mfe/share/mfe/local_setup.dsv
[0.661s] -- Symlinking: /home/ros2_ws/install/mfe/share/mfe/package.dsv
[0.740s] -- Up-to-date symlink: /home/ros2_ws/install/mfe/share/ament_index/resource_index/packages/mfe
[0.741s] -- Up-to-date symlink: /home/ros2_ws/install/mfe/share/mfe/cmake/mfeConfig.cmake
[0.742s] -- Up-to-date symlink: /home/ros2_ws/install/mfe/share/mfe/cmake/mfeConfig-version.cmake
[0.743s] -- Up-to-date symlink: /home/ros2_ws/install/mfe/share/mfe/package.xml
[0.778s] Invoked command in '/home/ros2_ws/build/mfe' returned '0': CMAKE_PREFIX_PATH=${CMAKE_PREFIX_PATH}:/opt/ros/jazzy /usr/bin/cmake --install /home/ros2_ws/build/mfe
