[0.039s] Invoking command in '/home/ros2_ws/build/mfe_navigation': /usr/bin/cmake --build /home/ros2_ws/build/mfe_navigation -- -j8 -l8
[0.116s] Invoked command in '/home/ros2_ws/build/mfe_navigation' returned '0': /usr/bin/cmake --build /home/ros2_ws/build/mfe_navigation -- -j8 -l8
[0.159s] Invoking command in '/home/ros2_ws/build/mfe_navigation': /usr/bin/cmake --install /home/ros2_ws/build/mfe_navigation
[0.183s] -- Install configuration: ""
[0.183s] -- Execute custom install script
[0.183s] -- Up-to-date symlink: /home/ros2_ws/install/mfe_navigation/share/ament_index/resource_index/package_run_dependencies/mfe_navigation
[0.184s] -- Up-to-date symlink: /home/ros2_ws/install/mfe_navigation/share/ament_index/resource_index/parent_prefix_path/mfe_navigation
[0.184s] -- Up-to-date symlink: /home/ros2_ws/install/mfe_navigation/share/mfe_navigation/environment/ament_prefix_path.sh
[0.189s] -- Up-to-date symlink: /home/ros2_ws/install/mfe_navigation/share/mfe_navigation/environment/ament_prefix_path.dsv
[0.189s] -- Up-to-date symlink: /home/ros2_ws/install/mfe_navigation/share/mfe_navigation/environment/path.sh
[0.190s] -- Up-to-date symlink: /home/ros2_ws/install/mfe_navigation/share/mfe_navigation/environment/path.dsv
[0.190s] -- Up-to-date symlink: /home/ros2_ws/install/mfe_navigation/share/mfe_navigation/local_setup.bash
[0.190s] -- Up-to-date symlink: /home/ros2_ws/install/mfe_navigation/share/mfe_navigation/local_setup.sh
[0.190s] -- Up-to-date symlink: /home/ros2_ws/install/mfe_navigation/share/mfe_navigation/local_setup.zsh
[0.191s] -- Up-to-date symlink: /home/ros2_ws/install/mfe_navigation/share/mfe_navigation/local_setup.dsv
[0.191s] -- Symlinking: /home/ros2_ws/install/mfe_navigation/share/mfe_navigation/package.dsv
[0.197s] -- Up-to-date symlink: /home/ros2_ws/install/mfe_navigation/share/ament_index/resource_index/packages/mfe_navigation
[0.197s] -- Up-to-date symlink: /home/ros2_ws/install/mfe_navigation/share/mfe_navigation/cmake/mfe_navigationConfig.cmake
[0.198s] -- Up-to-date symlink: /home/ros2_ws/install/mfe_navigation/share/mfe_navigation/cmake/mfe_navigationConfig-version.cmake
[0.199s] -- Up-to-date symlink: /home/ros2_ws/install/mfe_navigation/share/mfe_navigation/package.xml
[0.245s] Invoked command in '/home/ros2_ws/build/mfe_navigation' returned '0': /usr/bin/cmake --install /home/ros2_ws/build/mfe_navigation
