[0.028s] Invoking command in '/home/ros2_ws/build/mfe_msgs': /usr/bin/cmake /home/ros2_ws/ros2/src/mfe_msgs -DCMAKE_INSTALL_PREFIX=/home/ros2_ws/install/mfe_msgs
[0.054s] -- Found ament_cmake: 2.5.2 (/opt/ros/jazzy/share/ament_cmake/cmake)
[0.150s] Traceback (most recent call last):
[0.150s]   File "/opt/ros/jazzy/share/ament_cmake_core/cmake/package_templates/templates_2_cmake.py", line 21, in <module>
[0.150s]     from ament_package.templates import get_environment_hook_template_path
[0.150s] ModuleNotFoundError: No module named 'ament_package'
[0.156s] [31mCMake Error at /opt/ros/jazzy/share/ament_cmake_core/cmake/ament_cmake_package_templates-extras.cmake:41 (message):
[0.156s]   execute_process(/usr/bin/python3
[0.156s]   /opt/ros/jazzy/share/ament_cmake_core/cmake/package_templates/templates_2_cmake.py
[0.156s]   /home/ros2_ws/build/mfe_msgs/ament_cmake_package_templates/templates.cmake)
[0.157s]   returned error code 1
[0.157s] Call Stack (most recent call first):
[0.157s]   /opt/ros/jazzy/share/ament_cmake_core/cmake/ament_cmake_coreConfig.cmake:41 (include)
[0.157s]   /opt/ros/jazzy/share/ament_cmake/cmake/ament_cmake_export_dependencies-extras.cmake:15 (find_package)
[0.157s]   /opt/ros/jazzy/share/ament_cmake/cmake/ament_cmakeConfig.cmake:41 (include)
[0.157s]   CMakeLists.txt:19 (find_package)
[0.158s] 
[0.158s] [0m
[0.158s] -- Configuring incomplete, errors occurred!
[0.165s] Invoked command in '/home/ros2_ws/build/mfe_msgs' returned '1': /usr/bin/cmake /home/ros2_ws/ros2/src/mfe_msgs -DCMAKE_INSTALL_PREFIX=/home/ros2_ws/install/mfe_msgs
