[0.026s] Invoking command in '/home/ros2_ws/build/lidar_cone_detector': /usr/bin/cmake /home/ros2_ws/ros2/src/mfe_perception/lidar_cone_detector -DAMENT_CMAKE_SYMLINK_INSTALL=1 -DCMAKE_INSTALL_PREFIX=/home/ros2_ws/install/lidar_cone_detector
[0.060s] -- Found ament_cmake: 2.5.2 (/opt/ros/jazzy/share/ament_cmake/cmake)
[0.384s] Traceback (most recent call last):
[0.385s]   File "/opt/ros/jazzy/share/ament_cmake_core/cmake/package_templates/templates_2_cmake.py", line 21, in <module>
[0.385s]     from ament_package.templates import get_environment_hook_template_path
[0.385s] ModuleNotFoundError: No module named 'ament_package'
[0.395s] [31mCMake Error at /opt/ros/jazzy/share/ament_cmake_core/cmake/ament_cmake_package_templates-extras.cmake:41 (message):
[0.396s]   execute_process(/usr/bin/python3
[0.397s]   /opt/ros/jazzy/share/ament_cmake_core/cmake/package_templates/templates_2_cmake.py
[0.398s]   /home/ros2_ws/build/lidar_cone_detector/ament_cmake_package_templates/templates.cmake)
[0.398s]   returned error code 1
[0.399s] Call Stack (most recent call first):
[0.400s]   /opt/ros/jazzy/share/ament_cmake_core/cmake/ament_cmake_coreConfig.cmake:41 (include)
[0.400s]   /opt/ros/jazzy/share/ament_cmake/cmake/ament_cmake_export_dependencies-extras.cmake:15 (find_package)
[0.401s]   /opt/ros/jazzy/share/ament_cmake/cmake/ament_cmakeConfig.cmake:41 (include)
[0.401s]   CMakeLists.txt:9 (find_package)
[0.402s] 
[0.403s] [0m
[0.403s] -- Configuring incomplete, errors occurred!
[0.419s] Invoked command in '/home/ros2_ws/build/lidar_cone_detector' returned '1': /usr/bin/cmake /home/ros2_ws/ros2/src/mfe_perception/lidar_cone_detector -DAMENT_CMAKE_SYMLINK_INSTALL=1 -DCMAKE_INSTALL_PREFIX=/home/ros2_ws/install/lidar_cone_detector
