[0.047s] Invoking command in '/home/ros2_ws/build/mfe_base': CMAKE_PREFIX_PATH=${CMAKE_PREFIX_PATH}:/opt/ros/jazzy /usr/bin/cmake --build /home/ros2_ws/build/mfe_base -- -j8 -l8
[0.126s] Invoked command in '/home/ros2_ws/build/mfe_base' returned '0': CMAKE_PREFIX_PATH=${CMAKE_PREFIX_PATH}:/opt/ros/jazzy /usr/bin/cmake --build /home/ros2_ws/build/mfe_base -- -j8 -l8
[0.179s] Invoking command in '/home/ros2_ws/build/mfe_base': CMAKE_PREFIX_PATH=${CMAKE_PREFIX_PATH}:/opt/ros/jazzy /usr/bin/cmake --install /home/ros2_ws/build/mfe_base
[0.197s] -- Install configuration: ""
[0.296s] -- Execute custom install script
[0.297s] -- Up-to-date symlink: /home/ros2_ws/install/mfe_base/share/ament_index/resource_index/package_run_dependencies/mfe_base
[0.297s] -- Up-to-date symlink: /home/ros2_ws/install/mfe_base/share/ament_index/resource_index/parent_prefix_path/mfe_base
[0.297s] -- Up-to-date symlink: /home/ros2_ws/install/mfe_base/share/mfe_base/environment/ament_prefix_path.sh
[0.298s] -- Up-to-date symlink: /home/ros2_ws/install/mfe_base/share/mfe_base/environment/ament_prefix_path.dsv
[0.298s] -- Up-to-date symlink: /home/ros2_ws/install/mfe_base/share/mfe_base/environment/path.sh
[0.298s] -- Up-to-date symlink: /home/ros2_ws/install/mfe_base/share/mfe_base/environment/path.dsv
[0.299s] -- Up-to-date symlink: /home/ros2_ws/install/mfe_base/share/mfe_base/local_setup.bash
[0.299s] -- Up-to-date symlink: /home/ros2_ws/install/mfe_base/share/mfe_base/local_setup.sh
[0.299s] -- Up-to-date symlink: /home/ros2_ws/install/mfe_base/share/mfe_base/local_setup.zsh
[0.300s] -- Up-to-date symlink: /home/ros2_ws/install/mfe_base/share/mfe_base/local_setup.dsv
[0.300s] -- Up-to-date symlink: /home/ros2_ws/install/mfe_base/share/mfe_base/package.dsv
[0.300s] -- Up-to-date symlink: /home/ros2_ws/install/mfe_base/share/ament_index/resource_index/packages/mfe_base
[0.301s] -- Up-to-date symlink: /home/ros2_ws/install/mfe_base/share/mfe_base/cmake/mfe_baseConfig.cmake
[0.301s] -- Up-to-date symlink: /home/ros2_ws/install/mfe_base/share/mfe_base/cmake/mfe_baseConfig-version.cmake
[0.301s] -- Up-to-date symlink: /home/ros2_ws/install/mfe_base/share/mfe_base/package.xml
[0.305s] Invoked command in '/home/ros2_ws/build/mfe_base' returned '0': CMAKE_PREFIX_PATH=${CMAKE_PREFIX_PATH}:/opt/ros/jazzy /usr/bin/cmake --install /home/ros2_ws/build/mfe_base
