[0.024s] Invoking command in '/home/ros2_ws/build/mfe': /usr/bin/cmake --build /home/ros2_ws/build/mfe -- -j8 -l8
[0.097s] Invoked command in '/home/ros2_ws/build/mfe' returned '0': /usr/bin/cmake --build /home/ros2_ws/build/mfe -- -j8 -l8
[0.151s] Invoking command in '/home/ros2_ws/build/mfe': /usr/bin/cmake --install /home/ros2_ws/build/mfe
[0.164s] -- Install configuration: ""
[0.165s] -- Execute custom install script
[0.169s] -- Up-to-date symlink: /home/ros2_ws/install/mfe/share/ament_index/resource_index/package_run_dependencies/mfe
[0.170s] -- Up-to-date symlink: /home/ros2_ws/install/mfe/share/ament_index/resource_index/parent_prefix_path/mfe
[0.170s] -- Up-to-date symlink: /home/ros2_ws/install/mfe/share/mfe/environment/ament_prefix_path.sh
[0.170s] -- Up-to-date symlink: /home/ros2_ws/install/mfe/share/mfe/environment/ament_prefix_path.dsv
[0.170s] -- Up-to-date symlink: /home/ros2_ws/install/mfe/share/mfe/environment/path.sh
[0.171s] -- Up-to-date symlink: /home/ros2_ws/install/mfe/share/mfe/environment/path.dsv
[0.171s] -- Up-to-date symlink: /home/ros2_ws/install/mfe/share/mfe/local_setup.bash
[0.172s] -- Up-to-date symlink: /home/ros2_ws/install/mfe/share/mfe/local_setup.sh
[0.180s] -- Up-to-date symlink: /home/ros2_ws/install/mfe/share/mfe/local_setup.zsh
[0.180s] -- Up-to-date symlink: /home/ros2_ws/install/mfe/share/mfe/local_setup.dsv
[0.180s] -- Symlinking: /home/ros2_ws/install/mfe/share/mfe/package.dsv
[0.189s] -- Up-to-date symlink: /home/ros2_ws/install/mfe/share/ament_index/resource_index/packages/mfe
[0.189s] -- Up-to-date symlink: /home/ros2_ws/install/mfe/share/mfe/cmake/mfeConfig.cmake
[0.189s] -- Up-to-date symlink: /home/ros2_ws/install/mfe/share/mfe/cmake/mfeConfig-version.cmake
[0.190s] -- Up-to-date symlink: /home/ros2_ws/install/mfe/share/mfe/package.xml
[0.201s] Invoked command in '/home/ros2_ws/build/mfe' returned '0': /usr/bin/cmake --install /home/ros2_ws/build/mfe
