[0.045s] Invoking command in '/home/ros2_ws/build/mfe': CMAKE_PREFIX_PATH=${CMAKE_PREFIX_PATH}:/opt/ros/jazzy /usr/bin/cmake /home/ros2_ws/ros2/src/mfe -DCMAKE_INSTALL_PREFIX=/home/ros2_ws/install/mfe
[0.070s] -- Found ament_cmake: 2.5.2 (/opt/ros/jazzy/share/ament_cmake/cmake)
[0.590s] -- Override CMake install command with custom implementation using symlinks instead of copying resources
[0.624s] -- Found ament_lint_auto: 0.17.1 (/opt/ros/jazzy/share/ament_lint_auto/cmake)
[0.826s] -- Added test 'copyright' to check source files copyright and LICENSE
[0.829s] -- Added test 'lint_cmake' to check CMake code style
[0.831s] -- Added test 'xmllint' to check XML markup files
[0.833s] -- Configuring done (0.8s)
[0.844s] -- Generating done (0.0s)
[0.851s] -- Build files have been written to: /home/ros2_ws/build/mfe
[0.867s] Invoked command in '/home/ros2_ws/build/mfe' returned '0': CMAKE_PREFIX_PATH=${CMAKE_PREFIX_PATH}:/opt/ros/jazzy /usr/bin/cmake /home/ros2_ws/ros2/src/mfe -DCMAKE_INSTALL_PREFIX=/home/ros2_ws/install/mfe
[0.867s] Invoking command in '/home/ros2_ws/build/mfe': CMAKE_PREFIX_PATH=${CMAKE_PREFIX_PATH}:/opt/ros/jazzy /usr/bin/cmake --build /home/ros2_ws/build/mfe -- -j8 -l8
[0.973s] Invoked command in '/home/ros2_ws/build/mfe' returned '0': CMAKE_PREFIX_PATH=${CMAKE_PREFIX_PATH}:/opt/ros/jazzy /usr/bin/cmake --build /home/ros2_ws/build/mfe -- -j8 -l8
[1.039s] Invoking command in '/home/ros2_ws/build/mfe': CMAKE_PREFIX_PATH=${CMAKE_PREFIX_PATH}:/opt/ros/jazzy /usr/bin/cmake --install /home/ros2_ws/build/mfe
[1.069s] -- Install configuration: ""
[1.088s] -- Execute custom install script
[1.089s] -- Up-to-date symlink: /home/ros2_ws/install/mfe/share/ament_index/resource_index/package_run_dependencies/mfe
[1.091s] -- Up-to-date symlink: /home/ros2_ws/install/mfe/share/ament_index/resource_index/parent_prefix_path/mfe
[1.091s] -- Up-to-date symlink: /home/ros2_ws/install/mfe/share/mfe/environment/ament_prefix_path.sh
[1.091s] -- Up-to-date symlink: /home/ros2_ws/install/mfe/share/mfe/environment/ament_prefix_path.dsv
[1.091s] -- Up-to-date symlink: /home/ros2_ws/install/mfe/share/mfe/environment/path.sh
[1.094s] -- Up-to-date symlink: /home/ros2_ws/install/mfe/share/mfe/environment/path.dsv
[1.094s] -- Up-to-date symlink: /home/ros2_ws/install/mfe/share/mfe/local_setup.bash
[1.096s] -- Up-to-date symlink: /home/ros2_ws/install/mfe/share/mfe/local_setup.sh
[1.096s] -- Up-to-date symlink: /home/ros2_ws/install/mfe/share/mfe/local_setup.zsh
[1.097s] -- Up-to-date symlink: /home/ros2_ws/install/mfe/share/mfe/local_setup.dsv
[1.097s] -- Symlinking: /home/ros2_ws/install/mfe/share/mfe/package.dsv
[1.130s] -- Up-to-date symlink: /home/ros2_ws/install/mfe/share/ament_index/resource_index/packages/mfe
[1.131s] -- Up-to-date symlink: /home/ros2_ws/install/mfe/share/mfe/cmake/mfeConfig.cmake
[1.132s] -- Up-to-date symlink: /home/ros2_ws/install/mfe/share/mfe/cmake/mfeConfig-version.cmake
[1.132s] -- Up-to-date symlink: /home/ros2_ws/install/mfe/share/mfe/package.xml
[1.150s] Invoked command in '/home/ros2_ws/build/mfe' returned '0': CMAKE_PREFIX_PATH=${CMAKE_PREFIX_PATH}:/opt/ros/jazzy /usr/bin/cmake --install /home/ros2_ws/build/mfe
