[0.051s] Invoking command in '/home/ros2_ws/build/state_estimation': CMAKE_PREFIX_PATH=${CMAKE_PREFIX_PATH}:/opt/ros/jazzy /usr/bin/cmake /home/ros2_ws/ros2/src/mfe_perception/state_estimation -DAMENT_CMAKE_SYMLINK_INSTALL=1 -DCMAKE_INSTALL_PREFIX=/home/ros2_ws/install/state_estimation
[0.417s] -- The C compiler identification is GNU 13.3.0
[0.908s] -- The CXX compiler identification is GNU 13.3.0
[1.040s] -- Detecting C compiler ABI info
[1.644s] -- Detecting C compiler ABI info - done
[1.743s] -- Check for working C compiler: /usr/bin/cc - skipped
[1.745s] -- Detecting C compile features
[1.748s] -- Detecting C compile features - done
[1.834s] -- Detecting CXX compiler ABI info
[2.420s] -- Detecting CXX compiler ABI info - done
[2.442s] -- Check for working CXX compiler: /usr/bin/c++ - skipped
[2.442s] -- Detecting CXX compile features
[2.442s] -- Detecting CXX compile features - done
[2.546s] -- Found ament_cmake: 2.5.2 (/opt/ros/jazzy/share/ament_cmake/cmake)
[3.210s] -- Found Python3: /usr/bin/python3 (found version "3.12.3") found components: Interpreter 
[3.411s] -- Override CMake install command with custom implementation using symlinks instead of copying resources
[3.622s] -- Found ament_lint_auto: 0.17.1 (/opt/ros/jazzy/share/ament_lint_auto/cmake)
[4.154s] -- Added test 'lint_cmake' to check CMake code style
[4.159s] -- Added test 'xmllint' to check XML markup files
[4.166s] -- Configuring done (4.1s)
[4.180s] -- Generating done (0.0s)
[4.186s] -- Build files have been written to: /home/ros2_ws/build/state_estimation
