[0.051s] Invoking command in '/home/ros2_ws/build/mfe_bringup': CMAKE_PREFIX_PATH=${CMAKE_PREFIX_PATH}:/opt/ros/jazzy /usr/bin/cmake /home/ros2_ws/ros2/src/mfe_bringup -DAMENT_CMAKE_SYMLINK_INSTALL=1 -DCMAKE_INSTALL_PREFIX=/home/ros2_ws/install/mfe_bringup
[0.083s] -- Found ament_cmake: 2.5.2 (/opt/ros/jazzy/share/ament_cmake/cmake)
[0.584s] -- Override CMake install command with custom implementation using symlinks instead of copying resources
[0.656s] -- Found ament_lint_auto: 0.17.1 (/opt/ros/jazzy/share/ament_lint_auto/cmake)
[1.011s] -- Added test 'lint_cmake' to check CMake code style
[1.012s] -- Added test 'xmllint' to check XML markup files
[1.015s] -- Configuring done (0.9s)
[1.023s] -- Generating done (0.0s)
[1.025s] -- Build files have been written to: /home/ros2_ws/build/mfe_bringup
[1.034s] Invoked command in '/home/ros2_ws/build/mfe_bringup' returned '0': CMAKE_PREFIX_PATH=${CMAKE_PREFIX_PATH}:/opt/ros/jazzy /usr/bin/cmake /home/ros2_ws/ros2/src/mfe_bringup -DAMENT_CMAKE_SYMLINK_INSTALL=1 -DCMAKE_INSTALL_PREFIX=/home/ros2_ws/install/mfe_bringup
[1.037s] Invoking command in '/home/ros2_ws/build/mfe_bringup': CMAKE_PREFIX_PATH=${CMAKE_PREFIX_PATH}:/opt/ros/jazzy /usr/bin/cmake --build /home/ros2_ws/build/mfe_bringup -- -j8 -l8
[1.112s] Invoked command in '/home/ros2_ws/build/mfe_bringup' returned '0': CMAKE_PREFIX_PATH=${CMAKE_PREFIX_PATH}:/opt/ros/jazzy /usr/bin/cmake --build /home/ros2_ws/build/mfe_bringup -- -j8 -l8
[1.166s] Invoking command in '/home/ros2_ws/build/mfe_bringup': CMAKE_PREFIX_PATH=${CMAKE_PREFIX_PATH}:/opt/ros/jazzy /usr/bin/cmake --install /home/ros2_ws/build/mfe_bringup
[1.181s] -- Install configuration: ""
[1.184s] -- Execute custom install script
[1.184s] -- Up-to-date symlink: /home/ros2_ws/install/mfe_bringup/share/ament_index/resource_index/package_run_dependencies/mfe_bringup
[1.185s] -- Up-to-date symlink: /home/ros2_ws/install/mfe_bringup/share/ament_index/resource_index/parent_prefix_path/mfe_bringup
[1.185s] -- Up-to-date symlink: /home/ros2_ws/install/mfe_bringup/share/mfe_bringup/environment/ament_prefix_path.sh
[1.187s] -- Up-to-date symlink: /home/ros2_ws/install/mfe_bringup/share/mfe_bringup/environment/ament_prefix_path.dsv
[1.189s] -- Up-to-date symlink: /home/ros2_ws/install/mfe_bringup/share/mfe_bringup/environment/path.sh
[1.189s] -- Up-to-date symlink: /home/ros2_ws/install/mfe_bringup/share/mfe_bringup/environment/path.dsv
[1.190s] -- Up-to-date symlink: /home/ros2_ws/install/mfe_bringup/share/mfe_bringup/local_setup.bash
[1.190s] -- Up-to-date symlink: /home/ros2_ws/install/mfe_bringup/share/mfe_bringup/local_setup.sh
[1.190s] -- Up-to-date symlink: /home/ros2_ws/install/mfe_bringup/share/mfe_bringup/local_setup.zsh
[1.191s] -- Up-to-date symlink: /home/ros2_ws/install/mfe_bringup/share/mfe_bringup/local_setup.dsv
[1.191s] -- Symlinking: /home/ros2_ws/install/mfe_bringup/share/mfe_bringup/package.dsv
[1.208s] -- Up-to-date symlink: /home/ros2_ws/install/mfe_bringup/share/ament_index/resource_index/packages/mfe_bringup
[1.210s] -- Up-to-date symlink: /home/ros2_ws/install/mfe_bringup/share/mfe_bringup/cmake/mfe_bringupConfig.cmake
[1.212s] -- Up-to-date symlink: /home/ros2_ws/install/mfe_bringup/share/mfe_bringup/cmake/mfe_bringupConfig-version.cmake
[1.216s] -- Up-to-date symlink: /home/ros2_ws/install/mfe_bringup/share/mfe_bringup/package.xml
[1.250s] Invoked command in '/home/ros2_ws/build/mfe_bringup' returned '0': CMAKE_PREFIX_PATH=${CMAKE_PREFIX_PATH}:/opt/ros/jazzy /usr/bin/cmake --install /home/ros2_ws/build/mfe_bringup
