[0.080s] Invoking command in '/home/ros2_ws/build/vision_cone_detector': /usr/bin/cmake --build /home/ros2_ws/build/vision_cone_detector -- -j8 -l8
[0.209s] Invoked command in '/home/ros2_ws/build/vision_cone_detector' returned '0': /usr/bin/cmake --build /home/ros2_ws/build/vision_cone_detector -- -j8 -l8
[0.245s] Invoking command in '/home/ros2_ws/build/vision_cone_detector': /usr/bin/cmake --install /home/ros2_ws/build/vision_cone_detector
[0.258s] -- Install configuration: ""
[0.421s] -- Execute custom install script
[0.421s] -- Up-to-date symlink: /home/ros2_ws/install/vision_cone_detector/share/ament_index/resource_index/package_run_dependencies/vision_cone_detector
[0.421s] -- Up-to-date symlink: /home/ros2_ws/install/vision_cone_detector/share/ament_index/resource_index/parent_prefix_path/vision_cone_detector
[0.422s] -- Up-to-date symlink: /home/ros2_ws/install/vision_cone_detector/share/vision_cone_detector/environment/ament_prefix_path.sh
[0.422s] -- Up-to-date symlink: /home/ros2_ws/install/vision_cone_detector/share/vision_cone_detector/environment/ament_prefix_path.dsv
[0.422s] -- Up-to-date symlink: /home/ros2_ws/install/vision_cone_detector/share/vision_cone_detector/environment/path.sh
[0.423s] -- Up-to-date symlink: /home/ros2_ws/install/vision_cone_detector/share/vision_cone_detector/environment/path.dsv
[0.423s] -- Up-to-date symlink: /home/ros2_ws/install/vision_cone_detector/share/vision_cone_detector/local_setup.bash
[0.424s] -- Up-to-date symlink: /home/ros2_ws/install/vision_cone_detector/share/vision_cone_detector/local_setup.sh
[0.424s] -- Up-to-date symlink: /home/ros2_ws/install/vision_cone_detector/share/vision_cone_detector/local_setup.zsh
[0.424s] -- Up-to-date symlink: /home/ros2_ws/install/vision_cone_detector/share/vision_cone_detector/local_setup.dsv
[0.424s] -- Symlinking: /home/ros2_ws/install/vision_cone_detector/share/vision_cone_detector/package.dsv
[0.441s] -- Up-to-date symlink: /home/ros2_ws/install/vision_cone_detector/share/ament_index/resource_index/packages/vision_cone_detector
[0.441s] -- Up-to-date symlink: /home/ros2_ws/install/vision_cone_detector/share/vision_cone_detector/cmake/vision_cone_detectorConfig.cmake
[0.441s] -- Up-to-date symlink: /home/ros2_ws/install/vision_cone_detector/share/vision_cone_detector/cmake/vision_cone_detectorConfig-version.cmake
[0.441s] -- Up-to-date symlink: /home/ros2_ws/install/vision_cone_detector/share/vision_cone_detector/package.xml
