[0.312s] Invoking command in '/home/ros2_ws/build/mfe_bringup': /usr/bin/cmake --build /home/ros2_ws/build/mfe_bringup -- -j8 -l8
[1.736s] Invoked command in '/home/ros2_ws/build/mfe_bringup' returned '0': /usr/bin/cmake --build /home/ros2_ws/build/mfe_bringup -- -j8 -l8
[1.774s] Invoking command in '/home/ros2_ws/build/mfe_bringup': /usr/bin/cmake --install /home/ros2_ws/build/mfe_bringup
[1.790s] -- Install configuration: ""
[1.851s] -- Execute custom install script
[1.851s] -- Up-to-date symlink: /home/ros2_ws/install/mfe_bringup/share/ament_index/resource_index/package_run_dependencies/mfe_bringup
[1.851s] -- Up-to-date symlink: /home/ros2_ws/install/mfe_bringup/share/ament_index/resource_index/parent_prefix_path/mfe_bringup
[1.851s] -- Up-to-date symlink: /home/ros2_ws/install/mfe_bringup/share/mfe_bringup/environment/ament_prefix_path.sh
[1.852s] -- Up-to-date symlink: /home/ros2_ws/install/mfe_bringup/share/mfe_bringup/environment/ament_prefix_path.dsv
[1.852s] -- Up-to-date symlink: /home/ros2_ws/install/mfe_bringup/share/mfe_bringup/environment/path.sh
[1.853s] -- Up-to-date symlink: /home/ros2_ws/install/mfe_bringup/share/mfe_bringup/environment/path.dsv
[1.853s] -- Up-to-date symlink: /home/ros2_ws/install/mfe_bringup/share/mfe_bringup/local_setup.bash
[1.854s] -- Up-to-date symlink: /home/ros2_ws/install/mfe_bringup/share/mfe_bringup/local_setup.sh
[1.854s] -- Up-to-date symlink: /home/ros2_ws/install/mfe_bringup/share/mfe_bringup/local_setup.zsh
[1.855s] -- Up-to-date symlink: /home/ros2_ws/install/mfe_bringup/share/mfe_bringup/local_setup.dsv
[1.855s] -- Symlinking: /home/ros2_ws/install/mfe_bringup/share/mfe_bringup/package.dsv
[1.861s] -- Up-to-date symlink: /home/ros2_ws/install/mfe_bringup/share/ament_index/resource_index/packages/mfe_bringup
[1.862s] -- Up-to-date symlink: /home/ros2_ws/install/mfe_bringup/share/mfe_bringup/cmake/mfe_bringupConfig.cmake
[1.863s] -- Up-to-date symlink: /home/ros2_ws/install/mfe_bringup/share/mfe_bringup/cmake/mfe_bringupConfig-version.cmake
[1.863s] -- Up-to-date symlink: /home/ros2_ws/install/mfe_bringup/share/mfe_bringup/package.xml
[1.954s] Invoked command in '/home/ros2_ws/build/mfe_bringup' returned '0': /usr/bin/cmake --install /home/ros2_ws/build/mfe_bringup
