[0.131s] Invoking command in '/home/ros2_ws/build/mfe_navigation': CMAKE_PREFIX_PATH=${CMAKE_PREFIX_PATH}:/opt/ros/jazzy /usr/bin/cmake --build /home/ros2_ws/build/mfe_navigation -- -j8 -l8
[0.429s] Invoked command in '/home/ros2_ws/build/mfe_navigation' returned '0': CMAKE_PREFIX_PATH=${CMAKE_PREFIX_PATH}:/opt/ros/jazzy /usr/bin/cmake --build /home/ros2_ws/build/mfe_navigation -- -j8 -l8
[0.521s] Invoking command in '/home/ros2_ws/build/mfe_navigation': CMAKE_PREFIX_PATH=${CMAKE_PREFIX_PATH}:/opt/ros/jazzy /usr/bin/cmake --install /home/ros2_ws/build/mfe_navigation
[0.681s] -- Install configuration: ""
[0.682s] -- Execute custom install script
[0.683s] -- Up-to-date symlink: /home/ros2_ws/install/mfe_navigation/share/ament_index/resource_index/package_run_dependencies/mfe_navigation
[0.685s] -- Up-to-date symlink: /home/ros2_ws/install/mfe_navigation/share/ament_index/resource_index/parent_prefix_path/mfe_navigation
[0.685s] -- Up-to-date symlink: /home/ros2_ws/install/mfe_navigation/share/mfe_navigation/environment/ament_prefix_path.sh
[0.685s] -- Up-to-date symlink: /home/ros2_ws/install/mfe_navigation/share/mfe_navigation/environment/ament_prefix_path.dsv
[0.685s] -- Up-to-date symlink: /home/ros2_ws/install/mfe_navigation/share/mfe_navigation/environment/path.sh
[0.685s] -- Up-to-date symlink: /home/ros2_ws/install/mfe_navigation/share/mfe_navigation/environment/path.dsv
[0.686s] -- Up-to-date symlink: /home/ros2_ws/install/mfe_navigation/share/mfe_navigation/local_setup.bash
[0.686s] -- Up-to-date symlink: /home/ros2_ws/install/mfe_navigation/share/mfe_navigation/local_setup.sh
[0.686s] -- Up-to-date symlink: /home/ros2_ws/install/mfe_navigation/share/mfe_navigation/local_setup.zsh
[0.686s] -- Up-to-date symlink: /home/ros2_ws/install/mfe_navigation/share/mfe_navigation/local_setup.dsv
[0.687s] -- Symlinking: /home/ros2_ws/install/mfe_navigation/share/mfe_navigation/package.dsv
[0.687s] -- Up-to-date symlink: /home/ros2_ws/install/mfe_navigation/share/ament_index/resource_index/packages/mfe_navigation
[0.688s] -- Up-to-date symlink: /home/ros2_ws/install/mfe_navigation/share/mfe_navigation/cmake/mfe_navigationConfig.cmake
[0.688s] -- Up-to-date symlink: /home/ros2_ws/install/mfe_navigation/share/mfe_navigation/cmake/mfe_navigationConfig-version.cmake
[0.689s] -- Up-to-date symlink: /home/ros2_ws/install/mfe_navigation/share/mfe_navigation/package.xml
[0.778s] Invoked command in '/home/ros2_ws/build/mfe_navigation' returned '0': CMAKE_PREFIX_PATH=${CMAKE_PREFIX_PATH}:/opt/ros/jazzy /usr/bin/cmake --install /home/ros2_ws/build/mfe_navigation
