[0.044s] Invoking command in '/home/ros2_ws/build/mfe_bringup': CMAKE_PREFIX_PATH=${CMAKE_PREFIX_PATH}:/opt/ros/jazzy /usr/bin/cmake /home/ros2_ws/ros2/src/mfe_bringup -DCMAKE_INSTALL_PREFIX=/home/ros2_ws/install/mfe_bringup
[0.070s] -- Found ament_cmake: 2.5.2 (/opt/ros/jazzy/share/ament_cmake/cmake)
[0.576s] -- Override CMake install command with custom implementation using symlinks instead of copying resources
[0.614s] -- Found ament_lint_auto: 0.17.1 (/opt/ros/jazzy/share/ament_lint_auto/cmake)
[0.844s] -- Added test 'lint_cmake' to check CMake code style
[0.845s] -- Added test 'xmllint' to check XML markup files
[0.847s] -- Configuring done (0.8s)
[0.860s] -- Generating done (0.0s)
[0.866s] -- Build files have been written to: /home/ros2_ws/build/mfe_bringup
[0.877s] Invoked command in '/home/ros2_ws/build/mfe_bringup' returned '0': CMAKE_PREFIX_PATH=${CMAKE_PREFIX_PATH}:/opt/ros/jazzy /usr/bin/cmake /home/ros2_ws/ros2/src/mfe_bringup -DCMAKE_INSTALL_PREFIX=/home/ros2_ws/install/mfe_bringup
[0.878s] Invoking command in '/home/ros2_ws/build/mfe_bringup': CMAKE_PREFIX_PATH=${CMAKE_PREFIX_PATH}:/opt/ros/jazzy /usr/bin/cmake --build /home/ros2_ws/build/mfe_bringup -- -j8 -l8
[0.970s] Invoked command in '/home/ros2_ws/build/mfe_bringup' returned '0': CMAKE_PREFIX_PATH=${CMAKE_PREFIX_PATH}:/opt/ros/jazzy /usr/bin/cmake --build /home/ros2_ws/build/mfe_bringup -- -j8 -l8
[1.036s] Invoking command in '/home/ros2_ws/build/mfe_bringup': CMAKE_PREFIX_PATH=${CMAKE_PREFIX_PATH}:/opt/ros/jazzy /usr/bin/cmake --install /home/ros2_ws/build/mfe_bringup
[1.061s] -- Install configuration: ""
[1.063s] -- Execute custom install script
[1.063s] -- Up-to-date symlink: /home/ros2_ws/install/mfe_bringup/share/ament_index/resource_index/package_run_dependencies/mfe_bringup
[1.063s] -- Up-to-date symlink: /home/ros2_ws/install/mfe_bringup/share/ament_index/resource_index/parent_prefix_path/mfe_bringup
[1.063s] -- Up-to-date symlink: /home/ros2_ws/install/mfe_bringup/share/mfe_bringup/environment/ament_prefix_path.sh
[1.063s] -- Up-to-date symlink: /home/ros2_ws/install/mfe_bringup/share/mfe_bringup/environment/ament_prefix_path.dsv
[1.064s] -- Up-to-date symlink: /home/ros2_ws/install/mfe_bringup/share/mfe_bringup/environment/path.sh
[1.064s] -- Up-to-date symlink: /home/ros2_ws/install/mfe_bringup/share/mfe_bringup/environment/path.dsv
[1.066s] -- Up-to-date symlink: /home/ros2_ws/install/mfe_bringup/share/mfe_bringup/local_setup.bash
[1.067s] -- Up-to-date symlink: /home/ros2_ws/install/mfe_bringup/share/mfe_bringup/local_setup.sh
[1.067s] -- Up-to-date symlink: /home/ros2_ws/install/mfe_bringup/share/mfe_bringup/local_setup.zsh
[1.067s] -- Up-to-date symlink: /home/ros2_ws/install/mfe_bringup/share/mfe_bringup/local_setup.dsv
[1.067s] -- Symlinking: /home/ros2_ws/install/mfe_bringup/share/mfe_bringup/package.dsv
[1.087s] -- Up-to-date symlink: /home/ros2_ws/install/mfe_bringup/share/ament_index/resource_index/packages/mfe_bringup
[1.087s] -- Up-to-date symlink: /home/ros2_ws/install/mfe_bringup/share/mfe_bringup/cmake/mfe_bringupConfig.cmake
[1.087s] -- Up-to-date symlink: /home/ros2_ws/install/mfe_bringup/share/mfe_bringup/cmake/mfe_bringupConfig-version.cmake
[1.087s] -- Up-to-date symlink: /home/ros2_ws/install/mfe_bringup/share/mfe_bringup/package.xml
[1.100s] Invoked command in '/home/ros2_ws/build/mfe_bringup' returned '0': CMAKE_PREFIX_PATH=${CMAKE_PREFIX_PATH}:/opt/ros/jazzy /usr/bin/cmake --install /home/ros2_ws/build/mfe_bringup
