[0.016s] Invoking command in '/home/ros2_ws/build/my_bot': CMAKE_PREFIX_PATH=${CMAKE_PREFIX_PATH}:/opt/ros/jazzy /usr/bin/cmake /home/ros2_ws/ros2/src/my_bot -DAMENT_CMAKE_SYMLINK_INSTALL=1 -DCMAKE_INSTALL_PREFIX=/home/ros2_ws/install/my_bot
[0.031s] -- Found ament_cmake: 2.5.2 (/opt/ros/jazzy/share/ament_cmake/cmake)
[0.337s] -- Override CMake install command with custom implementation using symlinks instead of copying resources
[0.354s] -- Found ament_lint_auto: 0.17.1 (/opt/ros/jazzy/share/ament_lint_auto/cmake)
[0.483s] -- Added test 'copyright' to check source files copyright and LICENSE
[0.489s] -- Added test 'flake8' to check Python code syntax and style conventions
[0.489s] -- Configured 'flake8' exclude dirs and/or files: 
[0.490s] -- Added test 'lint_cmake' to check CMake code style
[0.491s] -- Added test 'pep257' to check Python code against some of the docstring style conventions in PEP 257
[0.493s] -- Added test 'xmllint' to check XML markup files
[0.495s] -- Configuring done (0.5s)
[0.502s] -- Generating done (0.0s)
[0.504s] -- Build files have been written to: /home/ros2_ws/build/my_bot
[0.508s] Invoked command in '/home/ros2_ws/build/my_bot' returned '0': CMAKE_PREFIX_PATH=${CMAKE_PREFIX_PATH}:/opt/ros/jazzy /usr/bin/cmake /home/ros2_ws/ros2/src/my_bot -DAMENT_CMAKE_SYMLINK_INSTALL=1 -DCMAKE_INSTALL_PREFIX=/home/ros2_ws/install/my_bot
[0.510s] Invoking command in '/home/ros2_ws/build/my_bot': CMAKE_PREFIX_PATH=${CMAKE_PREFIX_PATH}:/opt/ros/jazzy /usr/bin/cmake --build /home/ros2_ws/build/my_bot -- -j8 -l8
[0.568s] Invoked command in '/home/ros2_ws/build/my_bot' returned '0': CMAKE_PREFIX_PATH=${CMAKE_PREFIX_PATH}:/opt/ros/jazzy /usr/bin/cmake --build /home/ros2_ws/build/my_bot -- -j8 -l8
[0.611s] Invoking command in '/home/ros2_ws/build/my_bot': CMAKE_PREFIX_PATH=${CMAKE_PREFIX_PATH}:/opt/ros/jazzy /usr/bin/cmake --install /home/ros2_ws/build/my_bot
[0.625s] -- Install configuration: ""
[0.626s] -- Execute custom install script
[0.627s] -- Up-to-date symlink: /home/ros2_ws/install/my_bot/share/my_bot/config/empty.yaml
[0.627s] -- Up-to-date symlink: /home/ros2_ws/install/my_bot/share/my_bot/description/robot.urdf.xacro
[0.628s] -- Up-to-date symlink: /home/ros2_ws/install/my_bot/share/my_bot/launch/rsp.launch.py
[0.628s] -- Up-to-date symlink: /home/ros2_ws/install/my_bot/share/my_bot/worlds/empty.world
[0.629s] -- Up-to-date symlink: /home/ros2_ws/install/my_bot/share/ament_index/resource_index/package_run_dependencies/my_bot
[0.629s] -- Up-to-date symlink: /home/ros2_ws/install/my_bot/share/ament_index/resource_index/parent_prefix_path/my_bot
[0.629s] -- Up-to-date symlink: /home/ros2_ws/install/my_bot/share/my_bot/environment/ament_prefix_path.sh
[0.630s] -- Up-to-date symlink: /home/ros2_ws/install/my_bot/share/my_bot/environment/ament_prefix_path.dsv
[0.630s] -- Up-to-date symlink: /home/ros2_ws/install/my_bot/share/my_bot/environment/path.sh
[0.631s] -- Up-to-date symlink: /home/ros2_ws/install/my_bot/share/my_bot/environment/path.dsv
[0.631s] -- Up-to-date symlink: /home/ros2_ws/install/my_bot/share/my_bot/local_setup.bash
[0.632s] -- Up-to-date symlink: /home/ros2_ws/install/my_bot/share/my_bot/local_setup.sh
[0.632s] -- Up-to-date symlink: /home/ros2_ws/install/my_bot/share/my_bot/local_setup.zsh
[0.633s] -- Up-to-date symlink: /home/ros2_ws/install/my_bot/share/my_bot/local_setup.dsv
[0.633s] -- Symlinking: /home/ros2_ws/install/my_bot/share/my_bot/package.dsv
[0.646s] -- Up-to-date symlink: /home/ros2_ws/install/my_bot/share/ament_index/resource_index/packages/my_bot
[0.647s] -- Up-to-date symlink: /home/ros2_ws/install/my_bot/share/my_bot/cmake/my_botConfig.cmake
[0.647s] -- Up-to-date symlink: /home/ros2_ws/install/my_bot/share/my_bot/cmake/my_botConfig-version.cmake
[0.647s] -- Up-to-date symlink: /home/ros2_ws/install/my_bot/share/my_bot/package.xml
[0.651s] Invoked command in '/home/ros2_ws/build/my_bot' returned '0': CMAKE_PREFIX_PATH=${CMAKE_PREFIX_PATH}:/opt/ros/jazzy /usr/bin/cmake --install /home/ros2_ws/build/my_bot
