[0.118s] Invoking command in '/home/ros2_ws/build/vision_cone_detector': CMAKE_PREFIX_PATH=${CMAKE_PREFIX_PATH}:/opt/ros/jazzy /usr/bin/cmake --build /home/ros2_ws/build/vision_cone_detector -- -j8 -l8
[0.405s] Invoked command in '/home/ros2_ws/build/vision_cone_detector' returned '0': CMAKE_PREFIX_PATH=${CMAKE_PREFIX_PATH}:/opt/ros/jazzy /usr/bin/cmake --build /home/ros2_ws/build/vision_cone_detector -- -j8 -l8
[0.447s] Invoking command in '/home/ros2_ws/build/vision_cone_detector': CMAKE_PREFIX_PATH=${CMAKE_PREFIX_PATH}:/opt/ros/jazzy /usr/bin/cmake --install /home/ros2_ws/build/vision_cone_detector
[0.461s] -- Install configuration: ""
[0.462s] -- Execute custom install script
[0.462s] -- Up-to-date symlink: /home/ros2_ws/install/vision_cone_detector/share/ament_index/resource_index/package_run_dependencies/vision_cone_detector
[0.463s] -- Up-to-date symlink: /home/ros2_ws/install/vision_cone_detector/share/ament_index/resource_index/parent_prefix_path/vision_cone_detector
[0.464s] -- Up-to-date symlink: /home/ros2_ws/install/vision_cone_detector/share/vision_cone_detector/environment/ament_prefix_path.sh
[0.464s] -- Up-to-date symlink: /home/ros2_ws/install/vision_cone_detector/share/vision_cone_detector/environment/ament_prefix_path.dsv
[0.465s] -- Up-to-date symlink: /home/ros2_ws/install/vision_cone_detector/share/vision_cone_detector/environment/path.sh
[0.465s] -- Up-to-date symlink: /home/ros2_ws/install/vision_cone_detector/share/vision_cone_detector/environment/path.dsv
[0.466s] -- Up-to-date symlink: /home/ros2_ws/install/vision_cone_detector/share/vision_cone_detector/local_setup.bash
[0.466s] -- Up-to-date symlink: /home/ros2_ws/install/vision_cone_detector/share/vision_cone_detector/local_setup.sh
[0.466s] -- Up-to-date symlink: /home/ros2_ws/install/vision_cone_detector/share/vision_cone_detector/local_setup.zsh
[0.467s] -- Up-to-date symlink: /home/ros2_ws/install/vision_cone_detector/share/vision_cone_detector/local_setup.dsv
[0.467s] -- Symlinking: /home/ros2_ws/install/vision_cone_detector/share/vision_cone_detector/package.dsv
[0.486s] -- Up-to-date symlink: /home/ros2_ws/install/vision_cone_detector/share/ament_index/resource_index/packages/vision_cone_detector
[0.486s] -- Up-to-date symlink: /home/ros2_ws/install/vision_cone_detector/share/vision_cone_detector/cmake/vision_cone_detectorConfig.cmake
[0.486s] -- Up-to-date symlink: /home/ros2_ws/install/vision_cone_detector/share/vision_cone_detector/cmake/vision_cone_detectorConfig-version.cmake
[0.486s] -- Up-to-date symlink: /home/ros2_ws/install/vision_cone_detector/share/vision_cone_detector/package.xml
[0.494s] Invoked command in '/home/ros2_ws/build/vision_cone_detector' returned '0': CMAKE_PREFIX_PATH=${CMAKE_PREFIX_PATH}:/opt/ros/jazzy /usr/bin/cmake --install /home/ros2_ws/build/vision_cone_detector
