[0.264s] Invoking command in '/home/ros2_ws/build/mfe': /usr/bin/cmake --build /home/ros2_ws/build/mfe -- -j8 -l8
[1.745s] Invoked command in '/home/ros2_ws/build/mfe' returned '0': /usr/bin/cmake --build /home/ros2_ws/build/mfe -- -j8 -l8
[1.785s] Invoking command in '/home/ros2_ws/build/mfe': /usr/bin/cmake --install /home/ros2_ws/build/mfe
[1.852s] -- Install configuration: ""
[1.852s] -- Execute custom install script
[1.853s] -- Up-to-date symlink: /home/ros2_ws/install/mfe/share/ament_index/resource_index/package_run_dependencies/mfe
[1.853s] -- Up-to-date symlink: /home/ros2_ws/install/mfe/share/ament_index/resource_index/parent_prefix_path/mfe
[1.853s] -- Up-to-date symlink: /home/ros2_ws/install/mfe/share/mfe/environment/ament_prefix_path.sh
[1.854s] -- Up-to-date symlink: /home/ros2_ws/install/mfe/share/mfe/environment/ament_prefix_path.dsv
[1.854s] -- Up-to-date symlink: /home/ros2_ws/install/mfe/share/mfe/environment/path.sh
[1.854s] -- Up-to-date symlink: /home/ros2_ws/install/mfe/share/mfe/environment/path.dsv
[1.855s] -- Up-to-date symlink: /home/ros2_ws/install/mfe/share/mfe/local_setup.bash
[1.855s] -- Up-to-date symlink: /home/ros2_ws/install/mfe/share/mfe/local_setup.sh
[1.855s] -- Up-to-date symlink: /home/ros2_ws/install/mfe/share/mfe/local_setup.zsh
[1.855s] -- Up-to-date symlink: /home/ros2_ws/install/mfe/share/mfe/local_setup.dsv
[1.855s] -- Symlinking: /home/ros2_ws/install/mfe/share/mfe/package.dsv
[1.855s] -- Up-to-date symlink: /home/ros2_ws/install/mfe/share/ament_index/resource_index/packages/mfe
[1.856s] -- Up-to-date symlink: /home/ros2_ws/install/mfe/share/mfe/cmake/mfeConfig.cmake
[1.856s] -- Up-to-date symlink: /home/ros2_ws/install/mfe/share/mfe/cmake/mfeConfig-version.cmake
[1.856s] -- Up-to-date symlink: /home/ros2_ws/install/mfe/share/mfe/package.xml
[1.856s] Invoked command in '/home/ros2_ws/build/mfe' returned '0': /usr/bin/cmake --install /home/ros2_ws/build/mfe
