[0.163s] Invoking command in '/home/ros2_ws/build/mfe_simulation': CMAKE_PREFIX_PATH=${CMAKE_PREFIX_PATH}:/opt/ros/jazzy /usr/bin/cmake --build /home/ros2_ws/build/mfe_simulation -- -j8 -l8
[0.504s] Invoked command in '/home/ros2_ws/build/mfe_simulation' returned '0': CMAKE_PREFIX_PATH=${CMAKE_PREFIX_PATH}:/opt/ros/jazzy /usr/bin/cmake --build /home/ros2_ws/build/mfe_simulation -- -j8 -l8
[0.544s] Invoking command in '/home/ros2_ws/build/mfe_simulation': CMAKE_PREFIX_PATH=${CMAKE_PREFIX_PATH}:/opt/ros/jazzy /usr/bin/cmake --install /home/ros2_ws/build/mfe_simulation
[0.558s] -- Install configuration: ""
[0.558s] -- Execute custom install script
[0.559s] -- Up-to-date symlink: /home/ros2_ws/install/mfe_simulation/share/ament_index/resource_index/package_run_dependencies/mfe_simulation
[0.559s] -- Up-to-date symlink: /home/ros2_ws/install/mfe_simulation/share/ament_index/resource_index/parent_prefix_path/mfe_simulation
[0.562s] -- Up-to-date symlink: /home/ros2_ws/install/mfe_simulation/share/mfe_simulation/environment/ament_prefix_path.sh
[0.563s] -- Up-to-date symlink: /home/ros2_ws/install/mfe_simulation/share/mfe_simulation/environment/ament_prefix_path.dsv
[0.563s] -- Up-to-date symlink: /home/ros2_ws/install/mfe_simulation/share/mfe_simulation/environment/path.sh
[0.563s] -- Up-to-date symlink: /home/ros2_ws/install/mfe_simulation/share/mfe_simulation/environment/path.dsv
[0.563s] -- Up-to-date symlink: /home/ros2_ws/install/mfe_simulation/share/mfe_simulation/local_setup.bash
[0.563s] -- Up-to-date symlink: /home/ros2_ws/install/mfe_simulation/share/mfe_simulation/local_setup.sh
[0.564s] -- Up-to-date symlink: /home/ros2_ws/install/mfe_simulation/share/mfe_simulation/local_setup.zsh
[0.564s] -- Up-to-date symlink: /home/ros2_ws/install/mfe_simulation/share/mfe_simulation/local_setup.dsv
[0.564s] -- Symlinking: /home/ros2_ws/install/mfe_simulation/share/mfe_simulation/package.dsv
[0.580s] -- Up-to-date symlink: /home/ros2_ws/install/mfe_simulation/share/ament_index/resource_index/packages/mfe_simulation
[0.581s] -- Up-to-date symlink: /home/ros2_ws/install/mfe_simulation/share/mfe_simulation/cmake/mfe_simulationConfig.cmake
[0.585s] -- Up-to-date symlink: /home/ros2_ws/install/mfe_simulation/share/mfe_simulation/cmake/mfe_simulationConfig-version.cmake
[0.587s] -- Up-to-date symlink: /home/ros2_ws/install/mfe_simulation/share/mfe_simulation/package.xml
[0.668s] Invoked command in '/home/ros2_ws/build/mfe_simulation' returned '0': CMAKE_PREFIX_PATH=${CMAKE_PREFIX_PATH}:/opt/ros/jazzy /usr/bin/cmake --install /home/ros2_ws/build/mfe_simulation
