[0.043s] Invoking command in '/home/ros2_ws/build/mfe_mapping': CMAKE_PREFIX_PATH=${CMAKE_PREFIX_PATH}:/opt/ros/jazzy /usr/bin/cmake /home/ros2_ws/ros2/src/mfe_mapping -DCMAKE_INSTALL_PREFIX=/home/ros2_ws/install/mfe_mapping
[0.071s] -- Found ament_cmake: 2.5.2 (/opt/ros/jazzy/share/ament_cmake/cmake)
[0.602s] -- Override CMake install command with custom implementation using symlinks instead of copying resources
[0.683s] -- Found ament_lint_auto: 0.17.1 (/opt/ros/jazzy/share/ament_lint_auto/cmake)
[1.048s] -- Added test 'lint_cmake' to check CMake code style
[1.049s] -- Added test 'xmllint' to check XML markup files
[1.049s] -- Configuring done (0.9s)
[1.049s] -- Generating done (0.0s)
[1.049s] -- Build files have been written to: /home/ros2_ws/build/mfe_mapping
[1.051s] Invoked command in '/home/ros2_ws/build/mfe_mapping' returned '0': CMAKE_PREFIX_PATH=${CMAKE_PREFIX_PATH}:/opt/ros/jazzy /usr/bin/cmake /home/ros2_ws/ros2/src/mfe_mapping -DCMAKE_INSTALL_PREFIX=/home/ros2_ws/install/mfe_mapping
[1.054s] Invoking command in '/home/ros2_ws/build/mfe_mapping': CMAKE_PREFIX_PATH=${CMAKE_PREFIX_PATH}:/opt/ros/jazzy /usr/bin/cmake --build /home/ros2_ws/build/mfe_mapping -- -j8 -l8
[1.154s] Invoked command in '/home/ros2_ws/build/mfe_mapping' returned '0': CMAKE_PREFIX_PATH=${CMAKE_PREFIX_PATH}:/opt/ros/jazzy /usr/bin/cmake --build /home/ros2_ws/build/mfe_mapping -- -j8 -l8
[1.225s] Invoking command in '/home/ros2_ws/build/mfe_mapping': CMAKE_PREFIX_PATH=${CMAKE_PREFIX_PATH}:/opt/ros/jazzy /usr/bin/cmake --install /home/ros2_ws/build/mfe_mapping
[1.245s] -- Install configuration: ""
[1.246s] -- Execute custom install script
[1.247s] -- Up-to-date symlink: /home/ros2_ws/install/mfe_mapping/share/ament_index/resource_index/package_run_dependencies/mfe_mapping
[1.247s] -- Up-to-date symlink: /home/ros2_ws/install/mfe_mapping/share/ament_index/resource_index/parent_prefix_path/mfe_mapping
[1.248s] -- Up-to-date symlink: /home/ros2_ws/install/mfe_mapping/share/mfe_mapping/environment/ament_prefix_path.sh
[1.248s] -- Up-to-date symlink: /home/ros2_ws/install/mfe_mapping/share/mfe_mapping/environment/ament_prefix_path.dsv
[1.248s] -- Up-to-date symlink: /home/ros2_ws/install/mfe_mapping/share/mfe_mapping/environment/path.sh
[1.249s] -- Up-to-date symlink: /home/ros2_ws/install/mfe_mapping/share/mfe_mapping/environment/path.dsv
[1.249s] -- Up-to-date symlink: /home/ros2_ws/install/mfe_mapping/share/mfe_mapping/local_setup.bash
[1.250s] -- Up-to-date symlink: /home/ros2_ws/install/mfe_mapping/share/mfe_mapping/local_setup.sh
[1.250s] -- Up-to-date symlink: /home/ros2_ws/install/mfe_mapping/share/mfe_mapping/local_setup.zsh
[1.251s] -- Up-to-date symlink: /home/ros2_ws/install/mfe_mapping/share/mfe_mapping/local_setup.dsv
[1.251s] -- Symlinking: /home/ros2_ws/install/mfe_mapping/share/mfe_mapping/package.dsv
[1.255s] -- Up-to-date symlink: /home/ros2_ws/install/mfe_mapping/share/ament_index/resource_index/packages/mfe_mapping
[1.256s] -- Up-to-date symlink: /home/ros2_ws/install/mfe_mapping/share/mfe_mapping/cmake/mfe_mappingConfig.cmake
[1.256s] -- Up-to-date symlink: /home/ros2_ws/install/mfe_mapping/share/mfe_mapping/cmake/mfe_mappingConfig-version.cmake
[1.256s] -- Up-to-date symlink: /home/ros2_ws/install/mfe_mapping/share/mfe_mapping/package.xml
[1.301s] Invoked command in '/home/ros2_ws/build/mfe_mapping' returned '0': CMAKE_PREFIX_PATH=${CMAKE_PREFIX_PATH}:/opt/ros/jazzy /usr/bin/cmake --install /home/ros2_ws/build/mfe_mapping
