[0.073s] Invoking command in '/home/ros2_ws/build/mfe_mapping': CMAKE_PREFIX_PATH=${CMAKE_PREFIX_PATH}:/opt/ros/jazzy /usr/bin/cmake /home/ros2_ws/ros2/src/mfe_mapping -DAMENT_CMAKE_SYMLINK_INSTALL=1 -DCMAKE_INSTALL_PREFIX=/home/ros2_ws/install/mfe_mapping
[2.873s] -- The C compiler identification is GNU 13.3.0
[3.710s] -- The CXX compiler identification is GNU 13.3.0
[3.942s] -- Detecting C compiler ABI info
[4.665s] -- Detecting C compiler ABI info - done
[4.792s] -- Check for working C compiler: /usr/bin/cc - skipped
[4.795s] -- Detecting C compile features
[4.823s] -- Detecting C compile features - done
[4.926s] -- Detecting CXX compiler ABI info
[5.762s] -- Detecting CXX compiler ABI info - done
[5.884s] -- Check for working CXX compiler: /usr/bin/c++ - skipped
[5.890s] -- Detecting CXX compile features
[5.893s] -- Detecting CXX compile features - done
[6.037s] -- Found ament_cmake: 2.5.2 (/opt/ros/jazzy/share/ament_cmake/cmake)
[7.233s] -- Found Python3: /usr/bin/python3 (found version "3.12.3") found components: Interpreter 
[7.991s] -- Override CMake install command with custom implementation using symlinks instead of copying resources
[8.415s] -- Found ament_lint_auto: 0.17.1 (/opt/ros/jazzy/share/ament_lint_auto/cmake)
[9.282s] -- Added test 'lint_cmake' to check CMake code style
[9.286s] -- Added test 'xmllint' to check XML markup files
[9.306s] -- Configuring done (8.8s)
[9.348s] -- Generating done (0.0s)
[9.359s] -- Build files have been written to: /home/ros2_ws/build/mfe_mapping
[9.458s] Invoked command in '/home/ros2_ws/build/mfe_mapping' returned '0': CMAKE_PREFIX_PATH=${CMAKE_PREFIX_PATH}:/opt/ros/jazzy /usr/bin/cmake /home/ros2_ws/ros2/src/mfe_mapping -DAMENT_CMAKE_SYMLINK_INSTALL=1 -DCMAKE_INSTALL_PREFIX=/home/ros2_ws/install/mfe_mapping
[9.464s] Invoking command in '/home/ros2_ws/build/mfe_mapping': CMAKE_PREFIX_PATH=${CMAKE_PREFIX_PATH}:/opt/ros/jazzy /usr/bin/cmake --build /home/ros2_ws/build/mfe_mapping -- -j8 -l8
[9.763s] Invoked command in '/home/ros2_ws/build/mfe_mapping' returned '0': CMAKE_PREFIX_PATH=${CMAKE_PREFIX_PATH}:/opt/ros/jazzy /usr/bin/cmake --build /home/ros2_ws/build/mfe_mapping -- -j8 -l8
[10.027s] Invoking command in '/home/ros2_ws/build/mfe_mapping': CMAKE_PREFIX_PATH=${CMAKE_PREFIX_PATH}:/opt/ros/jazzy /usr/bin/cmake --install /home/ros2_ws/build/mfe_mapping
[10.061s] -- Install configuration: ""
[10.079s] -- Execute custom install script
[10.080s] -- Symlinking: /home/ros2_ws/install/mfe_mapping/share/ament_index/resource_index/package_run_dependencies/mfe_mapping
[10.189s] -- Symlinking: /home/ros2_ws/install/mfe_mapping/share/ament_index/resource_index/parent_prefix_path/mfe_mapping
[10.223s] -- Symlinking: /home/ros2_ws/install/mfe_mapping/share/mfe_mapping/environment/ament_prefix_path.sh
[10.299s] -- Symlinking: /home/ros2_ws/install/mfe_mapping/share/mfe_mapping/environment/ament_prefix_path.dsv
[10.417s] -- Symlinking: /home/ros2_ws/install/mfe_mapping/share/mfe_mapping/environment/path.sh
[10.529s] -- Symlinking: /home/ros2_ws/install/mfe_mapping/share/mfe_mapping/environment/path.dsv
[10.598s] -- Symlinking: /home/ros2_ws/install/mfe_mapping/share/mfe_mapping/local_setup.bash
[10.641s] -- Symlinking: /home/ros2_ws/install/mfe_mapping/share/mfe_mapping/local_setup.sh
[10.745s] -- Symlinking: /home/ros2_ws/install/mfe_mapping/share/mfe_mapping/local_setup.zsh
[10.860s] -- Symlinking: /home/ros2_ws/install/mfe_mapping/share/mfe_mapping/local_setup.dsv
[10.876s] -- Symlinking: /home/ros2_ws/install/mfe_mapping/share/mfe_mapping/package.dsv
[10.928s] -- Symlinking: /home/ros2_ws/install/mfe_mapping/share/ament_index/resource_index/packages/mfe_mapping
[11.006s] -- Symlinking: /home/ros2_ws/install/mfe_mapping/share/mfe_mapping/cmake/mfe_mappingConfig.cmake
[11.109s] -- Symlinking: /home/ros2_ws/install/mfe_mapping/share/mfe_mapping/cmake/mfe_mappingConfig-version.cmake
[11.211s] -- Symlinking: /home/ros2_ws/install/mfe_mapping/share/mfe_mapping/package.xml
[11.266s] Invoked command in '/home/ros2_ws/build/mfe_mapping' returned '0': CMAKE_PREFIX_PATH=${CMAKE_PREFIX_PATH}:/opt/ros/jazzy /usr/bin/cmake --install /home/ros2_ws/build/mfe_mapping
