[0.074s] Invoking command in '/home/ros2_ws/build/mfe_msgs': CMAKE_PREFIX_PATH=${CMAKE_PREFIX_PATH}:/opt/ros/jazzy /usr/bin/cmake /home/ros2_ws/ros2/src/mfe_msgs -DAMENT_CMAKE_SYMLINK_INSTALL=1 -DCMAKE_INSTALL_PREFIX=/home/ros2_ws/install/mfe_msgs
[9.404s] -- The C compiler identification is GNU 13.3.0
[9.405s] -- The CXX compiler identification is GNU 13.3.0
[9.405s] -- Detecting C compiler ABI info
[9.406s] -- Detecting C compiler ABI info - done
[9.414s] -- Check for working C compiler: /usr/bin/cc - skipped
[9.422s] -- Detecting C compile features
[9.422s] -- Detecting C compile features - done
[9.423s] -- Detecting CXX compiler ABI info
[9.423s] -- Detecting CXX compiler ABI info - done
[9.424s] -- Check for working CXX compiler: /usr/bin/c++ - skipped
[9.424s] -- Detecting CXX compile features
[9.427s] -- Detecting CXX compile features - done
[9.442s] -- Found ament_cmake: 2.5.2 (/opt/ros/jazzy/share/ament_cmake/cmake)
[9.444s] -- Found Python3: /usr/bin/python3 (found version "3.12.3") found components: Interpreter 
[9.444s] -- Override CMake install command with custom implementation using symlinks instead of copying resources
[9.452s] -- Found builtin_interfaces: 2.0.2 (/opt/ros/jazzy/share/builtin_interfaces/cmake)
[9.526s] -- Found rosidl_generator_c: 4.6.4 (/opt/ros/jazzy/share/rosidl_generator_c/cmake)
[9.816s] -- Found rosidl_generator_cpp: 4.6.4 (/opt/ros/jazzy/share/rosidl_generator_cpp/cmake)
[10.284s] -- Using all available rosidl_typesupport_c: rosidl_typesupport_fastrtps_c;rosidl_typesupport_introspection_c
[10.632s] -- Using all available rosidl_typesupport_cpp: rosidl_typesupport_fastrtps_cpp;rosidl_typesupport_introspection_cpp
[10.944s] -- Found std_msgs: 5.3.5 (/opt/ros/jazzy/share/std_msgs/cmake)
[11.581s] -- Found geometry_msgs: 5.3.5 (/opt/ros/jazzy/share/geometry_msgs/cmake)
[12.048s] -- Found rosidl_default_generators: 1.6.0 (/opt/ros/jazzy/share/rosidl_default_generators/cmake)
[12.264s] -- Found rosidl_adapter: 4.6.4 (/opt/ros/jazzy/share/rosidl_adapter/cmake)
[14.342s] [31mCMake Error at /opt/ros/jazzy/share/rosidl_adapter/cmake/rosidl_adapt_interfaces.cmake:57 (message):
[14.342s]   execute_process(/usr/bin/python3 -m rosidl_adapter --package-name mfe_msgs
[14.344s]   --arguments-file
[14.346s]   /home/ros2_ws/build/mfe_msgs/rosidl_adapter__arguments__mfe_msgs.json
[14.347s]   --output-dir /home/ros2_ws/build/mfe_msgs/rosidl_adapter/mfe_msgs
[14.347s]   --output-file /home/ros2_ws/build/mfe_msgs/rosidl_adapter/mfe_msgs.idls)
[14.348s]   returned error code 1:
[14.350s] 
[14.350s]   Traceback (most recent call last):
[14.351s] 
[14.352s]     File "<frozen runpy>", line 198, in _run_module_as_main
[14.353s]     File "<frozen runpy>", line 88, in _run_code
[14.354s]     File "/opt/ros/jazzy/lib/python3.12/site-packages/rosidl_adapter/__main__.py", line 19, in <module>
[14.355s]       sys.exit(main())
[14.355s]                ^^^^^^
[14.356s]     File "/opt/ros/jazzy/lib/python3.12/site-packages/rosidl_adapter/main.py", line 53, in main
[14.358s]       abs_idl_file = convert_to_idl(
[14.358s]                      ^^^^^^^^^^^^^^^
[14.359s]     File "/opt/ros/jazzy/lib/python3.12/site-packages/rosidl_adapter/__init__.py", line 24, in convert_to_idl
[14.364s]       return convert_srv_to_idl(
[14.365s]              ^^^^^^^^^^^^^^^^^^^
[14.374s]     File "/opt/ros/jazzy/lib/python3.12/site-packages/rosidl_adapter/srv/__init__.py", line 28, in convert_srv_to_idl
[14.375s]       srv = parse_service_string(package_name, input_file.stem, content)
[14.375s]             ^^^^^^^^^^^^^^^^^^^^^^^^^^^^^^^^^^^^^^^^^^^^^^^^^^^^^^^^^^^^
[14.383s]     File "/opt/ros/jazzy/lib/python3.12/site-packages/rosidl_adapter/parser.py", line 851, in parse_service_string
[14.391s]       raise InvalidServiceSpecification(
[14.391s] 
[14.411s]   rosidl_adapter.parser.InvalidServiceSpecification: Could not find separator
[14.412s]   '---' between request and response
[14.417s] 
[14.417s] Call Stack (most recent call first):
[14.417s]   /opt/ros/jazzy/share/rosidl_cmake/cmake/rosidl_generate_interfaces.cmake:132 (rosidl_adapt_interfaces)
[14.417s]   CMakeLists.txt:26 (rosidl_generate_interfaces)
[14.418s] 
[14.418s] [0m
[14.419s] -- Configuring incomplete, errors occurred!
[14.427s] Invoked command in '/home/ros2_ws/build/mfe_msgs' returned '1': CMAKE_PREFIX_PATH=${CMAKE_PREFIX_PATH}:/opt/ros/jazzy /usr/bin/cmake /home/ros2_ws/ros2/src/mfe_msgs -DAMENT_CMAKE_SYMLINK_INSTALL=1 -DCMAKE_INSTALL_PREFIX=/home/ros2_ws/install/mfe_msgs
