[0.048s] Invoking command in '/home/ros2_ws/build/mfe_mapping': CMAKE_PREFIX_PATH=${CMAKE_PREFIX_PATH}:/opt/ros/jazzy /usr/bin/cmake /home/ros2_ws/ros2/src/mfe_mapping -DCMAKE_INSTALL_PREFIX=/home/ros2_ws/install/mfe_mapping
[0.077s] -- Found ament_cmake: 2.5.2 (/opt/ros/jazzy/share/ament_cmake/cmake)
[0.594s] -- Override CMake install command with custom implementation using symlinks instead of copying resources
[0.610s] -- Found ament_lint_auto: 0.17.1 (/opt/ros/jazzy/share/ament_lint_auto/cmake)
[0.889s] -- Added test 'lint_cmake' to check CMake code style
[0.892s] -- Added test 'xmllint' to check XML markup files
[0.901s] -- Configuring done (0.8s)
[0.910s] -- Generating done (0.0s)
[0.912s] -- Build files have been written to: /home/ros2_ws/build/mfe_mapping
[0.919s] Invoked command in '/home/ros2_ws/build/mfe_mapping' returned '0': CMAKE_PREFIX_PATH=${CMAKE_PREFIX_PATH}:/opt/ros/jazzy /usr/bin/cmake /home/ros2_ws/ros2/src/mfe_mapping -DCMAKE_INSTALL_PREFIX=/home/ros2_ws/install/mfe_mapping
[0.920s] Invoking command in '/home/ros2_ws/build/mfe_mapping': CMAKE_PREFIX_PATH=${CMAKE_PREFIX_PATH}:/opt/ros/jazzy /usr/bin/cmake --build /home/ros2_ws/build/mfe_mapping -- -j8 -l8
[1.001s] Invoked command in '/home/ros2_ws/build/mfe_mapping' returned '0': CMAKE_PREFIX_PATH=${CMAKE_PREFIX_PATH}:/opt/ros/jazzy /usr/bin/cmake --build /home/ros2_ws/build/mfe_mapping -- -j8 -l8
[1.076s] Invoking command in '/home/ros2_ws/build/mfe_mapping': CMAKE_PREFIX_PATH=${CMAKE_PREFIX_PATH}:/opt/ros/jazzy /usr/bin/cmake --install /home/ros2_ws/build/mfe_mapping
[1.092s] -- Install configuration: ""
[1.111s] -- Execute custom install script
[1.112s] -- Up-to-date symlink: /home/ros2_ws/install/mfe_mapping/share/ament_index/resource_index/package_run_dependencies/mfe_mapping
[1.112s] -- Up-to-date symlink: /home/ros2_ws/install/mfe_mapping/share/ament_index/resource_index/parent_prefix_path/mfe_mapping
[1.114s] -- Up-to-date symlink: /home/ros2_ws/install/mfe_mapping/share/mfe_mapping/environment/ament_prefix_path.sh
[1.114s] -- Up-to-date symlink: /home/ros2_ws/install/mfe_mapping/share/mfe_mapping/environment/ament_prefix_path.dsv
[1.120s] -- Up-to-date symlink: /home/ros2_ws/install/mfe_mapping/share/mfe_mapping/environment/path.sh
[1.121s] -- Up-to-date symlink: /home/ros2_ws/install/mfe_mapping/share/mfe_mapping/environment/path.dsv
[1.124s] -- Up-to-date symlink: /home/ros2_ws/install/mfe_mapping/share/mfe_mapping/local_setup.bash
[1.125s] -- Up-to-date symlink: /home/ros2_ws/install/mfe_mapping/share/mfe_mapping/local_setup.sh
[1.125s] -- Up-to-date symlink: /home/ros2_ws/install/mfe_mapping/share/mfe_mapping/local_setup.zsh
[1.125s] -- Up-to-date symlink: /home/ros2_ws/install/mfe_mapping/share/mfe_mapping/local_setup.dsv
[1.126s] -- Symlinking: /home/ros2_ws/install/mfe_mapping/share/mfe_mapping/package.dsv
[1.143s] -- Up-to-date symlink: /home/ros2_ws/install/mfe_mapping/share/ament_index/resource_index/packages/mfe_mapping
[1.144s] -- Up-to-date symlink: /home/ros2_ws/install/mfe_mapping/share/mfe_mapping/cmake/mfe_mappingConfig.cmake
[1.144s] -- Up-to-date symlink: /home/ros2_ws/install/mfe_mapping/share/mfe_mapping/cmake/mfe_mappingConfig-version.cmake
[1.144s] -- Up-to-date symlink: /home/ros2_ws/install/mfe_mapping/share/mfe_mapping/package.xml
