[0.101s] Invoking command in '/home/ros2_ws/build/mfe_msgs': CMAKE_PREFIX_PATH=${CMAKE_PREFIX_PATH}:/opt/ros/jazzy /usr/bin/cmake /home/ros2_ws/ros2/src/mfe_msgs -DAMENT_CMAKE_SYMLINK_INSTALL=1 -DCMAKE_INSTALL_PREFIX=/home/ros2_ws/install/mfe_msgs
[0.269s] -- Found ament_cmake: 2.5.2 (/opt/ros/jazzy/share/ament_cmake/cmake)
[1.479s] -- Override CMake install command with custom implementation using symlinks instead of copying resources
[1.524s] -- Found builtin_interfaces: 2.0.2 (/opt/ros/jazzy/share/builtin_interfaces/cmake)
[1.580s] -- Found rosidl_generator_c: 4.6.4 (/opt/ros/jazzy/share/rosidl_generator_c/cmake)
[1.658s] -- Found rosidl_generator_cpp: 4.6.4 (/opt/ros/jazzy/share/rosidl_generator_cpp/cmake)
[1.745s] -- Using all available rosidl_typesupport_c: rosidl_typesupport_fastrtps_c;rosidl_typesupport_introspection_c
[1.854s] -- Using all available rosidl_typesupport_cpp: rosidl_typesupport_fastrtps_cpp;rosidl_typesupport_introspection_cpp
[1.982s] -- Found std_msgs: 5.3.5 (/opt/ros/jazzy/share/std_msgs/cmake)
[2.111s] -- Found geometry_msgs: 5.3.5 (/opt/ros/jazzy/share/geometry_msgs/cmake)
[2.245s] -- Found rosidl_default_generators: 1.6.0 (/opt/ros/jazzy/share/rosidl_default_generators/cmake)
[2.326s] -- Found rosidl_adapter: 4.6.4 (/opt/ros/jazzy/share/rosidl_adapter/cmake)
[3.093s] [31mCMake Error at /opt/ros/jazzy/share/rosidl_adapter/cmake/rosidl_adapt_interfaces.cmake:57 (message):
[3.093s]   execute_process(/usr/bin/python3 -m rosidl_adapter --package-name mfe_msgs
[3.093s]   --arguments-file
[3.094s]   /home/ros2_ws/build/mfe_msgs/rosidl_adapter__arguments__mfe_msgs.json
[3.094s]   --output-dir /home/ros2_ws/build/mfe_msgs/rosidl_adapter/mfe_msgs
[3.094s]   --output-file /home/ros2_ws/build/mfe_msgs/rosidl_adapter/mfe_msgs.idls)
[3.094s]   returned error code 1:
[3.094s] 
[3.094s]   Traceback (most recent call last):
[3.094s] 
[3.095s]     File "<frozen runpy>", line 198, in _run_module_as_main
[3.095s]     File "<frozen runpy>", line 88, in _run_code
[3.095s]     File "/opt/ros/jazzy/lib/python3.12/site-packages/rosidl_adapter/__main__.py", line 19, in <module>
[3.095s]       sys.exit(main())
[3.095s]                ^^^^^^
[3.095s]     File "/opt/ros/jazzy/lib/python3.12/site-packages/rosidl_adapter/main.py", line 53, in main
[3.095s]       abs_idl_file = convert_to_idl(
[3.096s]                      ^^^^^^^^^^^^^^^
[3.096s]     File "/opt/ros/jazzy/lib/python3.12/site-packages/rosidl_adapter/__init__.py", line 24, in convert_to_idl
[3.096s]       return convert_srv_to_idl(
[3.096s]              ^^^^^^^^^^^^^^^^^^^
[3.096s]     File "/opt/ros/jazzy/lib/python3.12/site-packages/rosidl_adapter/srv/__init__.py", line 28, in convert_srv_to_idl
[3.096s]       srv = parse_service_string(package_name, input_file.stem, content)
[3.096s]             ^^^^^^^^^^^^^^^^^^^^^^^^^^^^^^^^^^^^^^^^^^^^^^^^^^^^^^^^^^^^
[3.096s]     File "/opt/ros/jazzy/lib/python3.12/site-packages/rosidl_adapter/parser.py", line 851, in parse_service_string
[3.097s]       raise InvalidServiceSpecification(
[3.097s] 
[3.097s]   rosidl_adapter.parser.InvalidServiceSpecification: Could not find separator
[3.097s]   '---' between request and response
[3.097s] 
[3.097s] Call Stack (most recent call first):
[3.097s]   /opt/ros/jazzy/share/rosidl_cmake/cmake/rosidl_generate_interfaces.cmake:132 (rosidl_adapt_interfaces)
[3.098s]   CMakeLists.txt:26 (rosidl_generate_interfaces)
[3.098s] 
[3.098s] [0m
[3.098s] -- Configuring incomplete, errors occurred!
[3.101s] Invoked command in '/home/ros2_ws/build/mfe_msgs' returned '1': CMAKE_PREFIX_PATH=${CMAKE_PREFIX_PATH}:/opt/ros/jazzy /usr/bin/cmake /home/ros2_ws/ros2/src/mfe_msgs -DAMENT_CMAKE_SYMLINK_INSTALL=1 -DCMAKE_INSTALL_PREFIX=/home/ros2_ws/install/mfe_msgs
