[0.128s] Invoking command in '/home/ros2_ws/build/my_bot': CMAKE_PREFIX_PATH=${CMAKE_PREFIX_PATH}:/opt/ros/jazzy /usr/bin/cmake /home/ros2_ws/ros2/src/my_bot -DCMAKE_INSTALL_PREFIX=/home/ros2_ws/install/my_bot
[0.960s] -- Found ament_cmake: 2.5.2 (/opt/ros/jazzy/share/ament_cmake/cmake)
[1.359s] -- Override CMake install command with custom implementation using symlinks instead of copying resources
[1.467s] -- Found ament_lint_auto: 0.17.1 (/opt/ros/jazzy/share/ament_lint_auto/cmake)
[1.617s] -- Added test 'copyright' to check source files copyright and LICENSE
[1.620s] -- Added test 'flake8' to check Python code syntax and style conventions
[1.620s] -- Configured 'flake8' exclude dirs and/or files: 
[1.621s] -- Added test 'lint_cmake' to check CMake code style
[1.621s] -- Added test 'pep257' to check Python code against some of the docstring style conventions in PEP 257
[1.623s] -- Added test 'xmllint' to check XML markup files
[1.624s] -- Configuring done (0.8s)
[1.664s] -- Generating done (0.0s)
[1.665s] -- Build files have been written to: /home/ros2_ws/build/my_bot
[1.717s] Invoked command in '/home/ros2_ws/build/my_bot' returned '0': CMAKE_PREFIX_PATH=${CMAKE_PREFIX_PATH}:/opt/ros/jazzy /usr/bin/cmake /home/ros2_ws/ros2/src/my_bot -DCMAKE_INSTALL_PREFIX=/home/ros2_ws/install/my_bot
[1.718s] Invoking command in '/home/ros2_ws/build/my_bot': CMAKE_PREFIX_PATH=${CMAKE_PREFIX_PATH}:/opt/ros/jazzy /usr/bin/cmake --build /home/ros2_ws/build/my_bot -- -j8 -l8
[1.812s] Invoked command in '/home/ros2_ws/build/my_bot' returned '0': CMAKE_PREFIX_PATH=${CMAKE_PREFIX_PATH}:/opt/ros/jazzy /usr/bin/cmake --build /home/ros2_ws/build/my_bot -- -j8 -l8
[1.841s] Invoking command in '/home/ros2_ws/build/my_bot': CMAKE_PREFIX_PATH=${CMAKE_PREFIX_PATH}:/opt/ros/jazzy /usr/bin/cmake --install /home/ros2_ws/build/my_bot
[1.849s] -- Install configuration: ""
[1.849s] -- Execute custom install script
[1.850s] -- Up-to-date symlink: /home/ros2_ws/install/my_bot/share/my_bot/config/empty.yaml
[1.850s] -- Up-to-date symlink: /home/ros2_ws/install/my_bot/share/my_bot/description/robot.urdf.xacro
[1.851s] -- Up-to-date symlink: /home/ros2_ws/install/my_bot/share/my_bot/description/robot_core.xacro
[1.851s] -- Up-to-date symlink: /home/ros2_ws/install/my_bot/share/my_bot/launch/rsp.launch.py
[1.851s] -- Up-to-date symlink: /home/ros2_ws/install/my_bot/share/my_bot/worlds/empty.world
[1.852s] -- Up-to-date symlink: /home/ros2_ws/install/my_bot/share/ament_index/resource_index/package_run_dependencies/my_bot
[1.852s] -- Up-to-date symlink: /home/ros2_ws/install/my_bot/share/ament_index/resource_index/parent_prefix_path/my_bot
[1.852s] -- Up-to-date symlink: /home/ros2_ws/install/my_bot/share/my_bot/environment/ament_prefix_path.sh
[1.853s] -- Up-to-date symlink: /home/ros2_ws/install/my_bot/share/my_bot/environment/ament_prefix_path.dsv
[1.853s] -- Up-to-date symlink: /home/ros2_ws/install/my_bot/share/my_bot/environment/path.sh
[1.853s] -- Up-to-date symlink: /home/ros2_ws/install/my_bot/share/my_bot/environment/path.dsv
[1.854s] -- Up-to-date symlink: /home/ros2_ws/install/my_bot/share/my_bot/local_setup.bash
[1.854s] -- Up-to-date symlink: /home/ros2_ws/install/my_bot/share/my_bot/local_setup.sh
[1.854s] -- Up-to-date symlink: /home/ros2_ws/install/my_bot/share/my_bot/local_setup.zsh
[1.854s] -- Up-to-date symlink: /home/ros2_ws/install/my_bot/share/my_bot/local_setup.dsv
[1.855s] -- Symlinking: /home/ros2_ws/install/my_bot/share/my_bot/package.dsv
[1.864s] -- Up-to-date symlink: /home/ros2_ws/install/my_bot/share/ament_index/resource_index/packages/my_bot
[1.864s] -- Up-to-date symlink: /home/ros2_ws/install/my_bot/share/my_bot/cmake/my_botConfig.cmake
[1.864s] -- Up-to-date symlink: /home/ros2_ws/install/my_bot/share/my_bot/cmake/my_botConfig-version.cmake
[1.864s] -- Up-to-date symlink: /home/ros2_ws/install/my_bot/share/my_bot/package.xml
[1.866s] Invoked command in '/home/ros2_ws/build/my_bot' returned '0': CMAKE_PREFIX_PATH=${CMAKE_PREFIX_PATH}:/opt/ros/jazzy /usr/bin/cmake --install /home/ros2_ws/build/my_bot
