[0.016s] Invoking command in '/home/ros2_ws/build/my_bot': CMAKE_PREFIX_PATH=${CMAKE_PREFIX_PATH}:/opt/ros/jazzy /usr/bin/cmake /home/ros2_ws/ros2/src/my_bot -DCMAKE_INSTALL_PREFIX=/home/ros2_ws/install/my_bot
[0.031s] -- Found ament_cmake: 2.5.2 (/opt/ros/jazzy/share/ament_cmake/cmake)
[0.279s] -- Override CMake install command with custom implementation using symlinks instead of copying resources
[0.292s] -- Found ament_lint_auto: 0.17.1 (/opt/ros/jazzy/share/ament_lint_auto/cmake)
[0.424s] -- Added test 'copyright' to check source files copyright and LICENSE
[0.429s] -- Added test 'flake8' to check Python code syntax and style conventions
[0.429s] -- Configured 'flake8' exclude dirs and/or files: 
[0.429s] -- Added test 'lint_cmake' to check CMake code style
[0.430s] -- Added test 'pep257' to check Python code against some of the docstring style conventions in PEP 257
[0.433s] -- Added test 'xmllint' to check XML markup files
[0.434s] -- Configuring done (0.4s)
[0.443s] -- Generating done (0.0s)
[0.446s] -- Build files have been written to: /home/ros2_ws/build/my_bot
[0.450s] Invoked command in '/home/ros2_ws/build/my_bot' returned '0': CMAKE_PREFIX_PATH=${CMAKE_PREFIX_PATH}:/opt/ros/jazzy /usr/bin/cmake /home/ros2_ws/ros2/src/my_bot -DCMAKE_INSTALL_PREFIX=/home/ros2_ws/install/my_bot
[0.452s] Invoking command in '/home/ros2_ws/build/my_bot': CMAKE_PREFIX_PATH=${CMAKE_PREFIX_PATH}:/opt/ros/jazzy /usr/bin/cmake --build /home/ros2_ws/build/my_bot -- -j8 -l8
[0.504s] Invoked command in '/home/ros2_ws/build/my_bot' returned '0': CMAKE_PREFIX_PATH=${CMAKE_PREFIX_PATH}:/opt/ros/jazzy /usr/bin/cmake --build /home/ros2_ws/build/my_bot -- -j8 -l8
[0.546s] Invoking command in '/home/ros2_ws/build/my_bot': CMAKE_PREFIX_PATH=${CMAKE_PREFIX_PATH}:/opt/ros/jazzy /usr/bin/cmake --install /home/ros2_ws/build/my_bot
[0.556s] -- Install configuration: ""
[0.557s] -- Execute custom install script
[0.558s] -- Up-to-date symlink: /home/ros2_ws/install/my_bot/share/my_bot/config/empty.yaml
[0.558s] -- Up-to-date symlink: /home/ros2_ws/install/my_bot/share/my_bot/description/robot.urdf.xacro
[0.559s] -- Up-to-date symlink: /home/ros2_ws/install/my_bot/share/my_bot/launch/rsp.launch.py
[0.559s] -- Up-to-date symlink: /home/ros2_ws/install/my_bot/share/my_bot/worlds/empty.world
[0.560s] -- Up-to-date symlink: /home/ros2_ws/install/my_bot/share/ament_index/resource_index/package_run_dependencies/my_bot
[0.560s] -- Up-to-date symlink: /home/ros2_ws/install/my_bot/share/ament_index/resource_index/parent_prefix_path/my_bot
[0.560s] -- Up-to-date symlink: /home/ros2_ws/install/my_bot/share/my_bot/environment/ament_prefix_path.sh
[0.560s] -- Up-to-date symlink: /home/ros2_ws/install/my_bot/share/my_bot/environment/ament_prefix_path.dsv
[0.561s] -- Up-to-date symlink: /home/ros2_ws/install/my_bot/share/my_bot/environment/path.sh
[0.561s] -- Up-to-date symlink: /home/ros2_ws/install/my_bot/share/my_bot/environment/path.dsv
[0.561s] -- Up-to-date symlink: /home/ros2_ws/install/my_bot/share/my_bot/local_setup.bash
[0.562s] -- Up-to-date symlink: /home/ros2_ws/install/my_bot/share/my_bot/local_setup.sh
[0.562s] -- Up-to-date symlink: /home/ros2_ws/install/my_bot/share/my_bot/local_setup.zsh
[0.562s] -- Up-to-date symlink: /home/ros2_ws/install/my_bot/share/my_bot/local_setup.dsv
[0.563s] -- Symlinking: /home/ros2_ws/install/my_bot/share/my_bot/package.dsv
[0.575s] -- Up-to-date symlink: /home/ros2_ws/install/my_bot/share/ament_index/resource_index/packages/my_bot
[0.576s] -- Up-to-date symlink: /home/ros2_ws/install/my_bot/share/my_bot/cmake/my_botConfig.cmake
[0.576s] -- Up-to-date symlink: /home/ros2_ws/install/my_bot/share/my_bot/cmake/my_botConfig-version.cmake
[0.576s] -- Up-to-date symlink: /home/ros2_ws/install/my_bot/share/my_bot/package.xml
[0.579s] Invoked command in '/home/ros2_ws/build/my_bot' returned '0': CMAKE_PREFIX_PATH=${CMAKE_PREFIX_PATH}:/opt/ros/jazzy /usr/bin/cmake --install /home/ros2_ws/build/my_bot
