[0.044s] Invoking command in '/home/ros2_ws/build/mfe_navigation': CMAKE_PREFIX_PATH=${CMAKE_PREFIX_PATH}:/opt/ros/jazzy /usr/bin/cmake /home/ros2_ws/ros2/src/mfe_navigation -DCMAKE_INSTALL_PREFIX=/home/ros2_ws/install/mfe_navigation
[0.892s] -- Found ament_cmake: 2.5.2 (/opt/ros/jazzy/share/ament_cmake/cmake)
[0.894s] -- Override CMake install command with custom implementation using symlinks instead of copying resources
[0.894s] -- Found ament_lint_auto: 0.17.1 (/opt/ros/jazzy/share/ament_lint_auto/cmake)
[0.908s] -- Added test 'copyright' to check source files copyright and LICENSE
[0.910s] -- Added test 'lint_cmake' to check CMake code style
[0.913s] -- Added test 'xmllint' to check XML markup files
[0.915s] -- Configuring done (0.8s)
[0.927s] -- Generating done (0.0s)
[0.927s] -- Build files have been written to: /home/ros2_ws/build/mfe_navigation
[0.935s] Invoked command in '/home/ros2_ws/build/mfe_navigation' returned '0': CMAKE_PREFIX_PATH=${CMAKE_PREFIX_PATH}:/opt/ros/jazzy /usr/bin/cmake /home/ros2_ws/ros2/src/mfe_navigation -DCMAKE_INSTALL_PREFIX=/home/ros2_ws/install/mfe_navigation
[0.936s] Invoking command in '/home/ros2_ws/build/mfe_navigation': CMAKE_PREFIX_PATH=${CMAKE_PREFIX_PATH}:/opt/ros/jazzy /usr/bin/cmake --build /home/ros2_ws/build/mfe_navigation -- -j8 -l8
[1.038s] Invoked command in '/home/ros2_ws/build/mfe_navigation' returned '0': CMAKE_PREFIX_PATH=${CMAKE_PREFIX_PATH}:/opt/ros/jazzy /usr/bin/cmake --build /home/ros2_ws/build/mfe_navigation -- -j8 -l8
[1.081s] Invoking command in '/home/ros2_ws/build/mfe_navigation': CMAKE_PREFIX_PATH=${CMAKE_PREFIX_PATH}:/opt/ros/jazzy /usr/bin/cmake --install /home/ros2_ws/build/mfe_navigation
[1.109s] -- Install configuration: ""
[1.120s] -- Execute custom install script
[1.120s] -- Up-to-date symlink: /home/ros2_ws/install/mfe_navigation/share/ament_index/resource_index/package_run_dependencies/mfe_navigation
[1.122s] -- Up-to-date symlink: /home/ros2_ws/install/mfe_navigation/share/ament_index/resource_index/parent_prefix_path/mfe_navigation
[1.123s] -- Up-to-date symlink: /home/ros2_ws/install/mfe_navigation/share/mfe_navigation/environment/ament_prefix_path.sh
[1.123s] -- Up-to-date symlink: /home/ros2_ws/install/mfe_navigation/share/mfe_navigation/environment/ament_prefix_path.dsv
[1.123s] -- Up-to-date symlink: /home/ros2_ws/install/mfe_navigation/share/mfe_navigation/environment/path.sh
[1.123s] -- Up-to-date symlink: /home/ros2_ws/install/mfe_navigation/share/mfe_navigation/environment/path.dsv
[1.125s] -- Up-to-date symlink: /home/ros2_ws/install/mfe_navigation/share/mfe_navigation/local_setup.bash
[1.126s] -- Up-to-date symlink: /home/ros2_ws/install/mfe_navigation/share/mfe_navigation/local_setup.sh
[1.126s] -- Up-to-date symlink: /home/ros2_ws/install/mfe_navigation/share/mfe_navigation/local_setup.zsh
[1.127s] -- Up-to-date symlink: /home/ros2_ws/install/mfe_navigation/share/mfe_navigation/local_setup.dsv
[1.128s] -- Symlinking: /home/ros2_ws/install/mfe_navigation/share/mfe_navigation/package.dsv
[1.139s] -- Up-to-date symlink: /home/ros2_ws/install/mfe_navigation/share/ament_index/resource_index/packages/mfe_navigation
[1.139s] -- Up-to-date symlink: /home/ros2_ws/install/mfe_navigation/share/mfe_navigation/cmake/mfe_navigationConfig.cmake
[1.140s] -- Up-to-date symlink: /home/ros2_ws/install/mfe_navigation/share/mfe_navigation/cmake/mfe_navigationConfig-version.cmake
[1.140s] -- Up-to-date symlink: /home/ros2_ws/install/mfe_navigation/share/mfe_navigation/package.xml
