-- The C compiler identification is GNU 13.3.0
-- The CXX compiler identification is GNU 13.3.0
-- Detecting C compiler ABI info
-- Detecting C compiler ABI info - done
-- Check for working C compiler: /usr/bin/cc - skipped
-- Detecting C compile features
-- Detecting C compile features - done
-- Detecting CXX compiler ABI info
-- Detecting CXX compiler ABI info - done
-- Check for working CXX compiler: /usr/bin/c++ - skipped
-- Detecting CXX compile features
-- Detecting CXX compile features - done
-- Found ament_cmake: 2.5.2 (/opt/ros/jazzy/share/ament_cmake/cmake)
-- Found Python3: /usr/bin/python3 (found version "3.12.3") found components: Interpreter 
-- Override CMake install command with custom implementation using symlinks instead of copying resources
-- Found ament_lint_auto: 0.17.1 (/opt/ros/jazzy/share/ament_lint_auto/cmake)
-- Added test 'copyright' to check source files copyright and LICENSE
-- Added test 'lint_cmake' to check CMake code style
-- Added test 'xmllint' to check XML markup files
-- Configuring done (8.8s)
-- Generating done (0.0s)
-- Build files have been written to: /home/ros2_ws/build/mfe
-- Install configuration: ""
-- Execute custom install script
-- Symlinking: /home/ros2_ws/install/mfe/share/ament_index/resource_index/package_run_dependencies/mfe
-- Symlinking: /home/ros2_ws/install/mfe/share/ament_index/resource_index/parent_prefix_path/mfe
-- Symlinking: /home/ros2_ws/install/mfe/share/mfe/environment/ament_prefix_path.sh
-- Symlinking: /home/ros2_ws/install/mfe/share/mfe/environment/ament_prefix_path.dsv
-- Symlinking: /home/ros2_ws/install/mfe/share/mfe/environment/path.sh
-- Symlinking: /home/ros2_ws/install/mfe/share/mfe/environment/path.dsv
-- Symlinking: /home/ros2_ws/install/mfe/share/mfe/local_setup.bash
-- Symlinking: /home/ros2_ws/install/mfe/share/mfe/local_setup.sh
-- Symlinking: /home/ros2_ws/install/mfe/share/mfe/local_setup.zsh
-- Symlinking: /home/ros2_ws/install/mfe/share/mfe/local_setup.dsv
-- Symlinking: /home/ros2_ws/install/mfe/share/mfe/package.dsv
-- Symlinking: /home/ros2_ws/install/mfe/share/ament_index/resource_index/packages/mfe
-- Symlinking: /home/ros2_ws/install/mfe/share/mfe/cmake/mfeConfig.cmake
-- Symlinking: /home/ros2_ws/install/mfe/share/mfe/cmake/mfeConfig-version.cmake
-- Symlinking: /home/ros2_ws/install/mfe/share/mfe/package.xml
