[0.041s] Invoking command in '/home/ros2_ws/build/mfe_msgs': CMAKE_PREFIX_PATH=${CMAKE_PREFIX_PATH}:/opt/ros/jazzy /usr/bin/cmake /home/ros2_ws/ros2/src/mfe_msgs -DAMENT_CMAKE_SYMLINK_INSTALL=1 -DCMAKE_INSTALL_PREFIX=/home/ros2_ws/install/mfe_msgs
[0.071s] -- Found ament_cmake: 2.5.2 (/opt/ros/jazzy/share/ament_cmake/cmake)
[0.328s] -- Override CMake install command with custom implementation using symlinks instead of copying resources
[0.359s] -- Found builtin_interfaces: 2.0.2 (/opt/ros/jazzy/share/builtin_interfaces/cmake)
[0.418s] -- Found rosidl_generator_c: 4.6.4 (/opt/ros/jazzy/share/rosidl_generator_c/cmake)
[0.460s] -- Found rosidl_generator_cpp: 4.6.4 (/opt/ros/jazzy/share/rosidl_generator_cpp/cmake)
[0.495s] -- Using all available rosidl_typesupport_c: rosidl_typesupport_fastrtps_c;rosidl_typesupport_introspection_c
[0.535s] -- Using all available rosidl_typesupport_cpp: rosidl_typesupport_fastrtps_cpp;rosidl_typesupport_introspection_cpp
[0.571s] -- Found std_msgs: 5.3.5 (/opt/ros/jazzy/share/std_msgs/cmake)
[0.622s] -- Found geometry_msgs: 5.3.5 (/opt/ros/jazzy/share/geometry_msgs/cmake)
[0.665s] -- Found rosidl_default_generators: 1.6.0 (/opt/ros/jazzy/share/rosidl_default_generators/cmake)
[0.689s] -- Found rosidl_adapter: 4.6.4 (/opt/ros/jazzy/share/rosidl_adapter/cmake)
[0.978s] [31mCMake Error at /opt/ros/jazzy/share/rosidl_adapter/cmake/rosidl_adapt_interfaces.cmake:57 (message):
[0.978s]   execute_process(/usr/bin/python3 -m rosidl_adapter --package-name mfe_msgs
[0.978s]   --arguments-file
[0.978s]   /home/ros2_ws/build/mfe_msgs/rosidl_adapter__arguments__mfe_msgs.json
[0.979s]   --output-dir /home/ros2_ws/build/mfe_msgs/rosidl_adapter/mfe_msgs
[0.983s]   --output-file /home/ros2_ws/build/mfe_msgs/rosidl_adapter/mfe_msgs.idls)
[0.983s]   returned error code 1:
[0.983s] 
[0.984s]   Traceback (most recent call last):
[0.984s] 
[0.984s]     File "<frozen runpy>", line 198, in _run_module_as_main
[0.984s]     File "<frozen runpy>", line 88, in _run_code
[0.992s]     File "/opt/ros/jazzy/lib/python3.12/site-packages/rosidl_adapter/__main__.py", line 19, in <module>
[0.993s]       sys.exit(main())
[0.993s]                ^^^^^^
[0.993s]     File "/opt/ros/jazzy/lib/python3.12/site-packages/rosidl_adapter/main.py", line 53, in main
[0.993s]       abs_idl_file = convert_to_idl(
[0.993s]                      ^^^^^^^^^^^^^^^
[0.995s]     File "/opt/ros/jazzy/lib/python3.12/site-packages/rosidl_adapter/__init__.py", line 24, in convert_to_idl
[0.995s]       return convert_srv_to_idl(
[0.996s]              ^^^^^^^^^^^^^^^^^^^
[0.996s]     File "/opt/ros/jazzy/lib/python3.12/site-packages/rosidl_adapter/srv/__init__.py", line 28, in convert_srv_to_idl
[0.996s]       srv = parse_service_string(package_name, input_file.stem, content)
[0.996s]             ^^^^^^^^^^^^^^^^^^^^^^^^^^^^^^^^^^^^^^^^^^^^^^^^^^^^^^^^^^^^
[0.997s]     File "/opt/ros/jazzy/lib/python3.12/site-packages/rosidl_adapter/parser.py", line 851, in parse_service_string
[0.997s]       raise InvalidServiceSpecification(
[0.997s] 
[0.997s]   rosidl_adapter.parser.InvalidServiceSpecification: Could not find separator
[0.998s]   '---' between request and response
[0.998s] 
[0.998s] Call Stack (most recent call first):
[0.998s]   /opt/ros/jazzy/share/rosidl_cmake/cmake/rosidl_generate_interfaces.cmake:132 (rosidl_adapt_interfaces)
[1.004s]   CMakeLists.txt:26 (rosidl_generate_interfaces)
[1.004s] 
[1.006s] [0m
[1.006s] -- Configuring incomplete, errors occurred!
[1.008s] Invoked command in '/home/ros2_ws/build/mfe_msgs' returned '1': CMAKE_PREFIX_PATH=${CMAKE_PREFIX_PATH}:/opt/ros/jazzy /usr/bin/cmake /home/ros2_ws/ros2/src/mfe_msgs -DAMENT_CMAKE_SYMLINK_INSTALL=1 -DCMAKE_INSTALL_PREFIX=/home/ros2_ws/install/mfe_msgs
