[0.026s] Invoking command in '/home/ros2_ws/build/mfe_base': /usr/bin/cmake --build /home/ros2_ws/build/mfe_base -- -j8 -l8
[0.108s] Invoked command in '/home/ros2_ws/build/mfe_base' returned '0': /usr/bin/cmake --build /home/ros2_ws/build/mfe_base -- -j8 -l8
[0.156s] Invoking command in '/home/ros2_ws/build/mfe_base': /usr/bin/cmake --install /home/ros2_ws/build/mfe_base
[0.170s] -- Install configuration: ""
[0.177s] -- Execute custom install script
[0.182s] -- Up-to-date symlink: /home/ros2_ws/install/mfe_base/share/ament_index/resource_index/package_run_dependencies/mfe_base
[0.182s] -- Up-to-date symlink: /home/ros2_ws/install/mfe_base/share/ament_index/resource_index/parent_prefix_path/mfe_base
[0.183s] -- Up-to-date symlink: /home/ros2_ws/install/mfe_base/share/mfe_base/environment/ament_prefix_path.sh
[0.183s] -- Up-to-date symlink: /home/ros2_ws/install/mfe_base/share/mfe_base/environment/ament_prefix_path.dsv
[0.184s] -- Up-to-date symlink: /home/ros2_ws/install/mfe_base/share/mfe_base/environment/path.sh
[0.184s] -- Up-to-date symlink: /home/ros2_ws/install/mfe_base/share/mfe_base/environment/path.dsv
[0.185s] -- Up-to-date symlink: /home/ros2_ws/install/mfe_base/share/mfe_base/local_setup.bash
[0.186s] -- Up-to-date symlink: /home/ros2_ws/install/mfe_base/share/mfe_base/local_setup.sh
[0.186s] -- Up-to-date symlink: /home/ros2_ws/install/mfe_base/share/mfe_base/local_setup.zsh
[0.186s] -- Up-to-date symlink: /home/ros2_ws/install/mfe_base/share/mfe_base/local_setup.dsv
[0.187s] -- Symlinking: /home/ros2_ws/install/mfe_base/share/mfe_base/package.dsv
[0.199s] -- Up-to-date symlink: /home/ros2_ws/install/mfe_base/share/ament_index/resource_index/packages/mfe_base
[0.199s] -- Up-to-date symlink: /home/ros2_ws/install/mfe_base/share/mfe_base/cmake/mfe_baseConfig.cmake
[0.200s] -- Up-to-date symlink: /home/ros2_ws/install/mfe_base/share/mfe_base/cmake/mfe_baseConfig-version.cmake
[0.200s] -- Up-to-date symlink: /home/ros2_ws/install/mfe_base/share/mfe_base/package.xml
[0.242s] Invoked command in '/home/ros2_ws/build/mfe_base' returned '0': /usr/bin/cmake --install /home/ros2_ws/build/mfe_base
