[0.052s] Invoking command in '/home/ros2_ws/build/mfe_base': CMAKE_PREFIX_PATH=${CMAKE_PREFIX_PATH}:/opt/ros/jazzy /usr/bin/cmake /home/ros2_ws/ros2/src/mfe_base -DAMENT_CMAKE_SYMLINK_INSTALL=1 -DCMAKE_INSTALL_PREFIX=/home/ros2_ws/install/mfe_base
[0.081s] -- Found ament_cmake: 2.5.2 (/opt/ros/jazzy/share/ament_cmake/cmake)
[0.591s] -- Override CMake install command with custom implementation using symlinks instead of copying resources
[0.663s] -- Found ament_lint_auto: 0.17.1 (/opt/ros/jazzy/share/ament_lint_auto/cmake)
[1.011s] -- Added test 'copyright' to check source files copyright and LICENSE
[1.013s] -- Added test 'lint_cmake' to check CMake code style
[1.015s] -- Added test 'xmllint' to check XML markup files
[1.017s] -- Configuring done (0.9s)
[1.044s] -- Generating done (0.0s)
[1.044s] -- Build files have been written to: /home/ros2_ws/build/mfe_base
[1.047s] Invoked command in '/home/ros2_ws/build/mfe_base' returned '0': CMAKE_PREFIX_PATH=${CMAKE_PREFIX_PATH}:/opt/ros/jazzy /usr/bin/cmake /home/ros2_ws/ros2/src/mfe_base -DAMENT_CMAKE_SYMLINK_INSTALL=1 -DCMAKE_INSTALL_PREFIX=/home/ros2_ws/install/mfe_base
[1.048s] Invoking command in '/home/ros2_ws/build/mfe_base': CMAKE_PREFIX_PATH=${CMAKE_PREFIX_PATH}:/opt/ros/jazzy /usr/bin/cmake --build /home/ros2_ws/build/mfe_base -- -j8 -l8
[1.128s] Invoked command in '/home/ros2_ws/build/mfe_base' returned '0': CMAKE_PREFIX_PATH=${CMAKE_PREFIX_PATH}:/opt/ros/jazzy /usr/bin/cmake --build /home/ros2_ws/build/mfe_base -- -j8 -l8
[1.173s] Invoking command in '/home/ros2_ws/build/mfe_base': CMAKE_PREFIX_PATH=${CMAKE_PREFIX_PATH}:/opt/ros/jazzy /usr/bin/cmake --install /home/ros2_ws/build/mfe_base
[1.187s] -- Install configuration: ""
[1.208s] -- Execute custom install script
[1.208s] -- Up-to-date symlink: /home/ros2_ws/install/mfe_base/share/ament_index/resource_index/package_run_dependencies/mfe_base
[1.209s] -- Up-to-date symlink: /home/ros2_ws/install/mfe_base/share/ament_index/resource_index/parent_prefix_path/mfe_base
[1.211s] -- Up-to-date symlink: /home/ros2_ws/install/mfe_base/share/mfe_base/environment/ament_prefix_path.sh
[1.211s] -- Up-to-date symlink: /home/ros2_ws/install/mfe_base/share/mfe_base/environment/ament_prefix_path.dsv
[1.212s] -- Up-to-date symlink: /home/ros2_ws/install/mfe_base/share/mfe_base/environment/path.sh
[1.212s] -- Up-to-date symlink: /home/ros2_ws/install/mfe_base/share/mfe_base/environment/path.dsv
[1.213s] -- Up-to-date symlink: /home/ros2_ws/install/mfe_base/share/mfe_base/local_setup.bash
[1.214s] -- Up-to-date symlink: /home/ros2_ws/install/mfe_base/share/mfe_base/local_setup.sh
[1.216s] -- Up-to-date symlink: /home/ros2_ws/install/mfe_base/share/mfe_base/local_setup.zsh
[1.218s] -- Up-to-date symlink: /home/ros2_ws/install/mfe_base/share/mfe_base/local_setup.dsv
[1.223s] -- Symlinking: /home/ros2_ws/install/mfe_base/share/mfe_base/package.dsv
[1.231s] -- Up-to-date symlink: /home/ros2_ws/install/mfe_base/share/ament_index/resource_index/packages/mfe_base
[1.231s] -- Up-to-date symlink: /home/ros2_ws/install/mfe_base/share/mfe_base/cmake/mfe_baseConfig.cmake
[1.232s] -- Up-to-date symlink: /home/ros2_ws/install/mfe_base/share/mfe_base/cmake/mfe_baseConfig-version.cmake
[1.232s] -- Up-to-date symlink: /home/ros2_ws/install/mfe_base/share/mfe_base/package.xml
[1.296s] Invoked command in '/home/ros2_ws/build/mfe_base' returned '0': CMAKE_PREFIX_PATH=${CMAKE_PREFIX_PATH}:/opt/ros/jazzy /usr/bin/cmake --install /home/ros2_ws/build/mfe_base
