[0.047s] Invoking command in '/home/ros2_ws/build/mfe_path_planning': CMAKE_PREFIX_PATH=${CMAKE_PREFIX_PATH}:/opt/ros/jazzy /usr/bin/cmake /home/ros2_ws/ros2/src/mfe_path_planning -DAMENT_CMAKE_SYMLINK_INSTALL=1 -DCMAKE_INSTALL_PREFIX=/home/ros2_ws/install/mfe_path_planning
[0.402s] -- The C compiler identification is GNU 13.3.0
[0.855s] -- The CXX compiler identification is GNU 13.3.0
[0.978s] -- Detecting C compiler ABI info
[1.576s] -- Detecting C compiler ABI info - done
[1.681s] -- Check for working C compiler: /usr/bin/cc - skipped
[1.689s] -- Detecting C compile features
[1.691s] -- Detecting C compile features - done
[1.759s] -- Detecting CXX compiler ABI info
[2.414s] -- Detecting CXX compiler ABI info - done
[2.459s] -- Check for working CXX compiler: /usr/bin/c++ - skipped
[2.459s] -- Detecting CXX compile features
[2.460s] -- Detecting CXX compile features - done
[2.562s] -- Found ament_cmake: 2.5.2 (/opt/ros/jazzy/share/ament_cmake/cmake)
[3.201s] -- Found Python3: /usr/bin/python3 (found version "3.12.3") found components: Interpreter 
[3.416s] -- Override CMake install command with custom implementation using symlinks instead of copying resources
[3.616s] -- Found ament_lint_auto: 0.17.1 (/opt/ros/jazzy/share/ament_lint_auto/cmake)
[4.170s] -- Added test 'copyright' to check source files copyright and LICENSE
[4.177s] -- Added test 'lint_cmake' to check CMake code style
[4.181s] -- Added test 'xmllint' to check XML markup files
[4.186s] -- Configuring done (4.1s)
[4.204s] -- Generating done (0.0s)
[4.208s] -- Build files have been written to: /home/ros2_ws/build/mfe_path_planning
