[0.052s] Invoking command in '/home/ros2_ws/build/mfe_path_planning': /usr/bin/cmake --build /home/ros2_ws/build/mfe_path_planning -- -j8 -l8
[0.122s] Invoked command in '/home/ros2_ws/build/mfe_path_planning' returned '0': /usr/bin/cmake --build /home/ros2_ws/build/mfe_path_planning -- -j8 -l8
[0.179s] Invoking command in '/home/ros2_ws/build/mfe_path_planning': /usr/bin/cmake --install /home/ros2_ws/build/mfe_path_planning
[0.212s] -- Install configuration: ""
[0.213s] -- Execute custom install script
[0.213s] -- Up-to-date symlink: /home/ros2_ws/install/mfe_path_planning/share/ament_index/resource_index/package_run_dependencies/mfe_path_planning
[0.213s] -- Up-to-date symlink: /home/ros2_ws/install/mfe_path_planning/share/ament_index/resource_index/parent_prefix_path/mfe_path_planning
[0.214s] -- Up-to-date symlink: /home/ros2_ws/install/mfe_path_planning/share/mfe_path_planning/environment/ament_prefix_path.sh
[0.214s] -- Up-to-date symlink: /home/ros2_ws/install/mfe_path_planning/share/mfe_path_planning/environment/ament_prefix_path.dsv
[0.215s] -- Up-to-date symlink: /home/ros2_ws/install/mfe_path_planning/share/mfe_path_planning/environment/path.sh
[0.215s] -- Up-to-date symlink: /home/ros2_ws/install/mfe_path_planning/share/mfe_path_planning/environment/path.dsv
[0.215s] -- Up-to-date symlink: /home/ros2_ws/install/mfe_path_planning/share/mfe_path_planning/local_setup.bash
[0.216s] -- Up-to-date symlink: /home/ros2_ws/install/mfe_path_planning/share/mfe_path_planning/local_setup.sh
[0.216s] -- Up-to-date symlink: /home/ros2_ws/install/mfe_path_planning/share/mfe_path_planning/local_setup.zsh
[0.216s] -- Up-to-date symlink: /home/ros2_ws/install/mfe_path_planning/share/mfe_path_planning/local_setup.dsv
[0.217s] -- Up-to-date symlink: /home/ros2_ws/install/mfe_path_planning/share/mfe_path_planning/package.dsv
[0.217s] -- Up-to-date symlink: /home/ros2_ws/install/mfe_path_planning/share/ament_index/resource_index/packages/mfe_path_planning
[0.217s] -- Up-to-date symlink: /home/ros2_ws/install/mfe_path_planning/share/mfe_path_planning/cmake/mfe_path_planningConfig.cmake
[0.217s] -- Up-to-date symlink: /home/ros2_ws/install/mfe_path_planning/share/mfe_path_planning/cmake/mfe_path_planningConfig-version.cmake
[0.218s] -- Up-to-date symlink: /home/ros2_ws/install/mfe_path_planning/share/mfe_path_planning/package.xml
[0.265s] Invoked command in '/home/ros2_ws/build/mfe_path_planning' returned '0': /usr/bin/cmake --install /home/ros2_ws/build/mfe_path_planning
