[0.055s] Invoking command in '/home/ros2_ws/build/lidar_cone_detector': CMAKE_PREFIX_PATH=${CMAKE_PREFIX_PATH}:/opt/ros/jazzy /usr/bin/cmake /home/ros2_ws/ros2/src/mfe_perception/lidar_cone_detector -DAMENT_CMAKE_SYMLINK_INSTALL=1 -DCMAKE_INSTALL_PREFIX=/home/ros2_ws/install/lidar_cone_detector
[0.089s] -- Found ament_cmake: 2.5.2 (/opt/ros/jazzy/share/ament_cmake/cmake)
[0.437s] -- Override CMake install command with custom implementation using symlinks instead of copying resources
[0.454s] -- Found rclcpp: 28.1.5 (/opt/ros/jazzy/share/rclcpp/cmake)
[0.513s] -- Found rosidl_generator_c: 4.6.4 (/opt/ros/jazzy/share/rosidl_generator_c/cmake)
[0.539s] -- Found rosidl_generator_cpp: 4.6.4 (/opt/ros/jazzy/share/rosidl_generator_cpp/cmake)
[0.581s] -- Using all available rosidl_typesupport_c: rosidl_typesupport_fastrtps_c;rosidl_typesupport_introspection_c
[0.601s] -- Using all available rosidl_typesupport_cpp: rosidl_typesupport_fastrtps_cpp;rosidl_typesupport_introspection_cpp
[0.714s] -- Found rmw_implementation_cmake: 7.3.1 (/opt/ros/jazzy/share/rmw_implementation_cmake/cmake)
[0.717s] -- Found rmw_fastrtps_cpp: 8.4.1 (/opt/ros/jazzy/share/rmw_fastrtps_cpp/cmake)
[0.807s] -- Using RMW implementation 'rmw_fastrtps_cpp' as default
[0.886s] -- Found sensor_msgs: 5.3.5 (/opt/ros/jazzy/share/sensor_msgs/cmake)
[0.982s] [33mCMake Warning at CMakeLists.txt:13 (find_package):
[0.983s]   By not providing "Findvision_msgs.cmake" in CMAKE_MODULE_PATH this project
[0.983s]   has asked CMake to find a package configuration file provided by
[0.983s]   "vision_msgs", but CMake did not find one.
[0.983s] 
[0.983s]   Could not find a package configuration file provided by "vision_msgs" with
[0.984s]   any of the following names:
[0.984s] 
[0.984s]     vision_msgsConfig.cmake
[0.984s]     vision_msgs-config.cmake
[0.984s] 
[0.985s]   Add the installation prefix of "vision_msgs" to CMAKE_PREFIX_PATH or set
[0.985s]   "vision_msgs_DIR" to a directory containing one of the above files.  If
[0.985s]   "vision_msgs" provides a separate development package or SDK, be sure it
[0.985s]   has been installed.
[0.985s] 
[0.986s] [0m
[0.986s] -- Found tf2: 0.36.4 (/opt/ros/jazzy/share/tf2/cmake)
[0.992s] -- Found tf2_ros: 0.36.4 (/opt/ros/jazzy/share/tf2_ros/cmake)
[1.169s] [31mCMake Error at CMakeLists.txt:16 (find_package):
[1.169s]   By not providing "Findpcl_ros.cmake" in CMAKE_MODULE_PATH this project has
[1.169s]   asked CMake to find a package configuration file provided by "pcl_ros", but
[1.170s]   CMake did not find one.
[1.170s] 
[1.170s]   Could not find a package configuration file provided by "pcl_ros" with any
[1.170s]   of the following names:
[1.170s] 
[1.170s]     pcl_rosConfig.cmake
[1.171s]     pcl_ros-config.cmake
[1.171s] 
[1.171s]   Add the installation prefix of "pcl_ros" to CMAKE_PREFIX_PATH or set
[1.171s]   "pcl_ros_DIR" to a directory containing one of the above files.  If
[1.171s]   "pcl_ros" provides a separate development package or SDK, be sure it has
[1.171s]   been installed.
[1.172s] 
[1.172s] [0m
[1.172s] -- Configuring incomplete, errors occurred!
[1.181s] Invoked command in '/home/ros2_ws/build/lidar_cone_detector' returned '1': CMAKE_PREFIX_PATH=${CMAKE_PREFIX_PATH}:/opt/ros/jazzy /usr/bin/cmake /home/ros2_ws/ros2/src/mfe_perception/lidar_cone_detector -DAMENT_CMAKE_SYMLINK_INSTALL=1 -DCMAKE_INSTALL_PREFIX=/home/ros2_ws/install/lidar_cone_detector
