[0.066s] Invoking command in '/home/ros2_ws/build/state_estimation': CMAKE_PREFIX_PATH=${CMAKE_PREFIX_PATH}:/opt/ros/jazzy /usr/bin/cmake --build /home/ros2_ws/build/state_estimation -- -j8 -l8
[0.128s] Invoked command in '/home/ros2_ws/build/state_estimation' returned '0': CMAKE_PREFIX_PATH=${CMAKE_PREFIX_PATH}:/opt/ros/jazzy /usr/bin/cmake --build /home/ros2_ws/build/state_estimation -- -j8 -l8
[0.161s] Invoking command in '/home/ros2_ws/build/state_estimation': CMAKE_PREFIX_PATH=${CMAKE_PREFIX_PATH}:/opt/ros/jazzy /usr/bin/cmake --install /home/ros2_ws/build/state_estimation
[0.177s] -- Install configuration: ""
[0.178s] -- Execute custom install script
[0.179s] -- Up-to-date symlink: /home/ros2_ws/install/state_estimation/share/ament_index/resource_index/package_run_dependencies/state_estimation
[0.179s] -- Up-to-date symlink: /home/ros2_ws/install/state_estimation/share/ament_index/resource_index/parent_prefix_path/state_estimation
[0.180s] -- Up-to-date symlink: /home/ros2_ws/install/state_estimation/share/state_estimation/environment/ament_prefix_path.sh
[0.180s] -- Up-to-date symlink: /home/ros2_ws/install/state_estimation/share/state_estimation/environment/ament_prefix_path.dsv
[0.180s] -- Up-to-date symlink: /home/ros2_ws/install/state_estimation/share/state_estimation/environment/path.sh
[0.180s] -- Up-to-date symlink: /home/ros2_ws/install/state_estimation/share/state_estimation/environment/path.dsv
[0.181s] -- Up-to-date symlink: /home/ros2_ws/install/state_estimation/share/state_estimation/local_setup.bash
[0.181s] -- Up-to-date symlink: /home/ros2_ws/install/state_estimation/share/state_estimation/local_setup.sh
[0.181s] -- Up-to-date symlink: /home/ros2_ws/install/state_estimation/share/state_estimation/local_setup.zsh
[0.181s] -- Up-to-date symlink: /home/ros2_ws/install/state_estimation/share/state_estimation/local_setup.dsv
[0.182s] -- Up-to-date symlink: /home/ros2_ws/install/state_estimation/share/state_estimation/package.dsv
[0.182s] -- Up-to-date symlink: /home/ros2_ws/install/state_estimation/share/ament_index/resource_index/packages/state_estimation
[0.182s] -- Up-to-date symlink: /home/ros2_ws/install/state_estimation/share/state_estimation/cmake/state_estimationConfig.cmake
[0.183s] -- Up-to-date symlink: /home/ros2_ws/install/state_estimation/share/state_estimation/cmake/state_estimationConfig-version.cmake
[0.183s] -- Up-to-date symlink: /home/ros2_ws/install/state_estimation/share/state_estimation/package.xml
[0.205s] Invoked command in '/home/ros2_ws/build/state_estimation' returned '0': CMAKE_PREFIX_PATH=${CMAKE_PREFIX_PATH}:/opt/ros/jazzy /usr/bin/cmake --install /home/ros2_ws/build/state_estimation
