[0.047s] Invoking command in '/home/ros2_ws/build/lidar_cone_detector': CMAKE_PREFIX_PATH=${CMAKE_PREFIX_PATH}:/opt/ros/jazzy /usr/bin/cmake /home/ros2_ws/ros2/src/mfe_perception/lidar_cone_detector -DAMENT_CMAKE_SYMLINK_INSTALL=1 -DCMAKE_INSTALL_PREFIX=/home/ros2_ws/install/lidar_cone_detector
[0.140s] -- Found ament_cmake: 2.5.2 (/opt/ros/jazzy/share/ament_cmake/cmake)
[1.077s] -- Override CMake install command with custom implementation using symlinks instead of copying resources
[1.124s] -- Found rclcpp: 28.1.5 (/opt/ros/jazzy/share/rclcpp/cmake)
[1.271s] -- Found rosidl_generator_c: 4.6.4 (/opt/ros/jazzy/share/rosidl_generator_c/cmake)
[1.292s] -- Found rosidl_generator_cpp: 4.6.4 (/opt/ros/jazzy/share/rosidl_generator_cpp/cmake)
[1.321s] -- Using all available rosidl_typesupport_c: rosidl_typesupport_fastrtps_c;rosidl_typesupport_introspection_c
[1.383s] -- Using all available rosidl_typesupport_cpp: rosidl_typesupport_fastrtps_cpp;rosidl_typesupport_introspection_cpp
[1.508s] -- Found rmw_implementation_cmake: 7.3.1 (/opt/ros/jazzy/share/rmw_implementation_cmake/cmake)
[1.509s] -- Found rmw_fastrtps_cpp: 8.4.1 (/opt/ros/jazzy/share/rmw_fastrtps_cpp/cmake)
[1.578s] -- Using RMW implementation 'rmw_fastrtps_cpp' as default
[1.650s] -- Found sensor_msgs: 5.3.5 (/opt/ros/jazzy/share/sensor_msgs/cmake)
[1.722s] [33mCMake Warning at CMakeLists.txt:13 (find_package):
[1.723s]   By not providing "Findvision_msgs.cmake" in CMAKE_MODULE_PATH this project
[1.724s]   has asked CMake to find a package configuration file provided by
[1.725s]   "vision_msgs", but CMake did not find one.
[1.725s] 
[1.725s]   Could not find a package configuration file provided by "vision_msgs" with
[1.725s]   any of the following names:
[1.726s] 
[1.727s]     vision_msgsConfig.cmake
[1.727s]     vision_msgs-config.cmake
[1.728s] 
[1.728s]   Add the installation prefix of "vision_msgs" to CMAKE_PREFIX_PATH or set
[1.729s]   "vision_msgs_DIR" to a directory containing one of the above files.  If
[1.729s]   "vision_msgs" provides a separate development package or SDK, be sure it
[1.730s]   has been installed.
[1.730s] 
[1.730s] [0m
[1.731s] -- Found tf2: 0.36.4 (/opt/ros/jazzy/share/tf2/cmake)
[1.738s] -- Found tf2_ros: 0.36.4 (/opt/ros/jazzy/share/tf2_ros/cmake)
[1.873s] [31mCMake Error at CMakeLists.txt:16 (find_package):
[1.873s]   By not providing "Findpcl_ros.cmake" in CMAKE_MODULE_PATH this project has
[1.873s]   asked CMake to find a package configuration file provided by "pcl_ros", but
[1.873s]   CMake did not find one.
[1.873s] 
[1.873s]   Could not find a package configuration file provided by "pcl_ros" with any
[1.873s]   of the following names:
[1.873s] 
[1.873s]     pcl_rosConfig.cmake
[1.873s]     pcl_ros-config.cmake
[1.873s] 
[1.874s]   Add the installation prefix of "pcl_ros" to CMAKE_PREFIX_PATH or set
[1.874s]   "pcl_ros_DIR" to a directory containing one of the above files.  If
[1.874s]   "pcl_ros" provides a separate development package or SDK, be sure it has
[1.874s]   been installed.
[1.874s] 
[1.874s] [0m
[1.874s] -- Configuring incomplete, errors occurred!
[1.880s] Invoked command in '/home/ros2_ws/build/lidar_cone_detector' returned '1': CMAKE_PREFIX_PATH=${CMAKE_PREFIX_PATH}:/opt/ros/jazzy /usr/bin/cmake /home/ros2_ws/ros2/src/mfe_perception/lidar_cone_detector -DAMENT_CMAKE_SYMLINK_INSTALL=1 -DCMAKE_INSTALL_PREFIX=/home/ros2_ws/install/lidar_cone_detector
