[0.054s] Invoking command in '/home/ros2_ws/build/my_bot': /usr/bin/cmake /home/ros2_ws/ros2/src/my_bot -DAMENT_CMAKE_SYMLINK_INSTALL=1 -DCMAKE_INSTALL_PREFIX=/home/ros2_ws/install/my_bot
[1.927s] -- The C compiler identification is GNU 13.2.0
[3.058s] -- The CXX compiler identification is GNU 13.2.0
[3.104s] -- Detecting C compiler ABI info
[3.233s] -- Detecting C compiler ABI info - done
[3.244s] -- Check for working C compiler: /usr/bin/cc - skipped
[3.281s] -- Detecting C compile features
[3.298s] -- Detecting C compile features - done
[3.307s] -- Detecting CXX compiler ABI info
[3.412s] -- Detecting CXX compiler ABI info - done
[3.423s] -- Check for working CXX compiler: /usr/bin/c++ - skipped
[3.423s] -- Detecting CXX compile features
[3.424s] -- Detecting CXX compile features - done
[3.558s] [31mCMake Error at CMakeLists.txt:19 (find_package):
[3.558s]   By not providing "Findament_cmake.cmake" in CMAKE_MODULE_PATH this project
[3.558s]   has asked CMake to find a package configuration file provided by
[3.558s]   "ament_cmake", but CMake did not find one.
[3.558s] 
[3.558s]   Could not find a package configuration file provided by "ament_cmake" with
[3.558s]   any of the following names:
[3.559s] 
[3.559s]     ament_cmakeConfig.cmake
[3.559s]     ament_cmake-config.cmake
[3.559s] 
[3.559s]   Add the installation prefix of "ament_cmake" to CMAKE_PREFIX_PATH or set
[3.559s]   "ament_cmake_DIR" to a directory containing one of the above files.  If
[3.559s]   "ament_cmake" provides a separate development package or SDK, be sure it
[3.559s]   has been installed.
[3.559s] 
[3.559s] [0m
[3.560s] -- Configuring incomplete, errors occurred!
