-- Found ament_cmake: 2.5.2 (/opt/ros/jazzy/share/ament_cmake/cmake)
-- Override CMake install command with custom implementation using symlinks instead of copying resources
-- Found ament_lint_auto: 0.17.1 (/opt/ros/jazzy/share/ament_lint_auto/cmake)
-- Added test 'copyright' to check source files copyright and LICENSE
-- Added test 'lint_cmake' to check CMake code style
-- Added test 'xmllint' to check XML markup files
-- Configuring done (0.9s)
-- Generating done (0.0s)
-- Build files have been written to: /home/ros2_ws/build/mfe_path_planning
-- Install configuration: ""
-- Execute custom install script
-- Up-to-date symlink: /home/ros2_ws/install/mfe_path_planning/share/ament_index/resource_index/package_run_dependencies/mfe_path_planning
-- Up-to-date symlink: /home/ros2_ws/install/mfe_path_planning/share/ament_index/resource_index/parent_prefix_path/mfe_path_planning
-- Up-to-date symlink: /home/ros2_ws/install/mfe_path_planning/share/mfe_path_planning/environment/ament_prefix_path.sh
-- Up-to-date symlink: /home/ros2_ws/install/mfe_path_planning/share/mfe_path_planning/environment/ament_prefix_path.dsv
-- Up-to-date symlink: /home/ros2_ws/install/mfe_path_planning/share/mfe_path_planning/environment/path.sh
-- Up-to-date symlink: /home/ros2_ws/install/mfe_path_planning/share/mfe_path_planning/environment/path.dsv
-- Up-to-date symlink: /home/ros2_ws/install/mfe_path_planning/share/mfe_path_planning/local_setup.bash
-- Up-to-date symlink: /home/ros2_ws/install/mfe_path_planning/share/mfe_path_planning/local_setup.sh
-- Up-to-date symlink: /home/ros2_ws/install/mfe_path_planning/share/mfe_path_planning/local_setup.zsh
-- Up-to-date symlink: /home/ros2_ws/install/mfe_path_planning/share/mfe_path_planning/local_setup.dsv
-- Symlinking: /home/ros2_ws/install/mfe_path_planning/share/mfe_path_planning/package.dsv
-- Up-to-date symlink: /home/ros2_ws/install/mfe_path_planning/share/ament_index/resource_index/packages/mfe_path_planning
-- Up-to-date symlink: /home/ros2_ws/install/mfe_path_planning/share/mfe_path_planning/cmake/mfe_path_planningConfig.cmake
-- Up-to-date symlink: /home/ros2_ws/install/mfe_path_planning/share/mfe_path_planning/cmake/mfe_path_planningConfig-version.cmake
-- Up-to-date symlink: /home/ros2_ws/install/mfe_path_planning/share/mfe_path_planning/package.xml
