[0.014s] Invoking command in '/home/ros2_ws/build/my_bot': CMAKE_PREFIX_PATH=${CMAKE_PREFIX_PATH}:/opt/ros/jazzy /usr/bin/cmake --build /home/ros2_ws/build/my_bot -- -j8 -l8
[0.051s] Invoked command in '/home/ros2_ws/build/my_bot' returned '0': CMAKE_PREFIX_PATH=${CMAKE_PREFIX_PATH}:/opt/ros/jazzy /usr/bin/cmake --build /home/ros2_ws/build/my_bot -- -j8 -l8
[0.080s] Invoking command in '/home/ros2_ws/build/my_bot': CMAKE_PREFIX_PATH=${CMAKE_PREFIX_PATH}:/opt/ros/jazzy /usr/bin/cmake --install /home/ros2_ws/build/my_bot
[0.088s] -- Install configuration: ""
[0.088s] -- Execute custom install script
[0.089s] -- Up-to-date symlink: /home/ros2_ws/install/my_bot/share/my_bot/config/empty.yaml
[0.089s] -- Up-to-date symlink: /home/ros2_ws/install/my_bot/share/my_bot/description/robot.urdf.xacro
[0.089s] -- Symlinking: /home/ros2_ws/install/my_bot/share/my_bot/description/robot_core.xacro
[0.098s] -- Up-to-date symlink: /home/ros2_ws/install/my_bot/share/my_bot/launch/rsp.launch.py
[0.098s] -- Up-to-date symlink: /home/ros2_ws/install/my_bot/share/my_bot/worlds/empty.world
[0.099s] -- Up-to-date symlink: /home/ros2_ws/install/my_bot/share/ament_index/resource_index/package_run_dependencies/my_bot
[0.099s] -- Up-to-date symlink: /home/ros2_ws/install/my_bot/share/ament_index/resource_index/parent_prefix_path/my_bot
[0.099s] -- Up-to-date symlink: /home/ros2_ws/install/my_bot/share/my_bot/environment/ament_prefix_path.sh
[0.099s] -- Up-to-date symlink: /home/ros2_ws/install/my_bot/share/my_bot/environment/ament_prefix_path.dsv
[0.100s] -- Up-to-date symlink: /home/ros2_ws/install/my_bot/share/my_bot/environment/path.sh
[0.100s] -- Up-to-date symlink: /home/ros2_ws/install/my_bot/share/my_bot/environment/path.dsv
[0.100s] -- Up-to-date symlink: /home/ros2_ws/install/my_bot/share/my_bot/local_setup.bash
[0.100s] -- Up-to-date symlink: /home/ros2_ws/install/my_bot/share/my_bot/local_setup.sh
[0.101s] -- Up-to-date symlink: /home/ros2_ws/install/my_bot/share/my_bot/local_setup.zsh
[0.101s] -- Up-to-date symlink: /home/ros2_ws/install/my_bot/share/my_bot/local_setup.dsv
[0.101s] -- Symlinking: /home/ros2_ws/install/my_bot/share/my_bot/package.dsv
[0.111s] -- Up-to-date symlink: /home/ros2_ws/install/my_bot/share/ament_index/resource_index/packages/my_bot
[0.111s] -- Up-to-date symlink: /home/ros2_ws/install/my_bot/share/my_bot/cmake/my_botConfig.cmake
[0.111s] -- Up-to-date symlink: /home/ros2_ws/install/my_bot/share/my_bot/cmake/my_botConfig-version.cmake
[0.111s] -- Up-to-date symlink: /home/ros2_ws/install/my_bot/share/my_bot/package.xml
[0.113s] Invoked command in '/home/ros2_ws/build/my_bot' returned '0': CMAKE_PREFIX_PATH=${CMAKE_PREFIX_PATH}:/opt/ros/jazzy /usr/bin/cmake --install /home/ros2_ws/build/my_bot
