[0.286s] Invoking command in '/home/ros2_ws/build/lidar_cone_detector': /usr/bin/cmake /home/ros2_ws/ros2/src/mfe_perception/lidar_cone_detector -DAMENT_CMAKE_SYMLINK_INSTALL=1 -DCMAKE_INSTALL_PREFIX=/home/ros2_ws/install/lidar_cone_detector
[1.797s] -- Found ament_cmake: 2.5.2 (/opt/ros/jazzy/share/ament_cmake/cmake)
[2.325s] Traceback (most recent call last):
[2.325s]   File "/opt/ros/jazzy/share/ament_cmake_core/cmake/package_templates/templates_2_cmake.py", line 21, in <module>
[2.325s]     from ament_package.templates import get_environment_hook_template_path
[2.326s] ModuleNotFoundError: No module named 'ament_package'
[2.333s] [31mCMake Error at /opt/ros/jazzy/share/ament_cmake_core/cmake/ament_cmake_package_templates-extras.cmake:41 (message):
[2.334s]   execute_process(/usr/bin/python3
[2.334s]   /opt/ros/jazzy/share/ament_cmake_core/cmake/package_templates/templates_2_cmake.py
[2.334s]   /home/ros2_ws/build/lidar_cone_detector/ament_cmake_package_templates/templates.cmake)
[2.334s]   returned error code 1
[2.335s] Call Stack (most recent call first):
[2.335s]   /opt/ros/jazzy/share/ament_cmake_core/cmake/ament_cmake_coreConfig.cmake:41 (include)
[2.335s]   /opt/ros/jazzy/share/ament_cmake/cmake/ament_cmake_export_dependencies-extras.cmake:15 (find_package)
[2.335s]   /opt/ros/jazzy/share/ament_cmake/cmake/ament_cmakeConfig.cmake:41 (include)
[2.335s]   CMakeLists.txt:9 (find_package)
[2.335s] 
[2.335s] [0m
[2.336s] -- Configuring incomplete, errors occurred!
[2.339s] Invoked command in '/home/ros2_ws/build/lidar_cone_detector' returned '1': /usr/bin/cmake /home/ros2_ws/ros2/src/mfe_perception/lidar_cone_detector -DAMENT_CMAKE_SYMLINK_INSTALL=1 -DCMAKE_INSTALL_PREFIX=/home/ros2_ws/install/lidar_cone_detector
