[0.027s] Invoking command in '/home/ros2_ws/build/mfe_bringup': /usr/bin/cmake --build /home/ros2_ws/build/mfe_bringup -- -j8 -l8
[0.096s] Invoked command in '/home/ros2_ws/build/mfe_bringup' returned '0': /usr/bin/cmake --build /home/ros2_ws/build/mfe_bringup -- -j8 -l8
[0.149s] Invoking command in '/home/ros2_ws/build/mfe_bringup': /usr/bin/cmake --install /home/ros2_ws/build/mfe_bringup
[0.168s] -- Install configuration: ""
[0.170s] -- Execute custom install script
[0.171s] -- Up-to-date symlink: /home/ros2_ws/install/mfe_bringup/share/ament_index/resource_index/package_run_dependencies/mfe_bringup
[0.171s] -- Up-to-date symlink: /home/ros2_ws/install/mfe_bringup/share/ament_index/resource_index/parent_prefix_path/mfe_bringup
[0.171s] -- Up-to-date symlink: /home/ros2_ws/install/mfe_bringup/share/mfe_bringup/environment/ament_prefix_path.sh
[0.172s] -- Up-to-date symlink: /home/ros2_ws/install/mfe_bringup/share/mfe_bringup/environment/ament_prefix_path.dsv
[0.172s] -- Up-to-date symlink: /home/ros2_ws/install/mfe_bringup/share/mfe_bringup/environment/path.sh
[0.172s] -- Up-to-date symlink: /home/ros2_ws/install/mfe_bringup/share/mfe_bringup/environment/path.dsv
[0.175s] -- Up-to-date symlink: /home/ros2_ws/install/mfe_bringup/share/mfe_bringup/local_setup.bash
[0.178s] -- Up-to-date symlink: /home/ros2_ws/install/mfe_bringup/share/mfe_bringup/local_setup.sh
[0.178s] -- Up-to-date symlink: /home/ros2_ws/install/mfe_bringup/share/mfe_bringup/local_setup.zsh
[0.179s] -- Up-to-date symlink: /home/ros2_ws/install/mfe_bringup/share/mfe_bringup/local_setup.dsv
[0.179s] -- Symlinking: /home/ros2_ws/install/mfe_bringup/share/mfe_bringup/package.dsv
[0.187s] -- Up-to-date symlink: /home/ros2_ws/install/mfe_bringup/share/ament_index/resource_index/packages/mfe_bringup
[0.188s] -- Up-to-date symlink: /home/ros2_ws/install/mfe_bringup/share/mfe_bringup/cmake/mfe_bringupConfig.cmake
[0.188s] -- Up-to-date symlink: /home/ros2_ws/install/mfe_bringup/share/mfe_bringup/cmake/mfe_bringupConfig-version.cmake
[0.196s] -- Up-to-date symlink: /home/ros2_ws/install/mfe_bringup/share/mfe_bringup/package.xml
[0.262s] Invoked command in '/home/ros2_ws/build/mfe_bringup' returned '0': /usr/bin/cmake --install /home/ros2_ws/build/mfe_bringup
