[0.312s] Invoking command in '/home/ros2_ws/build/mfe_navigation': /usr/bin/cmake --build /home/ros2_ws/build/mfe_navigation -- -j8 -l8
[1.736s] Invoked command in '/home/ros2_ws/build/mfe_navigation' returned '0': /usr/bin/cmake --build /home/ros2_ws/build/mfe_navigation -- -j8 -l8
[1.771s] Invoking command in '/home/ros2_ws/build/mfe_navigation': /usr/bin/cmake --install /home/ros2_ws/build/mfe_navigation
[1.784s] -- Install configuration: ""
[1.845s] -- Execute custom install script
[1.846s] -- Up-to-date symlink: /home/ros2_ws/install/mfe_navigation/share/ament_index/resource_index/package_run_dependencies/mfe_navigation
[1.846s] -- Up-to-date symlink: /home/ros2_ws/install/mfe_navigation/share/ament_index/resource_index/parent_prefix_path/mfe_navigation
[1.847s] -- Up-to-date symlink: /home/ros2_ws/install/mfe_navigation/share/mfe_navigation/environment/ament_prefix_path.sh
[1.848s] -- Up-to-date symlink: /home/ros2_ws/install/mfe_navigation/share/mfe_navigation/environment/ament_prefix_path.dsv
[1.848s] -- Up-to-date symlink: /home/ros2_ws/install/mfe_navigation/share/mfe_navigation/environment/path.sh
[1.849s] -- Up-to-date symlink: /home/ros2_ws/install/mfe_navigation/share/mfe_navigation/environment/path.dsv
[1.849s] -- Up-to-date symlink: /home/ros2_ws/install/mfe_navigation/share/mfe_navigation/local_setup.bash
[1.849s] -- Up-to-date symlink: /home/ros2_ws/install/mfe_navigation/share/mfe_navigation/local_setup.sh
[1.850s] -- Up-to-date symlink: /home/ros2_ws/install/mfe_navigation/share/mfe_navigation/local_setup.zsh
[1.850s] -- Up-to-date symlink: /home/ros2_ws/install/mfe_navigation/share/mfe_navigation/local_setup.dsv
[1.850s] -- Symlinking: /home/ros2_ws/install/mfe_navigation/share/mfe_navigation/package.dsv
[1.859s] -- Up-to-date symlink: /home/ros2_ws/install/mfe_navigation/share/ament_index/resource_index/packages/mfe_navigation
[1.859s] -- Up-to-date symlink: /home/ros2_ws/install/mfe_navigation/share/mfe_navigation/cmake/mfe_navigationConfig.cmake
[1.860s] -- Up-to-date symlink: /home/ros2_ws/install/mfe_navigation/share/mfe_navigation/cmake/mfe_navigationConfig-version.cmake
[1.860s] -- Up-to-date symlink: /home/ros2_ws/install/mfe_navigation/share/mfe_navigation/package.xml
[1.923s] Invoked command in '/home/ros2_ws/build/mfe_navigation' returned '0': /usr/bin/cmake --install /home/ros2_ws/build/mfe_navigation
