[0.075s] Invoking command in '/home/ros2_ws/build/mfe_bringup': CMAKE_PREFIX_PATH=${CMAKE_PREFIX_PATH}:/opt/ros/jazzy /usr/bin/cmake /home/ros2_ws/ros2/src/mfe_bringup -DAMENT_CMAKE_SYMLINK_INSTALL=1 -DCMAKE_INSTALL_PREFIX=/home/ros2_ws/install/mfe_bringup
[2.896s] -- The C compiler identification is GNU 13.3.0
[3.721s] -- The CXX compiler identification is GNU 13.3.0
[3.928s] -- Detecting C compiler ABI info
[4.645s] -- Detecting C compiler ABI info - done
[4.758s] -- Check for working C compiler: /usr/bin/cc - skipped
[4.789s] -- Detecting C compile features
[4.824s] -- Detecting C compile features - done
[4.913s] -- Detecting CXX compiler ABI info
[5.815s] -- Detecting CXX compiler ABI info - done
[5.950s] -- Check for working CXX compiler: /usr/bin/c++ - skipped
[5.952s] -- Detecting CXX compile features
[5.958s] -- Detecting CXX compile features - done
[6.040s] -- Found ament_cmake: 2.5.2 (/opt/ros/jazzy/share/ament_cmake/cmake)
[7.244s] -- Found Python3: /usr/bin/python3 (found version "3.12.3") found components: Interpreter 
[7.990s] -- Override CMake install command with custom implementation using symlinks instead of copying resources
[8.430s] -- Found ament_lint_auto: 0.17.1 (/opt/ros/jazzy/share/ament_lint_auto/cmake)
[9.288s] -- Added test 'lint_cmake' to check CMake code style
[9.291s] -- Added test 'xmllint' to check XML markup files
[9.310s] -- Configuring done (8.8s)
[9.351s] -- Generating done (0.0s)
[9.363s] -- Build files have been written to: /home/ros2_ws/build/mfe_bringup
[9.514s] Invoked command in '/home/ros2_ws/build/mfe_bringup' returned '0': CMAKE_PREFIX_PATH=${CMAKE_PREFIX_PATH}:/opt/ros/jazzy /usr/bin/cmake /home/ros2_ws/ros2/src/mfe_bringup -DAMENT_CMAKE_SYMLINK_INSTALL=1 -DCMAKE_INSTALL_PREFIX=/home/ros2_ws/install/mfe_bringup
[9.531s] Invoking command in '/home/ros2_ws/build/mfe_bringup': CMAKE_PREFIX_PATH=${CMAKE_PREFIX_PATH}:/opt/ros/jazzy /usr/bin/cmake --build /home/ros2_ws/build/mfe_bringup -- -j8 -l8
[9.856s] Invoked command in '/home/ros2_ws/build/mfe_bringup' returned '0': CMAKE_PREFIX_PATH=${CMAKE_PREFIX_PATH}:/opt/ros/jazzy /usr/bin/cmake --build /home/ros2_ws/build/mfe_bringup -- -j8 -l8
[10.037s] Invoking command in '/home/ros2_ws/build/mfe_bringup': CMAKE_PREFIX_PATH=${CMAKE_PREFIX_PATH}:/opt/ros/jazzy /usr/bin/cmake --install /home/ros2_ws/build/mfe_bringup
[10.118s] -- Install configuration: ""
[10.146s] -- Execute custom install script
[10.147s] -- Symlinking: /home/ros2_ws/install/mfe_bringup/share/ament_index/resource_index/package_run_dependencies/mfe_bringup
[10.212s] -- Symlinking: /home/ros2_ws/install/mfe_bringup/share/ament_index/resource_index/parent_prefix_path/mfe_bringup
[10.282s] -- Symlinking: /home/ros2_ws/install/mfe_bringup/share/mfe_bringup/environment/ament_prefix_path.sh
[10.313s] -- Symlinking: /home/ros2_ws/install/mfe_bringup/share/mfe_bringup/environment/ament_prefix_path.dsv
[10.435s] -- Symlinking: /home/ros2_ws/install/mfe_bringup/share/mfe_bringup/environment/path.sh
[10.533s] -- Symlinking: /home/ros2_ws/install/mfe_bringup/share/mfe_bringup/environment/path.dsv
[10.634s] -- Symlinking: /home/ros2_ws/install/mfe_bringup/share/mfe_bringup/local_setup.bash
[10.715s] -- Symlinking: /home/ros2_ws/install/mfe_bringup/share/mfe_bringup/local_setup.sh
[10.827s] -- Symlinking: /home/ros2_ws/install/mfe_bringup/share/mfe_bringup/local_setup.zsh
[10.882s] -- Symlinking: /home/ros2_ws/install/mfe_bringup/share/mfe_bringup/local_setup.dsv
[10.956s] -- Symlinking: /home/ros2_ws/install/mfe_bringup/share/mfe_bringup/package.dsv
[11.023s] -- Symlinking: /home/ros2_ws/install/mfe_bringup/share/ament_index/resource_index/packages/mfe_bringup
[11.105s] -- Symlinking: /home/ros2_ws/install/mfe_bringup/share/mfe_bringup/cmake/mfe_bringupConfig.cmake
[11.179s] -- Symlinking: /home/ros2_ws/install/mfe_bringup/share/mfe_bringup/cmake/mfe_bringupConfig-version.cmake
[11.215s] -- Symlinking: /home/ros2_ws/install/mfe_bringup/share/mfe_bringup/package.xml
[11.280s] Invoked command in '/home/ros2_ws/build/mfe_bringup' returned '0': CMAKE_PREFIX_PATH=${CMAKE_PREFIX_PATH}:/opt/ros/jazzy /usr/bin/cmake --install /home/ros2_ws/build/mfe_bringup
