[1.127s] DEBUG:colcon:Command line arguments: ['/usr/bin/colcon', 'build', '--symlink-install']
[1.127s] DEBUG:colcon:Parsed command line arguments: Namespace(log_base=None, log_level=None, verb_name='build', build_base='build', install_base='install', merge_install=False, symlink_install=True, test_result_base=None, continue_on_error=False, executor='parallel', parallel_workers=8, event_handlers=None, ignore_user_meta=False, metas=['./colcon.meta'], base_paths=['.'], packages_ignore=None, packages_ignore_regex=None, paths=None, packages_up_to=None, packages_up_to_regex=None, packages_above=None, packages_above_and_dependencies=None, packages_above_depth=None, packages_select_by_dep=None, packages_skip_by_dep=None, packages_skip_up_to=None, packages_select_build_failed=False, packages_skip_build_finished=False, packages_select_test_failures=False, packages_skip_test_passed=False, packages_select=None, packages_skip=None, packages_select_regex=None, packages_skip_regex=None, packages_start=None, packages_end=None, cmake_args=None, cmake_target=None, cmake_target_skip_unavailable=False, cmake_clean_cache=False, cmake_clean_first=False, cmake_force_configure=False, ament_cmake_args=None, catkin_cmake_args=None, catkin_skip_building_tests=False, mixin_files=None, mixin=None, verb_parser=<colcon_mixin.mixin.mixin_argument.MixinArgumentDecorator object at 0x7fc13f256690>, verb_extension=<colcon_core.verb.build.BuildVerb object at 0x7fc13f3ccbc0>, main=<bound method BuildVerb.main of <colcon_core.verb.build.BuildVerb object at 0x7fc13f3ccbc0>>, mixin_verb=('build',))
[1.553s] Level 1:colcon.colcon_core.package_discovery:discover_packages(colcon_meta) check parameters
[1.554s] INFO:colcon.colcon_metadata.package_discovery.colcon_meta:Using configuration from '/root/.colcon/metadata/default/Gazebo.meta'
[1.554s] INFO:colcon.colcon_metadata.package_discovery.colcon_meta:Using configuration from '/root/.colcon/metadata/default/fastrtps.meta'
[1.555s] Level 1:colcon.colcon_core.package_discovery:discover_packages(recursive) check parameters
[1.555s] Level 1:colcon.colcon_core.package_discovery:discover_packages(ignore) check parameters
[1.555s] Level 1:colcon.colcon_core.package_discovery:discover_packages(path) check parameters
[1.555s] Level 1:colcon.colcon_core.package_discovery:discover_packages(colcon_meta) discover
[1.555s] Level 1:colcon.colcon_core.package_discovery:discover_packages(recursive) discover
[1.555s] INFO:colcon.colcon_core.package_discovery:Crawling recursively for packages in '/home/ros2_ws'
[1.555s] Level 1:colcon.colcon_core.package_identification:_identify(.) by extensions ['ignore', 'ignore_ament_install']
[1.555s] Level 1:colcon.colcon_core.package_identification:_identify(.) by extension 'ignore'
[1.555s] Level 1:colcon.colcon_core.package_identification:_identify(.) by extension 'ignore_ament_install'
[1.555s] Level 1:colcon.colcon_core.package_identification:_identify(.) by extensions ['colcon_pkg']
[1.555s] Level 1:colcon.colcon_core.package_identification:_identify(.) by extension 'colcon_pkg'
[1.555s] Level 1:colcon.colcon_core.package_identification:_identify(.) by extensions ['colcon_meta']
[1.555s] Level 1:colcon.colcon_core.package_identification:_identify(.) by extension 'colcon_meta'
[1.555s] Level 1:colcon.colcon_core.package_identification:_identify(.) by extensions ['ros']
[1.555s] Level 1:colcon.colcon_core.package_identification:_identify(.) by extension 'ros'
[1.784s] Level 1:colcon.colcon_core.package_identification:_identify(.) by extensions ['cmake', 'python']
[1.784s] Level 1:colcon.colcon_core.package_identification:_identify(.) by extension 'cmake'
[1.784s] Level 1:colcon.colcon_core.package_identification:_identify(.) by extension 'python'
[1.784s] Level 1:colcon.colcon_core.package_identification:_identify(.) by extensions ['python_setup_py']
[1.784s] Level 1:colcon.colcon_core.package_identification:_identify(.) by extension 'python_setup_py'
[1.784s] Level 1:colcon.colcon_core.package_identification:_identify(build) by extensions ['ignore', 'ignore_ament_install']
[1.784s] Level 1:colcon.colcon_core.package_identification:_identify(build) by extension 'ignore'
[1.785s] Level 1:colcon.colcon_core.package_identification:_identify(build) ignored
[1.785s] Level 1:colcon.colcon_core.package_identification:_identify(install) by extensions ['ignore', 'ignore_ament_install']
[1.785s] Level 1:colcon.colcon_core.package_identification:_identify(install) by extension 'ignore'
[1.785s] Level 1:colcon.colcon_core.package_identification:_identify(install) ignored
[1.785s] Level 1:colcon.colcon_core.package_identification:_identify(log) by extensions ['ignore', 'ignore_ament_install']
[1.785s] Level 1:colcon.colcon_core.package_identification:_identify(log) by extension 'ignore'
[1.785s] Level 1:colcon.colcon_core.package_identification:_identify(log) ignored
[1.785s] Level 1:colcon.colcon_core.package_identification:_identify(ros2) by extensions ['ignore', 'ignore_ament_install']
[1.785s] Level 1:colcon.colcon_core.package_identification:_identify(ros2) by extension 'ignore'
[1.785s] Level 1:colcon.colcon_core.package_identification:_identify(ros2) by extension 'ignore_ament_install'
[1.785s] Level 1:colcon.colcon_core.package_identification:_identify(ros2) by extensions ['colcon_pkg']
[1.785s] Level 1:colcon.colcon_core.package_identification:_identify(ros2) by extension 'colcon_pkg'
[1.785s] Level 1:colcon.colcon_core.package_identification:_identify(ros2) by extensions ['colcon_meta']
[1.786s] Level 1:colcon.colcon_core.package_identification:_identify(ros2) by extension 'colcon_meta'
[1.786s] Level 1:colcon.colcon_core.package_identification:_identify(ros2) by extensions ['ros']
[1.786s] Level 1:colcon.colcon_core.package_identification:_identify(ros2) by extension 'ros'
[1.786s] Level 1:colcon.colcon_core.package_identification:_identify(ros2) by extensions ['cmake', 'python']
[1.786s] Level 1:colcon.colcon_core.package_identification:_identify(ros2) by extension 'cmake'
[1.786s] Level 1:colcon.colcon_core.package_identification:_identify(ros2) by extension 'python'
[1.786s] Level 1:colcon.colcon_core.package_identification:_identify(ros2) by extensions ['python_setup_py']
[1.786s] Level 1:colcon.colcon_core.package_identification:_identify(ros2) by extension 'python_setup_py'
[1.786s] Level 1:colcon.colcon_core.package_identification:_identify(ros2/src) by extensions ['ignore', 'ignore_ament_install']
[1.786s] Level 1:colcon.colcon_core.package_identification:_identify(ros2/src) by extension 'ignore'
[1.786s] Level 1:colcon.colcon_core.package_identification:_identify(ros2/src) by extension 'ignore_ament_install'
[1.786s] Level 1:colcon.colcon_core.package_identification:_identify(ros2/src) by extensions ['colcon_pkg']
[1.786s] Level 1:colcon.colcon_core.package_identification:_identify(ros2/src) by extension 'colcon_pkg'
[1.787s] Level 1:colcon.colcon_core.package_identification:_identify(ros2/src) by extensions ['colcon_meta']
[1.787s] Level 1:colcon.colcon_core.package_identification:_identify(ros2/src) by extension 'colcon_meta'
[1.787s] Level 1:colcon.colcon_core.package_identification:_identify(ros2/src) by extensions ['ros']
[1.787s] Level 1:colcon.colcon_core.package_identification:_identify(ros2/src) by extension 'ros'
[1.787s] Level 1:colcon.colcon_core.package_identification:_identify(ros2/src) by extensions ['cmake', 'python']
[1.787s] Level 1:colcon.colcon_core.package_identification:_identify(ros2/src) by extension 'cmake'
[1.787s] Level 1:colcon.colcon_core.package_identification:_identify(ros2/src) by extension 'python'
[1.787s] Level 1:colcon.colcon_core.package_identification:_identify(ros2/src) by extensions ['python_setup_py']
[1.788s] Level 1:colcon.colcon_core.package_identification:_identify(ros2/src) by extension 'python_setup_py'
[1.788s] Level 1:colcon.colcon_core.package_identification:_identify(ros2/src/articubot_one) by extensions ['ignore', 'ignore_ament_install']
[1.788s] Level 1:colcon.colcon_core.package_identification:_identify(ros2/src/articubot_one) by extension 'ignore'
[1.788s] Level 1:colcon.colcon_core.package_identification:_identify(ros2/src/articubot_one) by extension 'ignore_ament_install'
[1.788s] Level 1:colcon.colcon_core.package_identification:_identify(ros2/src/articubot_one) by extensions ['colcon_pkg']
[1.788s] Level 1:colcon.colcon_core.package_identification:_identify(ros2/src/articubot_one) by extension 'colcon_pkg'
[1.788s] Level 1:colcon.colcon_core.package_identification:_identify(ros2/src/articubot_one) by extensions ['colcon_meta']
[1.788s] Level 1:colcon.colcon_core.package_identification:_identify(ros2/src/articubot_one) by extension 'colcon_meta'
[1.788s] Level 1:colcon.colcon_core.package_identification:_identify(ros2/src/articubot_one) by extensions ['ros']
[1.788s] Level 1:colcon.colcon_core.package_identification:_identify(ros2/src/articubot_one) by extension 'ros'
[1.821s] DEBUG:colcon.colcon_core.package_identification:Package 'ros2/src/articubot_one' with type 'ros.ament_cmake' and name 'articubot_one'
[1.821s] Level 1:colcon.colcon_core.package_identification:_identify(ros2/src/mfe) by extensions ['ignore', 'ignore_ament_install']
[1.821s] Level 1:colcon.colcon_core.package_identification:_identify(ros2/src/mfe) by extension 'ignore'
[1.821s] Level 1:colcon.colcon_core.package_identification:_identify(ros2/src/mfe) by extension 'ignore_ament_install'
[1.821s] Level 1:colcon.colcon_core.package_identification:_identify(ros2/src/mfe) by extensions ['colcon_pkg']
[1.821s] Level 1:colcon.colcon_core.package_identification:_identify(ros2/src/mfe) by extension 'colcon_pkg'
[1.821s] Level 1:colcon.colcon_core.package_identification:_identify(ros2/src/mfe) by extensions ['colcon_meta']
[1.821s] Level 1:colcon.colcon_core.package_identification:_identify(ros2/src/mfe) by extension 'colcon_meta'
[1.821s] Level 1:colcon.colcon_core.package_identification:_identify(ros2/src/mfe) by extensions ['ros']
[1.821s] Level 1:colcon.colcon_core.package_identification:_identify(ros2/src/mfe) by extension 'ros'
[1.821s] DEBUG:colcon.colcon_core.package_identification:Package 'ros2/src/mfe' with type 'ros.ament_cmake' and name 'mfe'
[1.822s] Level 1:colcon.colcon_core.package_identification:_identify(ros2/src/mfe_base) by extensions ['ignore', 'ignore_ament_install']
[1.822s] Level 1:colcon.colcon_core.package_identification:_identify(ros2/src/mfe_base) by extension 'ignore'
[1.822s] Level 1:colcon.colcon_core.package_identification:_identify(ros2/src/mfe_base) by extension 'ignore_ament_install'
[1.822s] Level 1:colcon.colcon_core.package_identification:_identify(ros2/src/mfe_base) by extensions ['colcon_pkg']
[1.822s] Level 1:colcon.colcon_core.package_identification:_identify(ros2/src/mfe_base) by extension 'colcon_pkg'
[1.822s] Level 1:colcon.colcon_core.package_identification:_identify(ros2/src/mfe_base) by extensions ['colcon_meta']
[1.822s] Level 1:colcon.colcon_core.package_identification:_identify(ros2/src/mfe_base) by extension 'colcon_meta'
[1.822s] Level 1:colcon.colcon_core.package_identification:_identify(ros2/src/mfe_base) by extensions ['ros']
[1.822s] Level 1:colcon.colcon_core.package_identification:_identify(ros2/src/mfe_base) by extension 'ros'
[1.822s] DEBUG:colcon.colcon_core.package_identification:Package 'ros2/src/mfe_base' with type 'ros.ament_cmake' and name 'mfe_base'
[1.822s] Level 1:colcon.colcon_core.package_identification:_identify(ros2/src/mfe_bringup) by extensions ['ignore', 'ignore_ament_install']
[1.822s] Level 1:colcon.colcon_core.package_identification:_identify(ros2/src/mfe_bringup) by extension 'ignore'
[1.823s] Level 1:colcon.colcon_core.package_identification:_identify(ros2/src/mfe_bringup) by extension 'ignore_ament_install'
[1.823s] Level 1:colcon.colcon_core.package_identification:_identify(ros2/src/mfe_bringup) by extensions ['colcon_pkg']
[1.823s] Level 1:colcon.colcon_core.package_identification:_identify(ros2/src/mfe_bringup) by extension 'colcon_pkg'
[1.823s] Level 1:colcon.colcon_core.package_identification:_identify(ros2/src/mfe_bringup) by extensions ['colcon_meta']
[1.823s] Level 1:colcon.colcon_core.package_identification:_identify(ros2/src/mfe_bringup) by extension 'colcon_meta'
[1.823s] Level 1:colcon.colcon_core.package_identification:_identify(ros2/src/mfe_bringup) by extensions ['ros']
[1.823s] Level 1:colcon.colcon_core.package_identification:_identify(ros2/src/mfe_bringup) by extension 'ros'
[1.823s] DEBUG:colcon.colcon_core.package_identification:Package 'ros2/src/mfe_bringup' with type 'ros.ament_cmake' and name 'mfe_bringup'
[1.823s] Level 1:colcon.colcon_core.package_identification:_identify(ros2/src/mfe_mapping) by extensions ['ignore', 'ignore_ament_install']
[1.823s] Level 1:colcon.colcon_core.package_identification:_identify(ros2/src/mfe_mapping) by extension 'ignore'
[1.823s] Level 1:colcon.colcon_core.package_identification:_identify(ros2/src/mfe_mapping) by extension 'ignore_ament_install'
[1.823s] Level 1:colcon.colcon_core.package_identification:_identify(ros2/src/mfe_mapping) by extensions ['colcon_pkg']
[1.824s] Level 1:colcon.colcon_core.package_identification:_identify(ros2/src/mfe_mapping) by extension 'colcon_pkg'
[1.824s] Level 1:colcon.colcon_core.package_identification:_identify(ros2/src/mfe_mapping) by extensions ['colcon_meta']
[1.824s] Level 1:colcon.colcon_core.package_identification:_identify(ros2/src/mfe_mapping) by extension 'colcon_meta'
[1.824s] Level 1:colcon.colcon_core.package_identification:_identify(ros2/src/mfe_mapping) by extensions ['ros']
[1.824s] Level 1:colcon.colcon_core.package_identification:_identify(ros2/src/mfe_mapping) by extension 'ros'
[1.824s] DEBUG:colcon.colcon_core.package_identification:Package 'ros2/src/mfe_mapping' with type 'ros.ament_cmake' and name 'mfe_mapping'
[1.824s] Level 1:colcon.colcon_core.package_identification:_identify(ros2/src/mfe_msgs) by extensions ['ignore', 'ignore_ament_install']
[1.824s] Level 1:colcon.colcon_core.package_identification:_identify(ros2/src/mfe_msgs) by extension 'ignore'
[1.824s] Level 1:colcon.colcon_core.package_identification:_identify(ros2/src/mfe_msgs) by extension 'ignore_ament_install'
[1.824s] Level 1:colcon.colcon_core.package_identification:_identify(ros2/src/mfe_msgs) by extensions ['colcon_pkg']
[1.824s] Level 1:colcon.colcon_core.package_identification:_identify(ros2/src/mfe_msgs) by extension 'colcon_pkg'
[1.824s] Level 1:colcon.colcon_core.package_identification:_identify(ros2/src/mfe_msgs) by extensions ['colcon_meta']
[1.825s] Level 1:colcon.colcon_core.package_identification:_identify(ros2/src/mfe_msgs) by extension 'colcon_meta'
[1.825s] Level 1:colcon.colcon_core.package_identification:_identify(ros2/src/mfe_msgs) by extensions ['ros']
[1.825s] Level 1:colcon.colcon_core.package_identification:_identify(ros2/src/mfe_msgs) by extension 'ros'
[1.825s] DEBUG:colcon.colcon_core.package_identification:Package 'ros2/src/mfe_msgs' with type 'ros.ament_cmake' and name 'mfe_msgs'
[1.825s] Level 1:colcon.colcon_core.package_identification:_identify(ros2/src/mfe_navigation) by extensions ['ignore', 'ignore_ament_install']
[1.825s] Level 1:colcon.colcon_core.package_identification:_identify(ros2/src/mfe_navigation) by extension 'ignore'
[1.825s] Level 1:colcon.colcon_core.package_identification:_identify(ros2/src/mfe_navigation) by extension 'ignore_ament_install'
[1.825s] Level 1:colcon.colcon_core.package_identification:_identify(ros2/src/mfe_navigation) by extensions ['colcon_pkg']
[1.825s] Level 1:colcon.colcon_core.package_identification:_identify(ros2/src/mfe_navigation) by extension 'colcon_pkg'
[1.825s] Level 1:colcon.colcon_core.package_identification:_identify(ros2/src/mfe_navigation) by extensions ['colcon_meta']
[1.826s] Level 1:colcon.colcon_core.package_identification:_identify(ros2/src/mfe_navigation) by extension 'colcon_meta'
[1.826s] Level 1:colcon.colcon_core.package_identification:_identify(ros2/src/mfe_navigation) by extensions ['ros']
[1.826s] Level 1:colcon.colcon_core.package_identification:_identify(ros2/src/mfe_navigation) by extension 'ros'
[1.826s] DEBUG:colcon.colcon_core.package_identification:Package 'ros2/src/mfe_navigation' with type 'ros.ament_cmake' and name 'mfe_navigation'
[1.826s] Level 1:colcon.colcon_core.package_identification:_identify(ros2/src/mfe_path_planning) by extensions ['ignore', 'ignore_ament_install']
[1.826s] Level 1:colcon.colcon_core.package_identification:_identify(ros2/src/mfe_path_planning) by extension 'ignore'
[1.826s] Level 1:colcon.colcon_core.package_identification:_identify(ros2/src/mfe_path_planning) by extension 'ignore_ament_install'
[1.826s] Level 1:colcon.colcon_core.package_identification:_identify(ros2/src/mfe_path_planning) by extensions ['colcon_pkg']
[1.826s] Level 1:colcon.colcon_core.package_identification:_identify(ros2/src/mfe_path_planning) by extension 'colcon_pkg'
[1.826s] Level 1:colcon.colcon_core.package_identification:_identify(ros2/src/mfe_path_planning) by extensions ['colcon_meta']
[1.826s] Level 1:colcon.colcon_core.package_identification:_identify(ros2/src/mfe_path_planning) by extension 'colcon_meta'
[1.827s] Level 1:colcon.colcon_core.package_identification:_identify(ros2/src/mfe_path_planning) by extensions ['ros']
[1.827s] Level 1:colcon.colcon_core.package_identification:_identify(ros2/src/mfe_path_planning) by extension 'ros'
[1.827s] DEBUG:colcon.colcon_core.package_identification:Package 'ros2/src/mfe_path_planning' with type 'ros.ament_cmake' and name 'mfe_path_planning'
[1.827s] Level 1:colcon.colcon_core.package_identification:_identify(ros2/src/mfe_perception) by extensions ['ignore', 'ignore_ament_install']
[1.827s] Level 1:colcon.colcon_core.package_identification:_identify(ros2/src/mfe_perception) by extension 'ignore'
[1.827s] Level 1:colcon.colcon_core.package_identification:_identify(ros2/src/mfe_perception) by extension 'ignore_ament_install'
[1.827s] Level 1:colcon.colcon_core.package_identification:_identify(ros2/src/mfe_perception) by extensions ['colcon_pkg']
[1.827s] Level 1:colcon.colcon_core.package_identification:_identify(ros2/src/mfe_perception) by extension 'colcon_pkg'
[1.827s] Level 1:colcon.colcon_core.package_identification:_identify(ros2/src/mfe_perception) by extensions ['colcon_meta']
[1.827s] Level 1:colcon.colcon_core.package_identification:_identify(ros2/src/mfe_perception) by extension 'colcon_meta'
[1.827s] Level 1:colcon.colcon_core.package_identification:_identify(ros2/src/mfe_perception) by extensions ['ros']
[1.827s] Level 1:colcon.colcon_core.package_identification:_identify(ros2/src/mfe_perception) by extension 'ros'
[1.827s] Level 1:colcon.colcon_core.package_identification:_identify(ros2/src/mfe_perception) by extensions ['cmake', 'python']
[1.827s] Level 1:colcon.colcon_core.package_identification:_identify(ros2/src/mfe_perception) by extension 'cmake'
[1.828s] Level 1:colcon.colcon_core.package_identification:_identify(ros2/src/mfe_perception) by extension 'python'
[1.828s] Level 1:colcon.colcon_core.package_identification:_identify(ros2/src/mfe_perception) by extensions ['python_setup_py']
[1.828s] Level 1:colcon.colcon_core.package_identification:_identify(ros2/src/mfe_perception) by extension 'python_setup_py'
[1.828s] Level 1:colcon.colcon_core.package_identification:_identify(ros2/src/mfe_perception/lidar_cone_detector) by extensions ['ignore', 'ignore_ament_install']
[1.828s] Level 1:colcon.colcon_core.package_identification:_identify(ros2/src/mfe_perception/lidar_cone_detector) by extension 'ignore'
[1.828s] Level 1:colcon.colcon_core.package_identification:_identify(ros2/src/mfe_perception/lidar_cone_detector) by extension 'ignore_ament_install'
[1.828s] Level 1:colcon.colcon_core.package_identification:_identify(ros2/src/mfe_perception/lidar_cone_detector) by extensions ['colcon_pkg']
[1.828s] Level 1:colcon.colcon_core.package_identification:_identify(ros2/src/mfe_perception/lidar_cone_detector) by extension 'colcon_pkg'
[1.828s] Level 1:colcon.colcon_core.package_identification:_identify(ros2/src/mfe_perception/lidar_cone_detector) by extensions ['colcon_meta']
[1.828s] Level 1:colcon.colcon_core.package_identification:_identify(ros2/src/mfe_perception/lidar_cone_detector) by extension 'colcon_meta'
[1.828s] Level 1:colcon.colcon_core.package_identification:_identify(ros2/src/mfe_perception/lidar_cone_detector) by extensions ['ros']
[1.828s] Level 1:colcon.colcon_core.package_identification:_identify(ros2/src/mfe_perception/lidar_cone_detector) by extension 'ros'
[1.829s] DEBUG:colcon.colcon_core.package_identification:Package 'ros2/src/mfe_perception/lidar_cone_detector' with type 'ros.ament_cmake' and name 'lidar_cone_detector'
[1.829s] Level 1:colcon.colcon_core.package_identification:_identify(ros2/src/mfe_perception/state_estimation) by extensions ['ignore', 'ignore_ament_install']
[1.829s] Level 1:colcon.colcon_core.package_identification:_identify(ros2/src/mfe_perception/state_estimation) by extension 'ignore'
[1.829s] Level 1:colcon.colcon_core.package_identification:_identify(ros2/src/mfe_perception/state_estimation) by extension 'ignore_ament_install'
[1.829s] Level 1:colcon.colcon_core.package_identification:_identify(ros2/src/mfe_perception/state_estimation) by extensions ['colcon_pkg']
[1.829s] Level 1:colcon.colcon_core.package_identification:_identify(ros2/src/mfe_perception/state_estimation) by extension 'colcon_pkg'
[1.829s] Level 1:colcon.colcon_core.package_identification:_identify(ros2/src/mfe_perception/state_estimation) by extensions ['colcon_meta']
[1.829s] Level 1:colcon.colcon_core.package_identification:_identify(ros2/src/mfe_perception/state_estimation) by extension 'colcon_meta'
[1.829s] Level 1:colcon.colcon_core.package_identification:_identify(ros2/src/mfe_perception/state_estimation) by extensions ['ros']
[1.829s] Level 1:colcon.colcon_core.package_identification:_identify(ros2/src/mfe_perception/state_estimation) by extension 'ros'
[1.830s] DEBUG:colcon.colcon_core.package_identification:Package 'ros2/src/mfe_perception/state_estimation' with type 'ros.ament_cmake' and name 'state_estimation'
[1.830s] Level 1:colcon.colcon_core.package_identification:_identify(ros2/src/mfe_perception/vision_cone_detector) by extensions ['ignore', 'ignore_ament_install']
[1.830s] Level 1:colcon.colcon_core.package_identification:_identify(ros2/src/mfe_perception/vision_cone_detector) by extension 'ignore'
[1.830s] Level 1:colcon.colcon_core.package_identification:_identify(ros2/src/mfe_perception/vision_cone_detector) by extension 'ignore_ament_install'
[1.830s] Level 1:colcon.colcon_core.package_identification:_identify(ros2/src/mfe_perception/vision_cone_detector) by extensions ['colcon_pkg']
[1.830s] Level 1:colcon.colcon_core.package_identification:_identify(ros2/src/mfe_perception/vision_cone_detector) by extension 'colcon_pkg'
[1.830s] Level 1:colcon.colcon_core.package_identification:_identify(ros2/src/mfe_perception/vision_cone_detector) by extensions ['colcon_meta']
[1.830s] Level 1:colcon.colcon_core.package_identification:_identify(ros2/src/mfe_perception/vision_cone_detector) by extension 'colcon_meta'
[1.830s] Level 1:colcon.colcon_core.package_identification:_identify(ros2/src/mfe_perception/vision_cone_detector) by extensions ['ros']
[1.830s] Level 1:colcon.colcon_core.package_identification:_identify(ros2/src/mfe_perception/vision_cone_detector) by extension 'ros'
[1.831s] DEBUG:colcon.colcon_core.package_identification:Package 'ros2/src/mfe_perception/vision_cone_detector' with type 'ros.ament_cmake' and name 'vision_cone_detector'
[1.831s] Level 1:colcon.colcon_core.package_identification:_identify(ros2/src/mfe_simulation) by extensions ['ignore', 'ignore_ament_install']
[1.831s] Level 1:colcon.colcon_core.package_identification:_identify(ros2/src/mfe_simulation) by extension 'ignore'
[1.831s] Level 1:colcon.colcon_core.package_identification:_identify(ros2/src/mfe_simulation) by extension 'ignore_ament_install'
[1.831s] Level 1:colcon.colcon_core.package_identification:_identify(ros2/src/mfe_simulation) by extensions ['colcon_pkg']
[1.831s] Level 1:colcon.colcon_core.package_identification:_identify(ros2/src/mfe_simulation) by extension 'colcon_pkg'
[1.831s] Level 1:colcon.colcon_core.package_identification:_identify(ros2/src/mfe_simulation) by extensions ['colcon_meta']
[1.831s] Level 1:colcon.colcon_core.package_identification:_identify(ros2/src/mfe_simulation) by extension 'colcon_meta'
[1.831s] Level 1:colcon.colcon_core.package_identification:_identify(ros2/src/mfe_simulation) by extensions ['ros']
[1.831s] Level 1:colcon.colcon_core.package_identification:_identify(ros2/src/mfe_simulation) by extension 'ros'
[1.832s] DEBUG:colcon.colcon_core.package_identification:Package 'ros2/src/mfe_simulation' with type 'ros.ament_cmake' and name 'mfe_simulation'
[1.832s] Level 1:colcon.colcon_core.package_identification:_identify(ros2/src/mfe_tests) by extensions ['ignore', 'ignore_ament_install']
[1.832s] Level 1:colcon.colcon_core.package_identification:_identify(ros2/src/mfe_tests) by extension 'ignore'
[1.832s] Level 1:colcon.colcon_core.package_identification:_identify(ros2/src/mfe_tests) by extension 'ignore_ament_install'
[1.832s] Level 1:colcon.colcon_core.package_identification:_identify(ros2/src/mfe_tests) by extensions ['colcon_pkg']
[1.832s] Level 1:colcon.colcon_core.package_identification:_identify(ros2/src/mfe_tests) by extension 'colcon_pkg'
[1.832s] Level 1:colcon.colcon_core.package_identification:_identify(ros2/src/mfe_tests) by extensions ['colcon_meta']
[1.832s] Level 1:colcon.colcon_core.package_identification:_identify(ros2/src/mfe_tests) by extension 'colcon_meta'
[1.832s] Level 1:colcon.colcon_core.package_identification:_identify(ros2/src/mfe_tests) by extensions ['ros']
[1.832s] Level 1:colcon.colcon_core.package_identification:_identify(ros2/src/mfe_tests) by extension 'ros'
[1.832s] Level 1:colcon.colcon_core.package_identification:_identify(ros2/src/mfe_tests) by extensions ['cmake', 'python']
[1.832s] Level 1:colcon.colcon_core.package_identification:_identify(ros2/src/mfe_tests) by extension 'cmake'
[1.832s] Level 1:colcon.colcon_core.package_identification:_identify(ros2/src/mfe_tests) by extension 'python'
[1.832s] Level 1:colcon.colcon_core.package_identification:_identify(ros2/src/mfe_tests) by extensions ['python_setup_py']
[1.832s] Level 1:colcon.colcon_core.package_identification:_identify(ros2/src/mfe_tests) by extension 'python_setup_py'
[1.832s] Level 1:colcon.colcon_core.package_discovery:discover_packages(recursive) using defaults
[1.833s] Level 1:colcon.colcon_core.package_discovery:discover_packages(ignore) discover
[1.833s] Level 1:colcon.colcon_core.package_discovery:discover_packages(ignore) using defaults
[1.833s] Level 1:colcon.colcon_core.package_discovery:discover_packages(path) discover
[1.833s] Level 1:colcon.colcon_core.package_discovery:discover_packages(path) using defaults
[2.090s] Level 5:colcon.colcon_core.verb:set package 'articubot_one' build argument 'cmake_args' from command line to 'None'
[2.090s] Level 5:colcon.colcon_core.verb:set package 'articubot_one' build argument 'cmake_target' from command line to 'None'
[2.090s] Level 5:colcon.colcon_core.verb:set package 'articubot_one' build argument 'cmake_target_skip_unavailable' from command line to 'False'
[2.090s] Level 5:colcon.colcon_core.verb:set package 'articubot_one' build argument 'cmake_clean_cache' from command line to 'False'
[2.090s] Level 5:colcon.colcon_core.verb:set package 'articubot_one' build argument 'cmake_clean_first' from command line to 'False'
[2.090s] Level 5:colcon.colcon_core.verb:set package 'articubot_one' build argument 'cmake_force_configure' from command line to 'False'
[2.090s] Level 5:colcon.colcon_core.verb:set package 'articubot_one' build argument 'ament_cmake_args' from command line to 'None'
[2.090s] Level 5:colcon.colcon_core.verb:set package 'articubot_one' build argument 'catkin_cmake_args' from command line to 'None'
[2.090s] Level 5:colcon.colcon_core.verb:set package 'articubot_one' build argument 'catkin_skip_building_tests' from command line to 'False'
[2.091s] DEBUG:colcon.colcon_core.verb:Building package 'articubot_one' with the following arguments: {'ament_cmake_args': None, 'build_base': '/home/ros2_ws/build/articubot_one', 'catkin_cmake_args': None, 'catkin_skip_building_tests': False, 'cmake_args': None, 'cmake_clean_cache': False, 'cmake_clean_first': False, 'cmake_force_configure': False, 'cmake_target': None, 'cmake_target_skip_unavailable': False, 'install_base': '/home/ros2_ws/install/articubot_one', 'merge_install': False, 'path': '/home/ros2_ws/ros2/src/articubot_one', 'symlink_install': True, 'test_result_base': None}
[2.091s] Level 5:colcon.colcon_core.verb:set package 'lidar_cone_detector' build argument 'cmake_args' from command line to 'None'
[2.091s] Level 5:colcon.colcon_core.verb:set package 'lidar_cone_detector' build argument 'cmake_target' from command line to 'None'
[2.091s] Level 5:colcon.colcon_core.verb:set package 'lidar_cone_detector' build argument 'cmake_target_skip_unavailable' from command line to 'False'
[2.091s] Level 5:colcon.colcon_core.verb:set package 'lidar_cone_detector' build argument 'cmake_clean_cache' from command line to 'False'
[2.091s] Level 5:colcon.colcon_core.verb:set package 'lidar_cone_detector' build argument 'cmake_clean_first' from command line to 'False'
[2.091s] Level 5:colcon.colcon_core.verb:set package 'lidar_cone_detector' build argument 'cmake_force_configure' from command line to 'False'
[2.091s] Level 5:colcon.colcon_core.verb:set package 'lidar_cone_detector' build argument 'ament_cmake_args' from command line to 'None'
[2.092s] Level 5:colcon.colcon_core.verb:set package 'lidar_cone_detector' build argument 'catkin_cmake_args' from command line to 'None'
[2.092s] Level 5:colcon.colcon_core.verb:set package 'lidar_cone_detector' build argument 'catkin_skip_building_tests' from command line to 'False'
[2.092s] DEBUG:colcon.colcon_core.verb:Building package 'lidar_cone_detector' with the following arguments: {'ament_cmake_args': None, 'build_base': '/home/ros2_ws/build/lidar_cone_detector', 'catkin_cmake_args': None, 'catkin_skip_building_tests': False, 'cmake_args': None, 'cmake_clean_cache': False, 'cmake_clean_first': False, 'cmake_force_configure': False, 'cmake_target': None, 'cmake_target_skip_unavailable': False, 'install_base': '/home/ros2_ws/install/lidar_cone_detector', 'merge_install': False, 'path': '/home/ros2_ws/ros2/src/mfe_perception/lidar_cone_detector', 'symlink_install': True, 'test_result_base': None}
[2.092s] Level 5:colcon.colcon_core.verb:set package 'mfe' build argument 'cmake_args' from command line to 'None'
[2.092s] Level 5:colcon.colcon_core.verb:set package 'mfe' build argument 'cmake_target' from command line to 'None'
[2.092s] Level 5:colcon.colcon_core.verb:set package 'mfe' build argument 'cmake_target_skip_unavailable' from command line to 'False'
[2.092s] Level 5:colcon.colcon_core.verb:set package 'mfe' build argument 'cmake_clean_cache' from command line to 'False'
[2.092s] Level 5:colcon.colcon_core.verb:set package 'mfe' build argument 'cmake_clean_first' from command line to 'False'
[2.092s] Level 5:colcon.colcon_core.verb:set package 'mfe' build argument 'cmake_force_configure' from command line to 'False'
[2.092s] Level 5:colcon.colcon_core.verb:set package 'mfe' build argument 'ament_cmake_args' from command line to 'None'
[2.092s] Level 5:colcon.colcon_core.verb:set package 'mfe' build argument 'catkin_cmake_args' from command line to 'None'
[2.092s] Level 5:colcon.colcon_core.verb:set package 'mfe' build argument 'catkin_skip_building_tests' from command line to 'False'
[2.092s] DEBUG:colcon.colcon_core.verb:Building package 'mfe' with the following arguments: {'ament_cmake_args': None, 'build_base': '/home/ros2_ws/build/mfe', 'catkin_cmake_args': None, 'catkin_skip_building_tests': False, 'cmake_args': None, 'cmake_clean_cache': False, 'cmake_clean_first': False, 'cmake_force_configure': False, 'cmake_target': None, 'cmake_target_skip_unavailable': False, 'install_base': '/home/ros2_ws/install/mfe', 'merge_install': False, 'path': '/home/ros2_ws/ros2/src/mfe', 'symlink_install': True, 'test_result_base': None}
[2.093s] Level 5:colcon.colcon_core.verb:set package 'mfe_base' build argument 'cmake_args' from command line to 'None'
[2.093s] Level 5:colcon.colcon_core.verb:set package 'mfe_base' build argument 'cmake_target' from command line to 'None'
[2.093s] Level 5:colcon.colcon_core.verb:set package 'mfe_base' build argument 'cmake_target_skip_unavailable' from command line to 'False'
[2.093s] Level 5:colcon.colcon_core.verb:set package 'mfe_base' build argument 'cmake_clean_cache' from command line to 'False'
[2.093s] Level 5:colcon.colcon_core.verb:set package 'mfe_base' build argument 'cmake_clean_first' from command line to 'False'
[2.093s] Level 5:colcon.colcon_core.verb:set package 'mfe_base' build argument 'cmake_force_configure' from command line to 'False'
[2.093s] Level 5:colcon.colcon_core.verb:set package 'mfe_base' build argument 'ament_cmake_args' from command line to 'None'
[2.093s] Level 5:colcon.colcon_core.verb:set package 'mfe_base' build argument 'catkin_cmake_args' from command line to 'None'
[2.093s] Level 5:colcon.colcon_core.verb:set package 'mfe_base' build argument 'catkin_skip_building_tests' from command line to 'False'
[2.093s] DEBUG:colcon.colcon_core.verb:Building package 'mfe_base' with the following arguments: {'ament_cmake_args': None, 'build_base': '/home/ros2_ws/build/mfe_base', 'catkin_cmake_args': None, 'catkin_skip_building_tests': False, 'cmake_args': None, 'cmake_clean_cache': False, 'cmake_clean_first': False, 'cmake_force_configure': False, 'cmake_target': None, 'cmake_target_skip_unavailable': False, 'install_base': '/home/ros2_ws/install/mfe_base', 'merge_install': False, 'path': '/home/ros2_ws/ros2/src/mfe_base', 'symlink_install': True, 'test_result_base': None}
[2.094s] Level 5:colcon.colcon_core.verb:set package 'mfe_bringup' build argument 'cmake_args' from command line to 'None'
[2.094s] Level 5:colcon.colcon_core.verb:set package 'mfe_bringup' build argument 'cmake_target' from command line to 'None'
[2.094s] Level 5:colcon.colcon_core.verb:set package 'mfe_bringup' build argument 'cmake_target_skip_unavailable' from command line to 'False'
[2.094s] Level 5:colcon.colcon_core.verb:set package 'mfe_bringup' build argument 'cmake_clean_cache' from command line to 'False'
[2.094s] Level 5:colcon.colcon_core.verb:set package 'mfe_bringup' build argument 'cmake_clean_first' from command line to 'False'
[2.094s] Level 5:colcon.colcon_core.verb:set package 'mfe_bringup' build argument 'cmake_force_configure' from command line to 'False'
[2.094s] Level 5:colcon.colcon_core.verb:set package 'mfe_bringup' build argument 'ament_cmake_args' from command line to 'None'
[2.094s] Level 5:colcon.colcon_core.verb:set package 'mfe_bringup' build argument 'catkin_cmake_args' from command line to 'None'
[2.094s] Level 5:colcon.colcon_core.verb:set package 'mfe_bringup' build argument 'catkin_skip_building_tests' from command line to 'False'
[2.094s] DEBUG:colcon.colcon_core.verb:Building package 'mfe_bringup' with the following arguments: {'ament_cmake_args': None, 'build_base': '/home/ros2_ws/build/mfe_bringup', 'catkin_cmake_args': None, 'catkin_skip_building_tests': False, 'cmake_args': None, 'cmake_clean_cache': False, 'cmake_clean_first': False, 'cmake_force_configure': False, 'cmake_target': None, 'cmake_target_skip_unavailable': False, 'install_base': '/home/ros2_ws/install/mfe_bringup', 'merge_install': False, 'path': '/home/ros2_ws/ros2/src/mfe_bringup', 'symlink_install': True, 'test_result_base': None}
[2.094s] Level 5:colcon.colcon_core.verb:set package 'mfe_mapping' build argument 'cmake_args' from command line to 'None'
[2.094s] Level 5:colcon.colcon_core.verb:set package 'mfe_mapping' build argument 'cmake_target' from command line to 'None'
[2.094s] Level 5:colcon.colcon_core.verb:set package 'mfe_mapping' build argument 'cmake_target_skip_unavailable' from command line to 'False'
[2.094s] Level 5:colcon.colcon_core.verb:set package 'mfe_mapping' build argument 'cmake_clean_cache' from command line to 'False'
[2.094s] Level 5:colcon.colcon_core.verb:set package 'mfe_mapping' build argument 'cmake_clean_first' from command line to 'False'
[2.095s] Level 5:colcon.colcon_core.verb:set package 'mfe_mapping' build argument 'cmake_force_configure' from command line to 'False'
[2.095s] Level 5:colcon.colcon_core.verb:set package 'mfe_mapping' build argument 'ament_cmake_args' from command line to 'None'
[2.095s] Level 5:colcon.colcon_core.verb:set package 'mfe_mapping' build argument 'catkin_cmake_args' from command line to 'None'
[2.095s] Level 5:colcon.colcon_core.verb:set package 'mfe_mapping' build argument 'catkin_skip_building_tests' from command line to 'False'
[2.095s] DEBUG:colcon.colcon_core.verb:Building package 'mfe_mapping' with the following arguments: {'ament_cmake_args': None, 'build_base': '/home/ros2_ws/build/mfe_mapping', 'catkin_cmake_args': None, 'catkin_skip_building_tests': False, 'cmake_args': None, 'cmake_clean_cache': False, 'cmake_clean_first': False, 'cmake_force_configure': False, 'cmake_target': None, 'cmake_target_skip_unavailable': False, 'install_base': '/home/ros2_ws/install/mfe_mapping', 'merge_install': False, 'path': '/home/ros2_ws/ros2/src/mfe_mapping', 'symlink_install': True, 'test_result_base': None}
[2.095s] Level 5:colcon.colcon_core.verb:set package 'mfe_msgs' build argument 'cmake_args' from command line to 'None'
[2.095s] Level 5:colcon.colcon_core.verb:set package 'mfe_msgs' build argument 'cmake_target' from command line to 'None'
[2.095s] Level 5:colcon.colcon_core.verb:set package 'mfe_msgs' build argument 'cmake_target_skip_unavailable' from command line to 'False'
[2.095s] Level 5:colcon.colcon_core.verb:set package 'mfe_msgs' build argument 'cmake_clean_cache' from command line to 'False'
[2.095s] Level 5:colcon.colcon_core.verb:set package 'mfe_msgs' build argument 'cmake_clean_first' from command line to 'False'
[2.095s] Level 5:colcon.colcon_core.verb:set package 'mfe_msgs' build argument 'cmake_force_configure' from command line to 'False'
[2.095s] Level 5:colcon.colcon_core.verb:set package 'mfe_msgs' build argument 'ament_cmake_args' from command line to 'None'
[2.095s] Level 5:colcon.colcon_core.verb:set package 'mfe_msgs' build argument 'catkin_cmake_args' from command line to 'None'
[2.095s] Level 5:colcon.colcon_core.verb:set package 'mfe_msgs' build argument 'catkin_skip_building_tests' from command line to 'False'
[2.095s] DEBUG:colcon.colcon_core.verb:Building package 'mfe_msgs' with the following arguments: {'ament_cmake_args': None, 'build_base': '/home/ros2_ws/build/mfe_msgs', 'catkin_cmake_args': None, 'catkin_skip_building_tests': False, 'cmake_args': None, 'cmake_clean_cache': False, 'cmake_clean_first': False, 'cmake_force_configure': False, 'cmake_target': None, 'cmake_target_skip_unavailable': False, 'install_base': '/home/ros2_ws/install/mfe_msgs', 'merge_install': False, 'path': '/home/ros2_ws/ros2/src/mfe_msgs', 'symlink_install': True, 'test_result_base': None}
[2.096s] Level 5:colcon.colcon_core.verb:set package 'mfe_navigation' build argument 'cmake_args' from command line to 'None'
[2.096s] Level 5:colcon.colcon_core.verb:set package 'mfe_navigation' build argument 'cmake_target' from command line to 'None'
[2.096s] Level 5:colcon.colcon_core.verb:set package 'mfe_navigation' build argument 'cmake_target_skip_unavailable' from command line to 'False'
[2.096s] Level 5:colcon.colcon_core.verb:set package 'mfe_navigation' build argument 'cmake_clean_cache' from command line to 'False'
[2.096s] Level 5:colcon.colcon_core.verb:set package 'mfe_navigation' build argument 'cmake_clean_first' from command line to 'False'
[2.096s] Level 5:colcon.colcon_core.verb:set package 'mfe_navigation' build argument 'cmake_force_configure' from command line to 'False'
[2.096s] Level 5:colcon.colcon_core.verb:set package 'mfe_navigation' build argument 'ament_cmake_args' from command line to 'None'
[2.096s] Level 5:colcon.colcon_core.verb:set package 'mfe_navigation' build argument 'catkin_cmake_args' from command line to 'None'
[2.096s] Level 5:colcon.colcon_core.verb:set package 'mfe_navigation' build argument 'catkin_skip_building_tests' from command line to 'False'
[2.096s] DEBUG:colcon.colcon_core.verb:Building package 'mfe_navigation' with the following arguments: {'ament_cmake_args': None, 'build_base': '/home/ros2_ws/build/mfe_navigation', 'catkin_cmake_args': None, 'catkin_skip_building_tests': False, 'cmake_args': None, 'cmake_clean_cache': False, 'cmake_clean_first': False, 'cmake_force_configure': False, 'cmake_target': None, 'cmake_target_skip_unavailable': False, 'install_base': '/home/ros2_ws/install/mfe_navigation', 'merge_install': False, 'path': '/home/ros2_ws/ros2/src/mfe_navigation', 'symlink_install': True, 'test_result_base': None}
[2.097s] Level 5:colcon.colcon_core.verb:set package 'mfe_path_planning' build argument 'cmake_args' from command line to 'None'
[2.097s] Level 5:colcon.colcon_core.verb:set package 'mfe_path_planning' build argument 'cmake_target' from command line to 'None'
[2.097s] Level 5:colcon.colcon_core.verb:set package 'mfe_path_planning' build argument 'cmake_target_skip_unavailable' from command line to 'False'
[2.097s] Level 5:colcon.colcon_core.verb:set package 'mfe_path_planning' build argument 'cmake_clean_cache' from command line to 'False'
[2.097s] Level 5:colcon.colcon_core.verb:set package 'mfe_path_planning' build argument 'cmake_clean_first' from command line to 'False'
[2.097s] Level 5:colcon.colcon_core.verb:set package 'mfe_path_planning' build argument 'cmake_force_configure' from command line to 'False'
[2.097s] Level 5:colcon.colcon_core.verb:set package 'mfe_path_planning' build argument 'ament_cmake_args' from command line to 'None'
[2.097s] Level 5:colcon.colcon_core.verb:set package 'mfe_path_planning' build argument 'catkin_cmake_args' from command line to 'None'
[2.097s] Level 5:colcon.colcon_core.verb:set package 'mfe_path_planning' build argument 'catkin_skip_building_tests' from command line to 'False'
[2.097s] DEBUG:colcon.colcon_core.verb:Building package 'mfe_path_planning' with the following arguments: {'ament_cmake_args': None, 'build_base': '/home/ros2_ws/build/mfe_path_planning', 'catkin_cmake_args': None, 'catkin_skip_building_tests': False, 'cmake_args': None, 'cmake_clean_cache': False, 'cmake_clean_first': False, 'cmake_force_configure': False, 'cmake_target': None, 'cmake_target_skip_unavailable': False, 'install_base': '/home/ros2_ws/install/mfe_path_planning', 'merge_install': False, 'path': '/home/ros2_ws/ros2/src/mfe_path_planning', 'symlink_install': True, 'test_result_base': None}
[2.097s] Level 5:colcon.colcon_core.verb:set package 'mfe_simulation' build argument 'cmake_args' from command line to 'None'
[2.097s] Level 5:colcon.colcon_core.verb:set package 'mfe_simulation' build argument 'cmake_target' from command line to 'None'
[2.097s] Level 5:colcon.colcon_core.verb:set package 'mfe_simulation' build argument 'cmake_target_skip_unavailable' from command line to 'False'
[2.097s] Level 5:colcon.colcon_core.verb:set package 'mfe_simulation' build argument 'cmake_clean_cache' from command line to 'False'
[2.097s] Level 5:colcon.colcon_core.verb:set package 'mfe_simulation' build argument 'cmake_clean_first' from command line to 'False'
[2.097s] Level 5:colcon.colcon_core.verb:set package 'mfe_simulation' build argument 'cmake_force_configure' from command line to 'False'
[2.097s] Level 5:colcon.colcon_core.verb:set package 'mfe_simulation' build argument 'ament_cmake_args' from command line to 'None'
[2.097s] Level 5:colcon.colcon_core.verb:set package 'mfe_simulation' build argument 'catkin_cmake_args' from command line to 'None'
[2.097s] Level 5:colcon.colcon_core.verb:set package 'mfe_simulation' build argument 'catkin_skip_building_tests' from command line to 'False'
[2.097s] DEBUG:colcon.colcon_core.verb:Building package 'mfe_simulation' with the following arguments: {'ament_cmake_args': None, 'build_base': '/home/ros2_ws/build/mfe_simulation', 'catkin_cmake_args': None, 'catkin_skip_building_tests': False, 'cmake_args': None, 'cmake_clean_cache': False, 'cmake_clean_first': False, 'cmake_force_configure': False, 'cmake_target': None, 'cmake_target_skip_unavailable': False, 'install_base': '/home/ros2_ws/install/mfe_simulation', 'merge_install': False, 'path': '/home/ros2_ws/ros2/src/mfe_simulation', 'symlink_install': True, 'test_result_base': None}
[2.098s] Level 5:colcon.colcon_core.verb:set package 'state_estimation' build argument 'cmake_args' from command line to 'None'
[2.098s] Level 5:colcon.colcon_core.verb:set package 'state_estimation' build argument 'cmake_target' from command line to 'None'
[2.098s] Level 5:colcon.colcon_core.verb:set package 'state_estimation' build argument 'cmake_target_skip_unavailable' from command line to 'False'
[2.098s] Level 5:colcon.colcon_core.verb:set package 'state_estimation' build argument 'cmake_clean_cache' from command line to 'False'
[2.098s] Level 5:colcon.colcon_core.verb:set package 'state_estimation' build argument 'cmake_clean_first' from command line to 'False'
[2.098s] Level 5:colcon.colcon_core.verb:set package 'state_estimation' build argument 'cmake_force_configure' from command line to 'False'
[2.098s] Level 5:colcon.colcon_core.verb:set package 'state_estimation' build argument 'ament_cmake_args' from command line to 'None'
[2.098s] Level 5:colcon.colcon_core.verb:set package 'state_estimation' build argument 'catkin_cmake_args' from command line to 'None'
[2.098s] Level 5:colcon.colcon_core.verb:set package 'state_estimation' build argument 'catkin_skip_building_tests' from command line to 'False'
[2.098s] DEBUG:colcon.colcon_core.verb:Building package 'state_estimation' with the following arguments: {'ament_cmake_args': None, 'build_base': '/home/ros2_ws/build/state_estimation', 'catkin_cmake_args': None, 'catkin_skip_building_tests': False, 'cmake_args': None, 'cmake_clean_cache': False, 'cmake_clean_first': False, 'cmake_force_configure': False, 'cmake_target': None, 'cmake_target_skip_unavailable': False, 'install_base': '/home/ros2_ws/install/state_estimation', 'merge_install': False, 'path': '/home/ros2_ws/ros2/src/mfe_perception/state_estimation', 'symlink_install': True, 'test_result_base': None}
[2.098s] Level 5:colcon.colcon_core.verb:set package 'vision_cone_detector' build argument 'cmake_args' from command line to 'None'
[2.098s] Level 5:colcon.colcon_core.verb:set package 'vision_cone_detector' build argument 'cmake_target' from command line to 'None'
[2.098s] Level 5:colcon.colcon_core.verb:set package 'vision_cone_detector' build argument 'cmake_target_skip_unavailable' from command line to 'False'
[2.098s] Level 5:colcon.colcon_core.verb:set package 'vision_cone_detector' build argument 'cmake_clean_cache' from command line to 'False'
[2.098s] Level 5:colcon.colcon_core.verb:set package 'vision_cone_detector' build argument 'cmake_clean_first' from command line to 'False'
[2.098s] Level 5:colcon.colcon_core.verb:set package 'vision_cone_detector' build argument 'cmake_force_configure' from command line to 'False'
[2.098s] Level 5:colcon.colcon_core.verb:set package 'vision_cone_detector' build argument 'ament_cmake_args' from command line to 'None'
[2.098s] Level 5:colcon.colcon_core.verb:set package 'vision_cone_detector' build argument 'catkin_cmake_args' from command line to 'None'
[2.098s] Level 5:colcon.colcon_core.verb:set package 'vision_cone_detector' build argument 'catkin_skip_building_tests' from command line to 'False'
[2.098s] DEBUG:colcon.colcon_core.verb:Building package 'vision_cone_detector' with the following arguments: {'ament_cmake_args': None, 'build_base': '/home/ros2_ws/build/vision_cone_detector', 'catkin_cmake_args': None, 'catkin_skip_building_tests': False, 'cmake_args': None, 'cmake_clean_cache': False, 'cmake_clean_first': False, 'cmake_force_configure': False, 'cmake_target': None, 'cmake_target_skip_unavailable': False, 'install_base': '/home/ros2_ws/install/vision_cone_detector', 'merge_install': False, 'path': '/home/ros2_ws/ros2/src/mfe_perception/vision_cone_detector', 'symlink_install': True, 'test_result_base': None}
[2.098s] INFO:colcon.colcon_core.executor:Executing jobs using 'parallel' executor
[2.100s] DEBUG:colcon.colcon_parallel_executor.executor.parallel:run_until_complete
[2.100s] INFO:colcon.colcon_ros.task.ament_cmake.build:Building ROS package in '/home/ros2_ws/ros2/src/articubot_one' with build type 'ament_cmake'
[2.100s] INFO:colcon.colcon_cmake.task.cmake.build:Building CMake package in '/home/ros2_ws/ros2/src/articubot_one'
[2.123s] INFO:colcon.colcon_core.plugin_system:Skipping extension 'colcon_core.shell.bat': Not used on non-Windows systems
[2.123s] INFO:colcon.colcon_core.shell:Skip shell extension 'powershell' for command environment: Not usable outside of PowerShell
[2.123s] DEBUG:colcon.colcon_core.shell:Skip shell extension 'dsv' for command environment
[2.128s] INFO:colcon.colcon_ros.task.ament_cmake.build:Building ROS package in '/home/ros2_ws/ros2/src/mfe_perception/lidar_cone_detector' with build type 'ament_cmake'
[2.128s] INFO:colcon.colcon_cmake.task.cmake.build:Building CMake package in '/home/ros2_ws/ros2/src/mfe_perception/lidar_cone_detector'
[2.128s] INFO:colcon.colcon_core.shell:Skip shell extension 'powershell' for command environment: Not usable outside of PowerShell
[2.128s] DEBUG:colcon.colcon_core.shell:Skip shell extension 'dsv' for command environment
[2.131s] INFO:colcon.colcon_ros.task.ament_cmake.build:Building ROS package in '/home/ros2_ws/ros2/src/mfe' with build type 'ament_cmake'
[2.131s] INFO:colcon.colcon_cmake.task.cmake.build:Building CMake package in '/home/ros2_ws/ros2/src/mfe'
[2.131s] INFO:colcon.colcon_core.shell:Skip shell extension 'powershell' for command environment: Not usable outside of PowerShell
[2.131s] DEBUG:colcon.colcon_core.shell:Skip shell extension 'dsv' for command environment
[2.134s] INFO:colcon.colcon_ros.task.ament_cmake.build:Building ROS package in '/home/ros2_ws/ros2/src/mfe_base' with build type 'ament_cmake'
[2.134s] INFO:colcon.colcon_cmake.task.cmake.build:Building CMake package in '/home/ros2_ws/ros2/src/mfe_base'
[2.134s] INFO:colcon.colcon_core.shell:Skip shell extension 'powershell' for command environment: Not usable outside of PowerShell
[2.134s] DEBUG:colcon.colcon_core.shell:Skip shell extension 'dsv' for command environment
[2.137s] INFO:colcon.colcon_ros.task.ament_cmake.build:Building ROS package in '/home/ros2_ws/ros2/src/mfe_bringup' with build type 'ament_cmake'
[2.137s] INFO:colcon.colcon_cmake.task.cmake.build:Building CMake package in '/home/ros2_ws/ros2/src/mfe_bringup'
[2.137s] INFO:colcon.colcon_core.shell:Skip shell extension 'powershell' for command environment: Not usable outside of PowerShell
[2.137s] DEBUG:colcon.colcon_core.shell:Skip shell extension 'dsv' for command environment
[2.140s] INFO:colcon.colcon_ros.task.ament_cmake.build:Building ROS package in '/home/ros2_ws/ros2/src/mfe_mapping' with build type 'ament_cmake'
[2.140s] INFO:colcon.colcon_cmake.task.cmake.build:Building CMake package in '/home/ros2_ws/ros2/src/mfe_mapping'
[2.141s] INFO:colcon.colcon_core.shell:Skip shell extension 'powershell' for command environment: Not usable outside of PowerShell
[2.141s] DEBUG:colcon.colcon_core.shell:Skip shell extension 'dsv' for command environment
[2.144s] INFO:colcon.colcon_ros.task.ament_cmake.build:Building ROS package in '/home/ros2_ws/ros2/src/mfe_msgs' with build type 'ament_cmake'
[2.144s] INFO:colcon.colcon_cmake.task.cmake.build:Building CMake package in '/home/ros2_ws/ros2/src/mfe_msgs'
[2.144s] INFO:colcon.colcon_core.shell:Skip shell extension 'powershell' for command environment: Not usable outside of PowerShell
[2.144s] DEBUG:colcon.colcon_core.shell:Skip shell extension 'dsv' for command environment
[2.148s] INFO:colcon.colcon_ros.task.ament_cmake.build:Building ROS package in '/home/ros2_ws/ros2/src/mfe_navigation' with build type 'ament_cmake'
[2.148s] INFO:colcon.colcon_cmake.task.cmake.build:Building CMake package in '/home/ros2_ws/ros2/src/mfe_navigation'
[2.148s] INFO:colcon.colcon_core.shell:Skip shell extension 'powershell' for command environment: Not usable outside of PowerShell
[2.148s] DEBUG:colcon.colcon_core.shell:Skip shell extension 'dsv' for command environment
[2.176s] DEBUG:colcon.colcon_core.event_handler.log_command:Invoking command in '/home/ros2_ws/build/mfe': CMAKE_PREFIX_PATH=${CMAKE_PREFIX_PATH}:/opt/ros/jazzy /usr/bin/cmake /home/ros2_ws/ros2/src/mfe -DAMENT_CMAKE_SYMLINK_INSTALL=1 -DCMAKE_INSTALL_PREFIX=/home/ros2_ws/install/mfe
[2.211s] DEBUG:colcon.colcon_core.event_handler.log_command:Invoking command in '/home/ros2_ws/build/mfe_navigation': CMAKE_PREFIX_PATH=${CMAKE_PREFIX_PATH}:/opt/ros/jazzy /usr/bin/cmake /home/ros2_ws/ros2/src/mfe_navigation -DAMENT_CMAKE_SYMLINK_INSTALL=1 -DCMAKE_INSTALL_PREFIX=/home/ros2_ws/install/mfe_navigation
[2.213s] DEBUG:colcon.colcon_core.event_handler.log_command:Invoking command in '/home/ros2_ws/build/mfe_bringup': CMAKE_PREFIX_PATH=${CMAKE_PREFIX_PATH}:/opt/ros/jazzy /usr/bin/cmake /home/ros2_ws/ros2/src/mfe_bringup -DAMENT_CMAKE_SYMLINK_INSTALL=1 -DCMAKE_INSTALL_PREFIX=/home/ros2_ws/install/mfe_bringup
[2.214s] DEBUG:colcon.colcon_core.event_handler.log_command:Invoking command in '/home/ros2_ws/build/mfe_mapping': CMAKE_PREFIX_PATH=${CMAKE_PREFIX_PATH}:/opt/ros/jazzy /usr/bin/cmake /home/ros2_ws/ros2/src/mfe_mapping -DAMENT_CMAKE_SYMLINK_INSTALL=1 -DCMAKE_INSTALL_PREFIX=/home/ros2_ws/install/mfe_mapping
[2.215s] DEBUG:colcon.colcon_core.event_handler.log_command:Invoking command in '/home/ros2_ws/build/mfe_base': CMAKE_PREFIX_PATH=${CMAKE_PREFIX_PATH}:/opt/ros/jazzy /usr/bin/cmake /home/ros2_ws/ros2/src/mfe_base -DAMENT_CMAKE_SYMLINK_INSTALL=1 -DCMAKE_INSTALL_PREFIX=/home/ros2_ws/install/mfe_base
[2.217s] DEBUG:colcon.colcon_core.event_handler.log_command:Invoking command in '/home/ros2_ws/build/articubot_one': CMAKE_PREFIX_PATH=${CMAKE_PREFIX_PATH}:/opt/ros/jazzy /usr/bin/cmake /home/ros2_ws/ros2/src/articubot_one -DAMENT_CMAKE_SYMLINK_INSTALL=1 -DCMAKE_INSTALL_PREFIX=/home/ros2_ws/install/articubot_one
[2.218s] DEBUG:colcon.colcon_core.event_handler.log_command:Invoking command in '/home/ros2_ws/build/mfe_msgs': CMAKE_PREFIX_PATH=${CMAKE_PREFIX_PATH}:/opt/ros/jazzy /usr/bin/cmake /home/ros2_ws/ros2/src/mfe_msgs -DAMENT_CMAKE_SYMLINK_INSTALL=1 -DCMAKE_INSTALL_PREFIX=/home/ros2_ws/install/mfe_msgs
[2.219s] DEBUG:colcon.colcon_core.event_handler.log_command:Invoking command in '/home/ros2_ws/build/lidar_cone_detector': CMAKE_PREFIX_PATH=${CMAKE_PREFIX_PATH}:/opt/ros/jazzy /usr/bin/cmake /home/ros2_ws/ros2/src/mfe_perception/lidar_cone_detector -DAMENT_CMAKE_SYMLINK_INSTALL=1 -DCMAKE_INSTALL_PREFIX=/home/ros2_ws/install/lidar_cone_detector
[11.599s] DEBUG:colcon.colcon_core.event_handler.log_command:Invoked command in '/home/ros2_ws/build/mfe_mapping' returned '0': CMAKE_PREFIX_PATH=${CMAKE_PREFIX_PATH}:/opt/ros/jazzy /usr/bin/cmake /home/ros2_ws/ros2/src/mfe_mapping -DAMENT_CMAKE_SYMLINK_INSTALL=1 -DCMAKE_INSTALL_PREFIX=/home/ros2_ws/install/mfe_mapping
[11.605s] DEBUG:colcon.colcon_core.event_handler.log_command:Invoking command in '/home/ros2_ws/build/mfe_mapping': CMAKE_PREFIX_PATH=${CMAKE_PREFIX_PATH}:/opt/ros/jazzy /usr/bin/cmake --build /home/ros2_ws/build/mfe_mapping -- -j8 -l8
[11.651s] DEBUG:colcon.colcon_core.event_handler.log_command:Invoked command in '/home/ros2_ws/build/mfe_bringup' returned '0': CMAKE_PREFIX_PATH=${CMAKE_PREFIX_PATH}:/opt/ros/jazzy /usr/bin/cmake /home/ros2_ws/ros2/src/mfe_bringup -DAMENT_CMAKE_SYMLINK_INSTALL=1 -DCMAKE_INSTALL_PREFIX=/home/ros2_ws/install/mfe_bringup
[11.669s] DEBUG:colcon.colcon_core.event_handler.log_command:Invoking command in '/home/ros2_ws/build/mfe_bringup': CMAKE_PREFIX_PATH=${CMAKE_PREFIX_PATH}:/opt/ros/jazzy /usr/bin/cmake --build /home/ros2_ws/build/mfe_bringup -- -j8 -l8
[11.674s] DEBUG:colcon.colcon_core.event_handler.log_command:Invoked command in '/home/ros2_ws/build/mfe' returned '0': CMAKE_PREFIX_PATH=${CMAKE_PREFIX_PATH}:/opt/ros/jazzy /usr/bin/cmake /home/ros2_ws/ros2/src/mfe -DAMENT_CMAKE_SYMLINK_INSTALL=1 -DCMAKE_INSTALL_PREFIX=/home/ros2_ws/install/mfe
[11.677s] DEBUG:colcon.colcon_core.event_handler.log_command:Invoking command in '/home/ros2_ws/build/mfe': CMAKE_PREFIX_PATH=${CMAKE_PREFIX_PATH}:/opt/ros/jazzy /usr/bin/cmake --build /home/ros2_ws/build/mfe -- -j8 -l8
[11.679s] DEBUG:colcon.colcon_core.event_handler.log_command:Invoked command in '/home/ros2_ws/build/mfe_base' returned '0': CMAKE_PREFIX_PATH=${CMAKE_PREFIX_PATH}:/opt/ros/jazzy /usr/bin/cmake /home/ros2_ws/ros2/src/mfe_base -DAMENT_CMAKE_SYMLINK_INSTALL=1 -DCMAKE_INSTALL_PREFIX=/home/ros2_ws/install/mfe_base
[11.686s] DEBUG:colcon.colcon_core.event_handler.log_command:Invoking command in '/home/ros2_ws/build/mfe_base': CMAKE_PREFIX_PATH=${CMAKE_PREFIX_PATH}:/opt/ros/jazzy /usr/bin/cmake --build /home/ros2_ws/build/mfe_base -- -j8 -l8
[11.687s] DEBUG:colcon.colcon_core.event_handler.log_command:Invoked command in '/home/ros2_ws/build/mfe_navigation' returned '0': CMAKE_PREFIX_PATH=${CMAKE_PREFIX_PATH}:/opt/ros/jazzy /usr/bin/cmake /home/ros2_ws/ros2/src/mfe_navigation -DAMENT_CMAKE_SYMLINK_INSTALL=1 -DCMAKE_INSTALL_PREFIX=/home/ros2_ws/install/mfe_navigation
[11.694s] DEBUG:colcon.colcon_core.event_handler.log_command:Invoking command in '/home/ros2_ws/build/mfe_navigation': CMAKE_PREFIX_PATH=${CMAKE_PREFIX_PATH}:/opt/ros/jazzy /usr/bin/cmake --build /home/ros2_ws/build/mfe_navigation -- -j8 -l8
[11.904s] DEBUG:colcon.colcon_core.event_handler.log_command:Invoked command in '/home/ros2_ws/build/mfe_mapping' returned '0': CMAKE_PREFIX_PATH=${CMAKE_PREFIX_PATH}:/opt/ros/jazzy /usr/bin/cmake --build /home/ros2_ws/build/mfe_mapping -- -j8 -l8
[11.937s] DEBUG:colcon.colcon_core.event_handler.log_command:Invoked command in '/home/ros2_ws/build/articubot_one' returned '0': CMAKE_PREFIX_PATH=${CMAKE_PREFIX_PATH}:/opt/ros/jazzy /usr/bin/cmake /home/ros2_ws/ros2/src/articubot_one -DAMENT_CMAKE_SYMLINK_INSTALL=1 -DCMAKE_INSTALL_PREFIX=/home/ros2_ws/install/articubot_one
[11.947s] DEBUG:colcon.colcon_core.event_handler.log_command:Invoking command in '/home/ros2_ws/build/articubot_one': CMAKE_PREFIX_PATH=${CMAKE_PREFIX_PATH}:/opt/ros/jazzy /usr/bin/cmake --build /home/ros2_ws/build/articubot_one -- -j8 -l8
[11.952s] DEBUG:colcon.colcon_core.event_handler.log_command:Invoked command in '/home/ros2_ws/build/mfe' returned '0': CMAKE_PREFIX_PATH=${CMAKE_PREFIX_PATH}:/opt/ros/jazzy /usr/bin/cmake --build /home/ros2_ws/build/mfe -- -j8 -l8
[11.993s] DEBUG:colcon.colcon_core.event_handler.log_command:Invoked command in '/home/ros2_ws/build/mfe_bringup' returned '0': CMAKE_PREFIX_PATH=${CMAKE_PREFIX_PATH}:/opt/ros/jazzy /usr/bin/cmake --build /home/ros2_ws/build/mfe_bringup -- -j8 -l8
[12.005s] DEBUG:colcon.colcon_core.event_handler.log_command:Invoked command in '/home/ros2_ws/build/mfe_base' returned '0': CMAKE_PREFIX_PATH=${CMAKE_PREFIX_PATH}:/opt/ros/jazzy /usr/bin/cmake --build /home/ros2_ws/build/mfe_base -- -j8 -l8
[12.033s] DEBUG:colcon.colcon_core.event_handler.log_command:Invoked command in '/home/ros2_ws/build/mfe_navigation' returned '0': CMAKE_PREFIX_PATH=${CMAKE_PREFIX_PATH}:/opt/ros/jazzy /usr/bin/cmake --build /home/ros2_ws/build/mfe_navigation -- -j8 -l8
[12.168s] DEBUG:colcon.colcon_core.event_handler.log_command:Invoking command in '/home/ros2_ws/build/mfe_mapping': CMAKE_PREFIX_PATH=${CMAKE_PREFIX_PATH}:/opt/ros/jazzy /usr/bin/cmake --install /home/ros2_ws/build/mfe_mapping
[12.174s] DEBUG:colcon.colcon_core.event_handler.log_command:Invoking command in '/home/ros2_ws/build/mfe_bringup': CMAKE_PREFIX_PATH=${CMAKE_PREFIX_PATH}:/opt/ros/jazzy /usr/bin/cmake --install /home/ros2_ws/build/mfe_bringup
[12.176s] DEBUG:colcon.colcon_core.event_handler.log_command:Invoking command in '/home/ros2_ws/build/mfe': CMAKE_PREFIX_PATH=${CMAKE_PREFIX_PATH}:/opt/ros/jazzy /usr/bin/cmake --install /home/ros2_ws/build/mfe
[12.191s] DEBUG:colcon.colcon_core.event_handler.log_command:Invoking command in '/home/ros2_ws/build/mfe_base': CMAKE_PREFIX_PATH=${CMAKE_PREFIX_PATH}:/opt/ros/jazzy /usr/bin/cmake --install /home/ros2_ws/build/mfe_base
[12.198s] DEBUG:colcon.colcon_core.event_handler.log_command:Invoking command in '/home/ros2_ws/build/mfe_navigation': CMAKE_PREFIX_PATH=${CMAKE_PREFIX_PATH}:/opt/ros/jazzy /usr/bin/cmake --install /home/ros2_ws/build/mfe_navigation
[12.273s] DEBUG:colcon.colcon_core.event_handler.log_command:Invoked command in '/home/ros2_ws/build/articubot_one' returned '0': CMAKE_PREFIX_PATH=${CMAKE_PREFIX_PATH}:/opt/ros/jazzy /usr/bin/cmake --build /home/ros2_ws/build/articubot_one -- -j8 -l8
[12.436s] DEBUG:colcon.colcon_core.event_handler.log_command:Invoking command in '/home/ros2_ws/build/articubot_one': CMAKE_PREFIX_PATH=${CMAKE_PREFIX_PATH}:/opt/ros/jazzy /usr/bin/cmake --install /home/ros2_ws/build/articubot_one
[13.332s] Level 1:colcon.colcon_core.environment:create_environment_scripts_only(mfe_base)
[13.350s] DEBUG:colcon.colcon_core.event_handler.log_command:Invoked command in '/home/ros2_ws/build/mfe_base' returned '0': CMAKE_PREFIX_PATH=${CMAKE_PREFIX_PATH}:/opt/ros/jazzy /usr/bin/cmake --install /home/ros2_ws/build/mfe_base
[13.357s] Level 1:colcon.colcon_core.environment:checking '/home/ros2_ws/install/mfe_base' for CMake module files
[13.359s] Level 1:colcon.colcon_core.environment:checking '/home/ros2_ws/install/mfe_base' for CMake config files
[13.359s] Level 1:colcon.colcon_core.shell:create_environment_hook('mfe_base', 'cmake_prefix_path')
[13.360s] INFO:colcon.colcon_core.shell:Creating environment hook '/home/ros2_ws/install/mfe_base/share/mfe_base/hook/cmake_prefix_path.ps1'
[13.361s] INFO:colcon.colcon_core.shell:Creating environment descriptor '/home/ros2_ws/install/mfe_base/share/mfe_base/hook/cmake_prefix_path.dsv'
[13.362s] INFO:colcon.colcon_core.shell:Creating environment hook '/home/ros2_ws/install/mfe_base/share/mfe_base/hook/cmake_prefix_path.sh'
[13.364s] Level 1:colcon.colcon_core.environment:checking '/home/ros2_ws/install/mfe_base/bin'
[13.364s] Level 1:colcon.colcon_core.environment:checking '/home/ros2_ws/install/mfe_base/lib/pkgconfig/mfe_base.pc'
[13.367s] Level 1:colcon.colcon_core.environment:checking '/home/ros2_ws/install/mfe_base/lib/python3.12/site-packages'
[13.368s] Level 1:colcon.colcon_core.environment:checking '/home/ros2_ws/install/mfe_base/bin'
[13.368s] INFO:colcon.colcon_core.shell:Creating package script '/home/ros2_ws/install/mfe_base/share/mfe_base/package.ps1'
[13.369s] INFO:colcon.colcon_core.shell:Creating package descriptor '/home/ros2_ws/install/mfe_base/share/mfe_base/package.dsv'
[13.370s] INFO:colcon.colcon_core.shell:Creating package script '/home/ros2_ws/install/mfe_base/share/mfe_base/package.sh'
[13.370s] INFO:colcon.colcon_core.shell:Creating package script '/home/ros2_ws/install/mfe_base/share/mfe_base/package.bash'
[13.371s] INFO:colcon.colcon_core.shell:Creating package script '/home/ros2_ws/install/mfe_base/share/mfe_base/package.zsh'
[13.372s] Level 1:colcon.colcon_core.environment:create_file_with_runtime_dependencies(/home/ros2_ws/install/mfe_base/share/colcon-core/packages/mfe_base)
[13.375s] Level 1:colcon.colcon_core.environment:create_environment_scripts_only(mfe)
[13.376s] Level 1:colcon.colcon_core.environment:checking '/home/ros2_ws/install/mfe' for CMake module files
[13.378s] Level 1:colcon.colcon_core.environment:checking '/home/ros2_ws/install/mfe' for CMake config files
[13.379s] DEBUG:colcon.colcon_core.event_handler.log_command:Invoked command in '/home/ros2_ws/build/mfe' returned '0': CMAKE_PREFIX_PATH=${CMAKE_PREFIX_PATH}:/opt/ros/jazzy /usr/bin/cmake --install /home/ros2_ws/build/mfe
[13.380s] Level 1:colcon.colcon_core.shell:create_environment_hook('mfe', 'cmake_prefix_path')
[13.380s] INFO:colcon.colcon_core.shell:Creating environment hook '/home/ros2_ws/install/mfe/share/mfe/hook/cmake_prefix_path.ps1'
[13.381s] INFO:colcon.colcon_core.shell:Creating environment descriptor '/home/ros2_ws/install/mfe/share/mfe/hook/cmake_prefix_path.dsv'
[13.381s] INFO:colcon.colcon_core.shell:Creating environment hook '/home/ros2_ws/install/mfe/share/mfe/hook/cmake_prefix_path.sh'
[13.382s] Level 1:colcon.colcon_core.environment:checking '/home/ros2_ws/install/mfe/bin'
[13.382s] Level 1:colcon.colcon_core.environment:checking '/home/ros2_ws/install/mfe/lib/pkgconfig/mfe.pc'
[13.382s] Level 1:colcon.colcon_core.environment:checking '/home/ros2_ws/install/mfe/lib/python3.12/site-packages'
[13.383s] Level 1:colcon.colcon_core.environment:checking '/home/ros2_ws/install/mfe/bin'
[13.383s] INFO:colcon.colcon_core.shell:Creating package script '/home/ros2_ws/install/mfe/share/mfe/package.ps1'
[13.384s] INFO:colcon.colcon_core.shell:Creating package descriptor '/home/ros2_ws/install/mfe/share/mfe/package.dsv'
[13.385s] INFO:colcon.colcon_core.shell:Creating package script '/home/ros2_ws/install/mfe/share/mfe/package.sh'
[13.386s] INFO:colcon.colcon_core.shell:Creating package script '/home/ros2_ws/install/mfe/share/mfe/package.bash'
[13.386s] INFO:colcon.colcon_core.shell:Creating package script '/home/ros2_ws/install/mfe/share/mfe/package.zsh'
[13.386s] Level 1:colcon.colcon_core.environment:create_file_with_runtime_dependencies(/home/ros2_ws/install/mfe/share/colcon-core/packages/mfe)
[13.387s] Level 1:colcon.colcon_core.environment:create_environment_scripts_only(mfe_navigation)
[13.387s] Level 1:colcon.colcon_core.environment:checking '/home/ros2_ws/install/mfe_navigation' for CMake module files
[13.388s] DEBUG:colcon.colcon_core.event_handler.log_command:Invoked command in '/home/ros2_ws/build/mfe_navigation' returned '0': CMAKE_PREFIX_PATH=${CMAKE_PREFIX_PATH}:/opt/ros/jazzy /usr/bin/cmake --install /home/ros2_ws/build/mfe_navigation
[13.389s] Level 1:colcon.colcon_core.environment:checking '/home/ros2_ws/install/mfe_navigation' for CMake config files
[13.392s] Level 1:colcon.colcon_core.shell:create_environment_hook('mfe_navigation', 'cmake_prefix_path')
[13.392s] INFO:colcon.colcon_core.shell:Creating environment hook '/home/ros2_ws/install/mfe_navigation/share/mfe_navigation/hook/cmake_prefix_path.ps1'
[13.393s] INFO:colcon.colcon_core.shell:Creating environment descriptor '/home/ros2_ws/install/mfe_navigation/share/mfe_navigation/hook/cmake_prefix_path.dsv'
[13.395s] INFO:colcon.colcon_core.shell:Creating environment hook '/home/ros2_ws/install/mfe_navigation/share/mfe_navigation/hook/cmake_prefix_path.sh'
[13.398s] Level 1:colcon.colcon_core.environment:checking '/home/ros2_ws/install/mfe_navigation/bin'
[13.398s] Level 1:colcon.colcon_core.environment:checking '/home/ros2_ws/install/mfe_navigation/lib/pkgconfig/mfe_navigation.pc'
[13.398s] Level 1:colcon.colcon_core.environment:checking '/home/ros2_ws/install/mfe_navigation/lib/python3.12/site-packages'
[13.398s] Level 1:colcon.colcon_core.environment:checking '/home/ros2_ws/install/mfe_navigation/bin'
[13.398s] INFO:colcon.colcon_core.shell:Creating package script '/home/ros2_ws/install/mfe_navigation/share/mfe_navigation/package.ps1'
[13.399s] INFO:colcon.colcon_core.shell:Creating package descriptor '/home/ros2_ws/install/mfe_navigation/share/mfe_navigation/package.dsv'
[13.399s] INFO:colcon.colcon_core.shell:Creating package script '/home/ros2_ws/install/mfe_navigation/share/mfe_navigation/package.sh'
[13.400s] INFO:colcon.colcon_core.shell:Creating package script '/home/ros2_ws/install/mfe_navigation/share/mfe_navigation/package.bash'
[13.401s] INFO:colcon.colcon_core.shell:Creating package script '/home/ros2_ws/install/mfe_navigation/share/mfe_navigation/package.zsh'
[13.403s] Level 1:colcon.colcon_core.environment:create_file_with_runtime_dependencies(/home/ros2_ws/install/mfe_navigation/share/colcon-core/packages/mfe_navigation)
[13.406s] Level 1:colcon.colcon_core.environment:create_environment_scripts_only(mfe_mapping)
[13.406s] Level 1:colcon.colcon_core.environment:checking '/home/ros2_ws/install/mfe_mapping' for CMake module files
[13.407s] DEBUG:colcon.colcon_core.event_handler.log_command:Invoked command in '/home/ros2_ws/build/mfe_mapping' returned '0': CMAKE_PREFIX_PATH=${CMAKE_PREFIX_PATH}:/opt/ros/jazzy /usr/bin/cmake --install /home/ros2_ws/build/mfe_mapping
[13.408s] Level 1:colcon.colcon_core.environment:checking '/home/ros2_ws/install/mfe_mapping' for CMake config files
[13.408s] Level 1:colcon.colcon_core.shell:create_environment_hook('mfe_mapping', 'cmake_prefix_path')
[13.409s] INFO:colcon.colcon_core.shell:Creating environment hook '/home/ros2_ws/install/mfe_mapping/share/mfe_mapping/hook/cmake_prefix_path.ps1'
[13.409s] INFO:colcon.colcon_core.shell:Creating environment descriptor '/home/ros2_ws/install/mfe_mapping/share/mfe_mapping/hook/cmake_prefix_path.dsv'
[13.410s] INFO:colcon.colcon_core.shell:Creating environment hook '/home/ros2_ws/install/mfe_mapping/share/mfe_mapping/hook/cmake_prefix_path.sh'
[13.411s] Level 1:colcon.colcon_core.environment:checking '/home/ros2_ws/install/mfe_mapping/bin'
[13.411s] Level 1:colcon.colcon_core.environment:checking '/home/ros2_ws/install/mfe_mapping/lib/pkgconfig/mfe_mapping.pc'
[13.411s] Level 1:colcon.colcon_core.environment:checking '/home/ros2_ws/install/mfe_mapping/lib/python3.12/site-packages'
[13.412s] Level 1:colcon.colcon_core.environment:checking '/home/ros2_ws/install/mfe_mapping/bin'
[13.413s] INFO:colcon.colcon_core.shell:Creating package script '/home/ros2_ws/install/mfe_mapping/share/mfe_mapping/package.ps1'
[13.414s] INFO:colcon.colcon_core.shell:Creating package descriptor '/home/ros2_ws/install/mfe_mapping/share/mfe_mapping/package.dsv'
[13.414s] INFO:colcon.colcon_core.shell:Creating package script '/home/ros2_ws/install/mfe_mapping/share/mfe_mapping/package.sh'
[13.415s] INFO:colcon.colcon_core.shell:Creating package script '/home/ros2_ws/install/mfe_mapping/share/mfe_mapping/package.bash'
[13.415s] INFO:colcon.colcon_core.shell:Creating package script '/home/ros2_ws/install/mfe_mapping/share/mfe_mapping/package.zsh'
[13.416s] Level 1:colcon.colcon_core.environment:create_file_with_runtime_dependencies(/home/ros2_ws/install/mfe_mapping/share/colcon-core/packages/mfe_mapping)
[13.417s] Level 1:colcon.colcon_core.environment:create_environment_scripts_only(mfe_bringup)
[13.417s] Level 1:colcon.colcon_core.environment:checking '/home/ros2_ws/install/mfe_bringup' for CMake module files
[13.418s] DEBUG:colcon.colcon_core.event_handler.log_command:Invoked command in '/home/ros2_ws/build/mfe_bringup' returned '0': CMAKE_PREFIX_PATH=${CMAKE_PREFIX_PATH}:/opt/ros/jazzy /usr/bin/cmake --install /home/ros2_ws/build/mfe_bringup
[13.418s] Level 1:colcon.colcon_core.environment:checking '/home/ros2_ws/install/mfe_bringup' for CMake config files
[13.418s] Level 1:colcon.colcon_core.shell:create_environment_hook('mfe_bringup', 'cmake_prefix_path')
[13.419s] INFO:colcon.colcon_core.shell:Creating environment hook '/home/ros2_ws/install/mfe_bringup/share/mfe_bringup/hook/cmake_prefix_path.ps1'
[13.419s] INFO:colcon.colcon_core.shell:Creating environment descriptor '/home/ros2_ws/install/mfe_bringup/share/mfe_bringup/hook/cmake_prefix_path.dsv'
[13.419s] INFO:colcon.colcon_core.shell:Creating environment hook '/home/ros2_ws/install/mfe_bringup/share/mfe_bringup/hook/cmake_prefix_path.sh'
[13.420s] Level 1:colcon.colcon_core.environment:checking '/home/ros2_ws/install/mfe_bringup/bin'
[13.420s] Level 1:colcon.colcon_core.environment:checking '/home/ros2_ws/install/mfe_bringup/lib/pkgconfig/mfe_bringup.pc'
[13.420s] Level 1:colcon.colcon_core.environment:checking '/home/ros2_ws/install/mfe_bringup/lib/python3.12/site-packages'
[13.420s] Level 1:colcon.colcon_core.environment:checking '/home/ros2_ws/install/mfe_bringup/bin'
[13.421s] INFO:colcon.colcon_core.shell:Creating package script '/home/ros2_ws/install/mfe_bringup/share/mfe_bringup/package.ps1'
[13.421s] INFO:colcon.colcon_core.shell:Creating package descriptor '/home/ros2_ws/install/mfe_bringup/share/mfe_bringup/package.dsv'
[13.422s] INFO:colcon.colcon_core.shell:Creating package script '/home/ros2_ws/install/mfe_bringup/share/mfe_bringup/package.sh'
[13.423s] INFO:colcon.colcon_core.shell:Creating package script '/home/ros2_ws/install/mfe_bringup/share/mfe_bringup/package.bash'
[13.423s] INFO:colcon.colcon_core.shell:Creating package script '/home/ros2_ws/install/mfe_bringup/share/mfe_bringup/package.zsh'
[13.423s] Level 1:colcon.colcon_core.environment:create_file_with_runtime_dependencies(/home/ros2_ws/install/mfe_bringup/share/colcon-core/packages/mfe_bringup)
[13.426s] Level 1:colcon.colcon_core.environment:create_environment_scripts_only(mfe_base)
[13.426s] Level 1:colcon.colcon_core.environment:checking '/home/ros2_ws/install/mfe_base' for CMake module files
[13.428s] Level 1:colcon.colcon_core.environment:checking '/home/ros2_ws/install/mfe_base' for CMake config files
[13.428s] Level 1:colcon.colcon_core.shell:create_environment_hook('mfe_base', 'cmake_prefix_path')
[13.429s] INFO:colcon.colcon_core.shell:Creating environment hook '/home/ros2_ws/install/mfe_base/share/mfe_base/hook/cmake_prefix_path.ps1'
[13.429s] INFO:colcon.colcon_core.shell:Creating environment descriptor '/home/ros2_ws/install/mfe_base/share/mfe_base/hook/cmake_prefix_path.dsv'
[13.430s] INFO:colcon.colcon_core.shell:Creating environment hook '/home/ros2_ws/install/mfe_base/share/mfe_base/hook/cmake_prefix_path.sh'
[13.431s] Level 1:colcon.colcon_core.environment:checking '/home/ros2_ws/install/mfe_base/bin'
[13.431s] Level 1:colcon.colcon_core.environment:checking '/home/ros2_ws/install/mfe_base/lib/pkgconfig/mfe_base.pc'
[13.431s] Level 1:colcon.colcon_core.environment:checking '/home/ros2_ws/install/mfe_base/lib/python3.12/site-packages'
[13.432s] Level 1:colcon.colcon_core.environment:checking '/home/ros2_ws/install/mfe_base/bin'
[13.432s] INFO:colcon.colcon_core.shell:Creating package script '/home/ros2_ws/install/mfe_base/share/mfe_base/package.ps1'
[13.433s] INFO:colcon.colcon_core.shell:Creating package descriptor '/home/ros2_ws/install/mfe_base/share/mfe_base/package.dsv'
[13.434s] INFO:colcon.colcon_core.shell:Creating package script '/home/ros2_ws/install/mfe_base/share/mfe_base/package.sh'
[13.434s] INFO:colcon.colcon_core.shell:Creating package script '/home/ros2_ws/install/mfe_base/share/mfe_base/package.bash'
[13.435s] INFO:colcon.colcon_core.shell:Creating package script '/home/ros2_ws/install/mfe_base/share/mfe_base/package.zsh'
[13.435s] Level 1:colcon.colcon_core.environment:create_file_with_runtime_dependencies(/home/ros2_ws/install/mfe_base/share/colcon-core/packages/mfe_base)
[13.438s] Level 1:colcon.colcon_core.environment:create_environment_scripts_only(mfe)
[13.439s] Level 1:colcon.colcon_core.environment:checking '/home/ros2_ws/install/mfe' for CMake module files
[13.445s] Level 1:colcon.colcon_core.environment:checking '/home/ros2_ws/install/mfe' for CMake config files
[13.446s] Level 1:colcon.colcon_core.shell:create_environment_hook('mfe', 'cmake_prefix_path')
[13.447s] INFO:colcon.colcon_core.shell:Creating environment hook '/home/ros2_ws/install/mfe/share/mfe/hook/cmake_prefix_path.ps1'
[13.448s] INFO:colcon.colcon_core.shell:Creating environment descriptor '/home/ros2_ws/install/mfe/share/mfe/hook/cmake_prefix_path.dsv'
[13.449s] INFO:colcon.colcon_core.shell:Creating environment hook '/home/ros2_ws/install/mfe/share/mfe/hook/cmake_prefix_path.sh'
[13.450s] Level 1:colcon.colcon_core.environment:checking '/home/ros2_ws/install/mfe/bin'
[13.450s] Level 1:colcon.colcon_core.environment:checking '/home/ros2_ws/install/mfe/lib/pkgconfig/mfe.pc'
[13.450s] Level 1:colcon.colcon_core.environment:checking '/home/ros2_ws/install/mfe/lib/python3.12/site-packages'
[13.451s] Level 1:colcon.colcon_core.environment:checking '/home/ros2_ws/install/mfe/bin'
[13.451s] INFO:colcon.colcon_core.shell:Creating package script '/home/ros2_ws/install/mfe/share/mfe/package.ps1'
[13.452s] INFO:colcon.colcon_core.shell:Creating package descriptor '/home/ros2_ws/install/mfe/share/mfe/package.dsv'
[13.453s] INFO:colcon.colcon_core.shell:Creating package script '/home/ros2_ws/install/mfe/share/mfe/package.sh'
[13.454s] INFO:colcon.colcon_core.shell:Creating package script '/home/ros2_ws/install/mfe/share/mfe/package.bash'
[13.455s] INFO:colcon.colcon_core.shell:Creating package script '/home/ros2_ws/install/mfe/share/mfe/package.zsh'
[13.456s] Level 1:colcon.colcon_core.environment:create_file_with_runtime_dependencies(/home/ros2_ws/install/mfe/share/colcon-core/packages/mfe)
[13.456s] INFO:colcon.colcon_ros.task.ament_cmake.build:Building ROS package in '/home/ros2_ws/ros2/src/mfe_path_planning' with build type 'ament_cmake'
[13.456s] INFO:colcon.colcon_cmake.task.cmake.build:Building CMake package in '/home/ros2_ws/ros2/src/mfe_path_planning'
[13.457s] INFO:colcon.colcon_core.shell:Skip shell extension 'powershell' for command environment: Not usable outside of PowerShell
[13.457s] DEBUG:colcon.colcon_core.shell:Skip shell extension 'dsv' for command environment
[13.463s] INFO:colcon.colcon_ros.task.ament_cmake.build:Building ROS package in '/home/ros2_ws/ros2/src/mfe_simulation' with build type 'ament_cmake'
[13.463s] INFO:colcon.colcon_cmake.task.cmake.build:Building CMake package in '/home/ros2_ws/ros2/src/mfe_simulation'
[13.464s] INFO:colcon.colcon_core.shell:Skip shell extension 'powershell' for command environment: Not usable outside of PowerShell
[13.464s] DEBUG:colcon.colcon_core.shell:Skip shell extension 'dsv' for command environment
[13.468s] Level 1:colcon.colcon_core.environment:create_environment_scripts_only(mfe_navigation)
[13.469s] Level 1:colcon.colcon_core.environment:checking '/home/ros2_ws/install/mfe_navigation' for CMake module files
[13.469s] Level 1:colcon.colcon_core.environment:checking '/home/ros2_ws/install/mfe_navigation' for CMake config files
[13.470s] Level 1:colcon.colcon_core.shell:create_environment_hook('mfe_navigation', 'cmake_prefix_path')
[13.470s] INFO:colcon.colcon_core.shell:Creating environment hook '/home/ros2_ws/install/mfe_navigation/share/mfe_navigation/hook/cmake_prefix_path.ps1'
[13.471s] INFO:colcon.colcon_core.shell:Creating environment descriptor '/home/ros2_ws/install/mfe_navigation/share/mfe_navigation/hook/cmake_prefix_path.dsv'
[13.471s] INFO:colcon.colcon_core.shell:Creating environment hook '/home/ros2_ws/install/mfe_navigation/share/mfe_navigation/hook/cmake_prefix_path.sh'
[13.472s] Level 1:colcon.colcon_core.environment:checking '/home/ros2_ws/install/mfe_navigation/bin'
[13.472s] Level 1:colcon.colcon_core.environment:checking '/home/ros2_ws/install/mfe_navigation/lib/pkgconfig/mfe_navigation.pc'
[13.472s] Level 1:colcon.colcon_core.environment:checking '/home/ros2_ws/install/mfe_navigation/lib/python3.12/site-packages'
[13.472s] Level 1:colcon.colcon_core.environment:checking '/home/ros2_ws/install/mfe_navigation/bin'
[13.472s] INFO:colcon.colcon_core.shell:Creating package script '/home/ros2_ws/install/mfe_navigation/share/mfe_navigation/package.ps1'
[13.473s] INFO:colcon.colcon_core.shell:Creating package descriptor '/home/ros2_ws/install/mfe_navigation/share/mfe_navigation/package.dsv'
[13.473s] INFO:colcon.colcon_core.shell:Creating package script '/home/ros2_ws/install/mfe_navigation/share/mfe_navigation/package.sh'
[13.474s] INFO:colcon.colcon_core.shell:Creating package script '/home/ros2_ws/install/mfe_navigation/share/mfe_navigation/package.bash'
[13.474s] INFO:colcon.colcon_core.shell:Creating package script '/home/ros2_ws/install/mfe_navigation/share/mfe_navigation/package.zsh'
[13.475s] Level 1:colcon.colcon_core.environment:create_file_with_runtime_dependencies(/home/ros2_ws/install/mfe_navigation/share/colcon-core/packages/mfe_navigation)
[13.475s] INFO:colcon.colcon_ros.task.ament_cmake.build:Building ROS package in '/home/ros2_ws/ros2/src/mfe_perception/state_estimation' with build type 'ament_cmake'
[13.476s] INFO:colcon.colcon_cmake.task.cmake.build:Building CMake package in '/home/ros2_ws/ros2/src/mfe_perception/state_estimation'
[13.476s] INFO:colcon.colcon_core.shell:Skip shell extension 'powershell' for command environment: Not usable outside of PowerShell
[13.476s] DEBUG:colcon.colcon_core.shell:Skip shell extension 'dsv' for command environment
[13.482s] Level 1:colcon.colcon_core.environment:create_environment_scripts_only(mfe_mapping)
[13.482s] Level 1:colcon.colcon_core.environment:checking '/home/ros2_ws/install/mfe_mapping' for CMake module files
[13.483s] Level 1:colcon.colcon_core.environment:checking '/home/ros2_ws/install/mfe_mapping' for CMake config files
[13.483s] Level 1:colcon.colcon_core.shell:create_environment_hook('mfe_mapping', 'cmake_prefix_path')
[13.483s] INFO:colcon.colcon_core.shell:Creating environment hook '/home/ros2_ws/install/mfe_mapping/share/mfe_mapping/hook/cmake_prefix_path.ps1'
[13.484s] INFO:colcon.colcon_core.shell:Creating environment descriptor '/home/ros2_ws/install/mfe_mapping/share/mfe_mapping/hook/cmake_prefix_path.dsv'
[13.484s] INFO:colcon.colcon_core.shell:Creating environment hook '/home/ros2_ws/install/mfe_mapping/share/mfe_mapping/hook/cmake_prefix_path.sh'
[13.485s] Level 1:colcon.colcon_core.environment:checking '/home/ros2_ws/install/mfe_mapping/bin'
[13.485s] Level 1:colcon.colcon_core.environment:checking '/home/ros2_ws/install/mfe_mapping/lib/pkgconfig/mfe_mapping.pc'
[13.486s] Level 1:colcon.colcon_core.environment:checking '/home/ros2_ws/install/mfe_mapping/lib/python3.12/site-packages'
[13.486s] Level 1:colcon.colcon_core.environment:checking '/home/ros2_ws/install/mfe_mapping/bin'
[13.487s] INFO:colcon.colcon_core.shell:Creating package script '/home/ros2_ws/install/mfe_mapping/share/mfe_mapping/package.ps1'
[13.487s] INFO:colcon.colcon_core.shell:Creating package descriptor '/home/ros2_ws/install/mfe_mapping/share/mfe_mapping/package.dsv'
[13.488s] INFO:colcon.colcon_core.shell:Creating package script '/home/ros2_ws/install/mfe_mapping/share/mfe_mapping/package.sh'
[13.489s] INFO:colcon.colcon_core.shell:Creating package script '/home/ros2_ws/install/mfe_mapping/share/mfe_mapping/package.bash'
[13.489s] INFO:colcon.colcon_core.shell:Creating package script '/home/ros2_ws/install/mfe_mapping/share/mfe_mapping/package.zsh'
[13.490s] Level 1:colcon.colcon_core.environment:create_file_with_runtime_dependencies(/home/ros2_ws/install/mfe_mapping/share/colcon-core/packages/mfe_mapping)
[13.490s] Level 1:colcon.colcon_core.environment:create_environment_scripts_only(mfe_bringup)
[13.491s] Level 1:colcon.colcon_core.environment:checking '/home/ros2_ws/install/mfe_bringup' for CMake module files
[13.492s] Level 1:colcon.colcon_core.environment:checking '/home/ros2_ws/install/mfe_bringup' for CMake config files
[13.493s] Level 1:colcon.colcon_core.shell:create_environment_hook('mfe_bringup', 'cmake_prefix_path')
[13.494s] INFO:colcon.colcon_core.shell:Creating environment hook '/home/ros2_ws/install/mfe_bringup/share/mfe_bringup/hook/cmake_prefix_path.ps1'
[13.494s] INFO:colcon.colcon_core.shell:Creating environment descriptor '/home/ros2_ws/install/mfe_bringup/share/mfe_bringup/hook/cmake_prefix_path.dsv'
[13.495s] INFO:colcon.colcon_core.shell:Creating environment hook '/home/ros2_ws/install/mfe_bringup/share/mfe_bringup/hook/cmake_prefix_path.sh'
[13.495s] Level 1:colcon.colcon_core.environment:checking '/home/ros2_ws/install/mfe_bringup/bin'
[13.495s] Level 1:colcon.colcon_core.environment:checking '/home/ros2_ws/install/mfe_bringup/lib/pkgconfig/mfe_bringup.pc'
[13.496s] Level 1:colcon.colcon_core.environment:checking '/home/ros2_ws/install/mfe_bringup/lib/python3.12/site-packages'
[13.496s] Level 1:colcon.colcon_core.environment:checking '/home/ros2_ws/install/mfe_bringup/bin'
[13.496s] INFO:colcon.colcon_core.shell:Creating package script '/home/ros2_ws/install/mfe_bringup/share/mfe_bringup/package.ps1'
[13.497s] INFO:colcon.colcon_core.shell:Creating package descriptor '/home/ros2_ws/install/mfe_bringup/share/mfe_bringup/package.dsv'
[13.497s] INFO:colcon.colcon_core.shell:Creating package script '/home/ros2_ws/install/mfe_bringup/share/mfe_bringup/package.sh'
[13.498s] INFO:colcon.colcon_core.shell:Creating package script '/home/ros2_ws/install/mfe_bringup/share/mfe_bringup/package.bash'
[13.498s] INFO:colcon.colcon_core.shell:Creating package script '/home/ros2_ws/install/mfe_bringup/share/mfe_bringup/package.zsh'
[13.499s] Level 1:colcon.colcon_core.environment:create_file_with_runtime_dependencies(/home/ros2_ws/install/mfe_bringup/share/colcon-core/packages/mfe_bringup)
[13.503s] INFO:colcon.colcon_ros.task.ament_cmake.build:Building ROS package in '/home/ros2_ws/ros2/src/mfe_perception/vision_cone_detector' with build type 'ament_cmake'
[13.503s] INFO:colcon.colcon_cmake.task.cmake.build:Building CMake package in '/home/ros2_ws/ros2/src/mfe_perception/vision_cone_detector'
[13.503s] INFO:colcon.colcon_core.shell:Skip shell extension 'powershell' for command environment: Not usable outside of PowerShell
[13.503s] DEBUG:colcon.colcon_core.shell:Skip shell extension 'dsv' for command environment
[13.504s] DEBUG:colcon.colcon_core.event_handler.log_command:Invoking command in '/home/ros2_ws/build/mfe_path_planning': CMAKE_PREFIX_PATH=${CMAKE_PREFIX_PATH}:/opt/ros/jazzy /usr/bin/cmake /home/ros2_ws/ros2/src/mfe_path_planning -DAMENT_CMAKE_SYMLINK_INSTALL=1 -DCMAKE_INSTALL_PREFIX=/home/ros2_ws/install/mfe_path_planning
[13.516s] DEBUG:colcon.colcon_core.event_handler.log_command:Invoking command in '/home/ros2_ws/build/mfe_simulation': CMAKE_PREFIX_PATH=${CMAKE_PREFIX_PATH}:/opt/ros/jazzy /usr/bin/cmake /home/ros2_ws/ros2/src/mfe_simulation -DAMENT_CMAKE_SYMLINK_INSTALL=1 -DCMAKE_INSTALL_PREFIX=/home/ros2_ws/install/mfe_simulation
[13.528s] DEBUG:colcon.colcon_core.event_handler.log_command:Invoking command in '/home/ros2_ws/build/state_estimation': CMAKE_PREFIX_PATH=${CMAKE_PREFIX_PATH}:/opt/ros/jazzy /usr/bin/cmake /home/ros2_ws/ros2/src/mfe_perception/state_estimation -DAMENT_CMAKE_SYMLINK_INSTALL=1 -DCMAKE_INSTALL_PREFIX=/home/ros2_ws/install/state_estimation
[13.532s] DEBUG:colcon.colcon_core.event_handler.log_command:Invoking command in '/home/ros2_ws/build/vision_cone_detector': CMAKE_PREFIX_PATH=${CMAKE_PREFIX_PATH}:/opt/ros/jazzy /usr/bin/cmake /home/ros2_ws/ros2/src/mfe_perception/vision_cone_detector -DAMENT_CMAKE_SYMLINK_INSTALL=1 -DCMAKE_INSTALL_PREFIX=/home/ros2_ws/install/vision_cone_detector
[15.378s] Level 1:colcon.colcon_core.environment:create_environment_scripts_only(articubot_one)
[15.380s] Level 1:colcon.colcon_core.environment:checking '/home/ros2_ws/install/articubot_one' for CMake module files
[15.386s] Level 1:colcon.colcon_core.environment:checking '/home/ros2_ws/install/articubot_one' for CMake config files
[15.389s] DEBUG:colcon.colcon_core.event_handler.log_command:Invoked command in '/home/ros2_ws/build/articubot_one' returned '0': CMAKE_PREFIX_PATH=${CMAKE_PREFIX_PATH}:/opt/ros/jazzy /usr/bin/cmake --install /home/ros2_ws/build/articubot_one
[15.407s] Level 1:colcon.colcon_core.shell:create_environment_hook('articubot_one', 'cmake_prefix_path')
[15.408s] INFO:colcon.colcon_core.shell:Creating environment hook '/home/ros2_ws/install/articubot_one/share/articubot_one/hook/cmake_prefix_path.ps1'
[15.409s] INFO:colcon.colcon_core.shell:Creating environment descriptor '/home/ros2_ws/install/articubot_one/share/articubot_one/hook/cmake_prefix_path.dsv'
[15.410s] INFO:colcon.colcon_core.shell:Creating environment hook '/home/ros2_ws/install/articubot_one/share/articubot_one/hook/cmake_prefix_path.sh'
[15.411s] Level 1:colcon.colcon_core.environment:checking '/home/ros2_ws/install/articubot_one/bin'
[15.411s] Level 1:colcon.colcon_core.environment:checking '/home/ros2_ws/install/articubot_one/lib/pkgconfig/articubot_one.pc'
[15.412s] Level 1:colcon.colcon_core.environment:checking '/home/ros2_ws/install/articubot_one/lib/python3.12/site-packages'
[15.412s] Level 1:colcon.colcon_core.environment:checking '/home/ros2_ws/install/articubot_one/bin'
[15.412s] INFO:colcon.colcon_core.shell:Creating package script '/home/ros2_ws/install/articubot_one/share/articubot_one/package.ps1'
[15.413s] INFO:colcon.colcon_core.shell:Creating package descriptor '/home/ros2_ws/install/articubot_one/share/articubot_one/package.dsv'
[15.414s] INFO:colcon.colcon_core.shell:Creating package script '/home/ros2_ws/install/articubot_one/share/articubot_one/package.sh'
[15.414s] INFO:colcon.colcon_core.shell:Creating package script '/home/ros2_ws/install/articubot_one/share/articubot_one/package.bash'
[15.415s] INFO:colcon.colcon_core.shell:Creating package script '/home/ros2_ws/install/articubot_one/share/articubot_one/package.zsh'
[15.416s] Level 1:colcon.colcon_core.environment:create_file_with_runtime_dependencies(/home/ros2_ws/install/articubot_one/share/colcon-core/packages/articubot_one)
[15.554s] Level 1:colcon.colcon_core.environment:create_environment_scripts_only(articubot_one)
[15.556s] Level 1:colcon.colcon_core.environment:checking '/home/ros2_ws/install/articubot_one' for CMake module files
[15.564s] Level 1:colcon.colcon_core.environment:checking '/home/ros2_ws/install/articubot_one' for CMake config files
[15.569s] Level 1:colcon.colcon_core.shell:create_environment_hook('articubot_one', 'cmake_prefix_path')
[15.570s] INFO:colcon.colcon_core.shell:Creating environment hook '/home/ros2_ws/install/articubot_one/share/articubot_one/hook/cmake_prefix_path.ps1'
[15.574s] INFO:colcon.colcon_core.shell:Creating environment descriptor '/home/ros2_ws/install/articubot_one/share/articubot_one/hook/cmake_prefix_path.dsv'
[15.577s] INFO:colcon.colcon_core.shell:Creating environment hook '/home/ros2_ws/install/articubot_one/share/articubot_one/hook/cmake_prefix_path.sh'
[15.583s] Level 1:colcon.colcon_core.environment:checking '/home/ros2_ws/install/articubot_one/bin'
[15.583s] Level 1:colcon.colcon_core.environment:checking '/home/ros2_ws/install/articubot_one/lib/pkgconfig/articubot_one.pc'
[15.586s] Level 1:colcon.colcon_core.environment:checking '/home/ros2_ws/install/articubot_one/lib/python3.12/site-packages'
[15.589s] Level 1:colcon.colcon_core.environment:checking '/home/ros2_ws/install/articubot_one/bin'
[15.591s] INFO:colcon.colcon_core.shell:Creating package script '/home/ros2_ws/install/articubot_one/share/articubot_one/package.ps1'
[15.595s] INFO:colcon.colcon_core.shell:Creating package descriptor '/home/ros2_ws/install/articubot_one/share/articubot_one/package.dsv'
[15.599s] INFO:colcon.colcon_core.shell:Creating package script '/home/ros2_ws/install/articubot_one/share/articubot_one/package.sh'
[15.605s] INFO:colcon.colcon_core.shell:Creating package script '/home/ros2_ws/install/articubot_one/share/articubot_one/package.bash'
[15.608s] INFO:colcon.colcon_core.shell:Creating package script '/home/ros2_ws/install/articubot_one/share/articubot_one/package.zsh'
[15.610s] Level 1:colcon.colcon_core.environment:create_file_with_runtime_dependencies(/home/ros2_ws/install/articubot_one/share/colcon-core/packages/articubot_one)
[16.571s] DEBUG:colcon.colcon_core.event_handler.log_command:Invoked command in '/home/ros2_ws/build/mfe_msgs' returned '1': CMAKE_PREFIX_PATH=${CMAKE_PREFIX_PATH}:/opt/ros/jazzy /usr/bin/cmake /home/ros2_ws/ros2/src/mfe_msgs -DAMENT_CMAKE_SYMLINK_INSTALL=1 -DCMAKE_INSTALL_PREFIX=/home/ros2_ws/install/mfe_msgs
[16.620s] Level 1:colcon.colcon_core.environment:create_environment_scripts_only(mfe_msgs)
[16.622s] Level 1:colcon.colcon_core.environment:checking '/home/ros2_ws/install/mfe_msgs' for CMake module files
[16.626s] Level 1:colcon.colcon_core.environment:checking '/home/ros2_ws/install/mfe_msgs' for CMake config files
[16.628s] Level 1:colcon.colcon_core.environment:checking '/home/ros2_ws/install/mfe_msgs/bin'
[16.628s] Level 1:colcon.colcon_core.environment:checking '/home/ros2_ws/install/mfe_msgs/lib/pkgconfig/mfe_msgs.pc'
[16.631s] Level 1:colcon.colcon_core.environment:checking '/home/ros2_ws/install/mfe_msgs/lib/python3.12/site-packages'
[16.634s] Level 1:colcon.colcon_core.environment:checking '/home/ros2_ws/install/mfe_msgs/bin'
[16.636s] INFO:colcon.colcon_core.shell:Creating package script '/home/ros2_ws/install/mfe_msgs/share/mfe_msgs/package.ps1'
[16.637s] INFO:colcon.colcon_core.shell:Creating package descriptor '/home/ros2_ws/install/mfe_msgs/share/mfe_msgs/package.dsv'
[16.638s] INFO:colcon.colcon_core.shell:Creating package script '/home/ros2_ws/install/mfe_msgs/share/mfe_msgs/package.sh'
[16.639s] INFO:colcon.colcon_core.shell:Creating package script '/home/ros2_ws/install/mfe_msgs/share/mfe_msgs/package.bash'
[16.639s] INFO:colcon.colcon_core.shell:Creating package script '/home/ros2_ws/install/mfe_msgs/share/mfe_msgs/package.zsh'
[16.641s] Level 1:colcon.colcon_core.environment:create_file_with_runtime_dependencies(/home/ros2_ws/install/mfe_msgs/share/colcon-core/packages/mfe_msgs)
[19.217s] DEBUG:colcon.colcon_parallel_executor.executor.parallel:closing loop
[19.218s] DEBUG:colcon.colcon_parallel_executor.executor.parallel:loop closed
[19.218s] DEBUG:colcon.colcon_parallel_executor.executor.parallel:run_until_complete finished with '1'
[19.218s] DEBUG:colcon.colcon_core.event_reactor:joining thread
[19.316s] INFO:colcon.colcon_core.plugin_system:Skipping extension 'colcon_notification.desktop_notification.notify_send': Could not find 'notify-send'
[19.316s] INFO:colcon.colcon_core.plugin_system:Skipping extension 'colcon_notification.desktop_notification.terminal_notifier': Not used on non-Darwin systems
[19.316s] INFO:colcon.colcon_core.plugin_system:Skipping extension 'colcon_notification.desktop_notification.win32': Not used on non-Windows systems
[19.316s] INFO:colcon.colcon_notification.desktop_notification:Sending desktop notification using 'notify2'
[19.333s] DEBUG:colcon.colcon_notification.desktop_notification.notify2:Failed to initialize notify2: org.freedesktop.DBus.Error.InvalidFileContent: D-Bus library appears to be incorrectly set up: see the manual page for dbus-uuidgen to correct this issue. (Failed to open "/var/lib/dbus/machine-id": No such file or directory; UUID file '/etc/machine-id' should contain a hex string of length 32, not length 0, with no other text)
[19.334s] DEBUG:colcon.colcon_core.event_reactor:joined thread
[19.334s] INFO:colcon.colcon_core.shell:Creating prefix script '/home/ros2_ws/install/local_setup.ps1'
[19.335s] INFO:colcon.colcon_core.shell:Creating prefix util module '/home/ros2_ws/install/_local_setup_util_ps1.py'
[19.347s] INFO:colcon.colcon_core.shell:Creating prefix chain script '/home/ros2_ws/install/setup.ps1'
[19.348s] INFO:colcon.colcon_core.shell:Creating prefix script '/home/ros2_ws/install/local_setup.sh'
[19.349s] INFO:colcon.colcon_core.shell:Creating prefix util module '/home/ros2_ws/install/_local_setup_util_sh.py'
[19.349s] INFO:colcon.colcon_core.shell:Creating prefix chain script '/home/ros2_ws/install/setup.sh'
[19.351s] INFO:colcon.colcon_core.shell:Creating prefix script '/home/ros2_ws/install/local_setup.bash'
[19.352s] INFO:colcon.colcon_core.shell:Creating prefix chain script '/home/ros2_ws/install/setup.bash'
[19.353s] INFO:colcon.colcon_core.shell:Creating prefix script '/home/ros2_ws/install/local_setup.zsh'
[19.369s] INFO:colcon.colcon_core.shell:Creating prefix chain script '/home/ros2_ws/install/setup.zsh'
