[0.060s] Invoking command in '/home/ros2_ws/build/state_estimation': /usr/bin/cmake --build /home/ros2_ws/build/state_estimation -- -j8 -l8
[0.204s] Invoked command in '/home/ros2_ws/build/state_estimation' returned '0': /usr/bin/cmake --build /home/ros2_ws/build/state_estimation -- -j8 -l8
[0.236s] Invoking command in '/home/ros2_ws/build/state_estimation': /usr/bin/cmake --install /home/ros2_ws/build/state_estimation
[0.253s] -- Install configuration: ""
[0.291s] -- Execute custom install script
[0.292s] -- Up-to-date symlink: /home/ros2_ws/install/state_estimation/share/ament_index/resource_index/package_run_dependencies/state_estimation
[0.292s] -- Up-to-date symlink: /home/ros2_ws/install/state_estimation/share/ament_index/resource_index/parent_prefix_path/state_estimation
[0.293s] -- Up-to-date symlink: /home/ros2_ws/install/state_estimation/share/state_estimation/environment/ament_prefix_path.sh
[0.294s] -- Up-to-date symlink: /home/ros2_ws/install/state_estimation/share/state_estimation/environment/ament_prefix_path.dsv
[0.294s] -- Up-to-date symlink: /home/ros2_ws/install/state_estimation/share/state_estimation/environment/path.sh
[0.294s] -- Up-to-date symlink: /home/ros2_ws/install/state_estimation/share/state_estimation/environment/path.dsv
[0.295s] -- Up-to-date symlink: /home/ros2_ws/install/state_estimation/share/state_estimation/local_setup.bash
[0.295s] -- Up-to-date symlink: /home/ros2_ws/install/state_estimation/share/state_estimation/local_setup.sh
[0.296s] -- Up-to-date symlink: /home/ros2_ws/install/state_estimation/share/state_estimation/local_setup.zsh
[0.296s] -- Up-to-date symlink: /home/ros2_ws/install/state_estimation/share/state_estimation/local_setup.dsv
[0.297s] -- Symlinking: /home/ros2_ws/install/state_estimation/share/state_estimation/package.dsv
[0.312s] -- Up-to-date symlink: /home/ros2_ws/install/state_estimation/share/ament_index/resource_index/packages/state_estimation
[0.312s] -- Up-to-date symlink: /home/ros2_ws/install/state_estimation/share/state_estimation/cmake/state_estimationConfig.cmake
[0.312s] -- Up-to-date symlink: /home/ros2_ws/install/state_estimation/share/state_estimation/cmake/state_estimationConfig-version.cmake
[0.314s] -- Up-to-date symlink: /home/ros2_ws/install/state_estimation/share/state_estimation/package.xml
